05-30-2024 23:34:24 [Domain Single Process Thread] ERROR mil.arl.gift.domain.DomainModule - Caught an exception while starting file server
java.lang.IllegalArgumentException: file:///D:/GIFT-SVN/GIFT/../Training.Apps/WrapResources is not an existing directory.
	at org.eclipse.jetty.util.resource.ResourceCollection.assertResourceValid(ResourceCollection.java:516) ~[jetty-util-9.4.41.v20210516.jar:9.4.41.v20210516]
	at org.eclipse.jetty.util.resource.ResourceCollection.<init>(ResourceCollection.java:111) ~[jetty-util-9.4.41.v20210516.jar:9.4.41.v20210516]
	at mil.arl.gift.domain.DomainModule.startFileServer(DomainModule.java:4704) [gift-domain.jar:?]
	at mil.arl.gift.domain.DomainModule.init(DomainModule.java:427) [gift-domain.jar:?]
	at mil.arl.gift.domain.DomainModule.getInstance(DomainModule.java:296) [gift-domain.jar:?]
	at mil.arl.gift.domain.DomainModule.main(DomainModule.java:5029) [gift-domain.jar:?]
	at jdk.internal.reflect.NativeMethodAccessorImpl.invoke0(Native Method) ~[?:?]
	at jdk.internal.reflect.NativeMethodAccessorImpl.invoke(NativeMethodAccessorImpl.java:62) ~[?:?]
	at jdk.internal.reflect.DelegatingMethodAccessorImpl.invoke(DelegatingMethodAccessorImpl.java:43) ~[?:?]
	at java.lang.reflect.Method.invoke(Method.java:566) ~[?:?]
	at mil.arl.gift.tools.spl.SingleProcessLauncher$20.run(SingleProcessLauncher.java:842) [gift-spl.jar:?]
05-30-2024 23:35:44 [Kill Module] ERROR mil.arl.gift.net.api.MessageClient - Failed to destroy the destination of 'Domain_Queue_10.203.43.114'.
mil.arl.gift.common.io.DetailedException: Failed to invoke the 'removeQueue' operation on 'Domain_Queue_10.203.43.114' through JMX connection.  Does that destination exist? Check the ActiveMQ Console (e.g. http://localhost:8161/admin/index.jsp). The error reads:
org.apache.activemq:BrokerName=localhost,Type=Broker
	at mil.arl.gift.net.api.MessageClient.attemptDestroy(MessageClient.java:446) ~[gift-common.jar:?]
	at mil.arl.gift.net.api.MessageClient.attemptDestroy(MessageClient.java:497) ~[gift-common.jar:?]
	at mil.arl.gift.net.api.MessageClient.terminateConnection(MessageClient.java:1010) [gift-common.jar:?]
	at mil.arl.gift.net.api.MessageClient.disconnect(MessageClient.java:876) [gift-common.jar:?]
	at mil.arl.gift.net.api.NetworkSession.cleanup(NetworkSession.java:3199) [gift-common.jar:?]
	at mil.arl.gift.common.module.AbstractModule.cleanup(AbstractModule.java:1124) [gift-common.jar:?]
	at mil.arl.gift.domain.DomainModule.cleanup(DomainModule.java:4619) [gift-domain.jar:?]
	at mil.arl.gift.common.module.AbstractModule.killModule(AbstractModule.java:1087) [gift-common.jar:?]
	at mil.arl.gift.domain.DomainModule$12.run(DomainModule.java:1862) [gift-domain.jar:?]
Caused by: javax.management.InstanceNotFoundException: org.apache.activemq:BrokerName=localhost,Type=Broker
	at com.sun.jmx.interceptor.DefaultMBeanServerInterceptor.getMBean(DefaultMBeanServerInterceptor.java:1083) ~[?:?]
	at com.sun.jmx.interceptor.DefaultMBeanServerInterceptor.getClassLoaderFor(DefaultMBeanServerInterceptor.java:1421) ~[?:?]
	at com.sun.jmx.mbeanserver.JmxMBeanServer.getClassLoaderFor(JmxMBeanServer.java:1322) ~[?:?]
	at javax.management.remote.rmi.RMIConnectionImpl$6.run(RMIConnectionImpl.java:1363) ~[?:?]
	at java.security.AccessController.doPrivileged(Native Method) ~[?:?]
	at javax.management.remote.rmi.RMIConnectionImpl.getClassLoaderFor(RMIConnectionImpl.java:1360) ~[?:?]
	at javax.management.remote.rmi.RMIConnectionImpl.invoke(RMIConnectionImpl.java:811) ~[?:?]
	at jdk.internal.reflect.NativeMethodAccessorImpl.invoke0(Native Method) ~[?:?]
	at jdk.internal.reflect.NativeMethodAccessorImpl.invoke(NativeMethodAccessorImpl.java:62) ~[?:?]
	at jdk.internal.reflect.DelegatingMethodAccessorImpl.invoke(DelegatingMethodAccessorImpl.java:43) ~[?:?]
	at java.lang.reflect.Method.invoke(Method.java:566) ~[?:?]
	at sun.rmi.server.UnicastServerRef.dispatch(UnicastServerRef.java:359) ~[?:?]
	at sun.rmi.transport.Transport$1.run(Transport.java:200) ~[?:?]
	at sun.rmi.transport.Transport$1.run(Transport.java:197) ~[?:?]
	at java.security.AccessController.doPrivileged(Native Method) ~[?:?]
	at sun.rmi.transport.Transport.serviceCall(Transport.java:196) ~[?:?]
	at sun.rmi.transport.tcp.TCPTransport.handleMessages(TCPTransport.java:562) ~[?:?]
	at sun.rmi.transport.tcp.TCPTransport$ConnectionHandler.run0(TCPTransport.java:796) ~[?:?]
	at sun.rmi.transport.tcp.TCPTransport$ConnectionHandler.lambda$run$0(TCPTransport.java:677) ~[?:?]
	at java.security.AccessController.doPrivileged(Native Method) ~[?:?]
	at sun.rmi.transport.tcp.TCPTransport$ConnectionHandler.run(TCPTransport.java:676) ~[?:?]
	at java.util.concurrent.ThreadPoolExecutor.runWorker(ThreadPoolExecutor.java:1128) ~[?:?]
	at java.util.concurrent.ThreadPoolExecutor$Worker.run(ThreadPoolExecutor.java:628) ~[?:?]
	at java.lang.Thread.run(Thread.java:834) ~[?:?]
	at sun.rmi.transport.StreamRemoteCall.exceptionReceivedFromServer(StreamRemoteCall.java:283) ~[?:?]
	at sun.rmi.transport.StreamRemoteCall.executeCall(StreamRemoteCall.java:260) ~[?:?]
	at sun.rmi.server.UnicastRef.invoke(UnicastRef.java:161) ~[?:?]
	at jdk.jmx.remote.internal.rmi.PRef.invoke(Unknown Source) ~[?:?]
	at javax.management.remote.rmi.RMIConnectionImpl_Stub.invoke(Unknown Source) ~[?:?]
	at javax.management.remote.rmi.RMIConnector$RemoteMBeanServerConnection.invoke(RMIConnector.java:1021) ~[?:?]
	at mil.arl.gift.net.api.MessageClient.attemptDestroy(MessageClient.java:423) ~[gift-common.jar:?]
	... 8 more
