05-30-2024 21:41:12 [ActiveMQ Connection Executor: tcp://localhost/127.0.0.1:61617@59570] WARN  mil.arl.gift.net.api.MessageClient - Message client for subject 'Domain_Queue_10.203.43.114' caught JMSExcepion, attempting to reconnect.
javax.jms.JMSException: java.io.EOFException
	at org.apache.activemq.util.JMSExceptionSupport.create(JMSExceptionSupport.java:67) ~[activemq-all-5.18.3.jar:5.18.3]
	at org.apache.activemq.ActiveMQConnection.onAsyncException(ActiveMQConnection.java:2033) ~[activemq-all-5.18.3.jar:5.18.3]
	at org.apache.activemq.ActiveMQConnection.onException(ActiveMQConnection.java:2052) ~[activemq-all-5.18.3.jar:5.18.3]
	at org.apache.activemq.transport.TransportFilter.onException(TransportFilter.java:114) ~[activemq-all-5.18.3.jar:5.18.3]
	at org.apache.activemq.transport.ResponseCorrelator.onException(ResponseCorrelator.java:126) ~[activemq-all-5.18.3.jar:5.18.3]
	at org.apache.activemq.transport.TransportFilter.onException(TransportFilter.java:114) ~[activemq-all-5.18.3.jar:5.18.3]
	at org.apache.activemq.transport.TransportFilter.onException(TransportFilter.java:114) ~[activemq-all-5.18.3.jar:5.18.3]
	at org.apache.activemq.transport.WireFormatNegotiator.onException(WireFormatNegotiator.java:173) ~[activemq-all-5.18.3.jar:5.18.3]
	at org.apache.activemq.transport.AbstractInactivityMonitor.onException(AbstractInactivityMonitor.java:346) ~[activemq-all-5.18.3.jar:5.18.3]
	at org.apache.activemq.transport.TransportSupport.onException(TransportSupport.java:96) ~[activemq-all-5.18.3.jar:5.18.3]
	at org.apache.activemq.transport.tcp.TcpTransport.run(TcpTransport.java:219) ~[activemq-all-5.18.3.jar:5.18.3]
	at java.lang.Thread.run(Thread.java:834) [?:?]
Caused by: java.io.EOFException
	at java.io.DataInputStream.readInt(DataInputStream.java:397) ~[?:?]
	at org.apache.activemq.openwire.OpenWireFormat.unmarshal(OpenWireFormat.java:280) ~[activemq-all-5.18.3.jar:5.18.3]
	at org.apache.activemq.transport.tcp.TcpTransport.readCommand(TcpTransport.java:240) ~[activemq-all-5.18.3.jar:5.18.3]
	at org.apache.activemq.transport.tcp.TcpTransport.doRun(TcpTransport.java:232) ~[activemq-all-5.18.3.jar:5.18.3]
	at org.apache.activemq.transport.tcp.TcpTransport.run(TcpTransport.java:215) ~[activemq-all-5.18.3.jar:5.18.3]
	... 1 more
05-30-2024 21:41:12 [Domain_Queue_10.203.43.114_Reconnect_Thread] WARN  mil.arl.gift.net.api.MessageClient - Caught JMSException for an inactive message client (hence why this is a warning and not an error) while disconnecting the message client message producer
05-30-2024 21:41:12 [ActiveMQ Connection Executor: tcp://localhost/127.0.0.1:61617@59573] WARN  mil.arl.gift.net.api.MessageClient - Message client for subject 'UMS_Discovery_Topic' caught JMSExcepion, attempting to reconnect.
javax.jms.JMSException: java.io.EOFException
	at org.apache.activemq.util.JMSExceptionSupport.create(JMSExceptionSupport.java:67) ~[activemq-all-5.18.3.jar:5.18.3]
	at org.apache.activemq.ActiveMQConnection.onAsyncException(ActiveMQConnection.java:2033) ~[activemq-all-5.18.3.jar:5.18.3]
	at org.apache.activemq.ActiveMQConnection.onException(ActiveMQConnection.java:2052) ~[activemq-all-5.18.3.jar:5.18.3]
	at org.apache.activemq.transport.TransportFilter.onException(TransportFilter.java:114) ~[activemq-all-5.18.3.jar:5.18.3]
	at org.apache.activemq.transport.ResponseCorrelator.onException(ResponseCorrelator.java:126) ~[activemq-all-5.18.3.jar:5.18.3]
	at org.apache.activemq.transport.TransportFilter.onException(TransportFilter.java:114) ~[activemq-all-5.18.3.jar:5.18.3]
	at org.apache.activemq.transport.TransportFilter.onException(TransportFilter.java:114) ~[activemq-all-5.18.3.jar:5.18.3]
	at org.apache.activemq.transport.WireFormatNegotiator.onException(WireFormatNegotiator.java:173) ~[activemq-all-5.18.3.jar:5.18.3]
	at org.apache.activemq.transport.AbstractInactivityMonitor.onException(AbstractInactivityMonitor.java:346) ~[activemq-all-5.18.3.jar:5.18.3]
	at org.apache.activemq.transport.TransportSupport.onException(TransportSupport.java:96) ~[activemq-all-5.18.3.jar:5.18.3]
	at org.apache.activemq.transport.tcp.TcpTransport.run(TcpTransport.java:219) ~[activemq-all-5.18.3.jar:5.18.3]
	at java.lang.Thread.run(Thread.java:834) [?:?]
Caused by: java.io.EOFException
	at java.io.DataInputStream.readInt(DataInputStream.java:397) ~[?:?]
	at org.apache.activemq.openwire.OpenWireFormat.unmarshal(OpenWireFormat.java:280) ~[activemq-all-5.18.3.jar:5.18.3]
	at org.apache.activemq.transport.tcp.TcpTransport.readCommand(TcpTransport.java:240) ~[activemq-all-5.18.3.jar:5.18.3]
	at org.apache.activemq.transport.tcp.TcpTransport.doRun(TcpTransport.java:232) ~[activemq-all-5.18.3.jar:5.18.3]
	at org.apache.activemq.transport.tcp.TcpTransport.run(TcpTransport.java:215) ~[activemq-all-5.18.3.jar:5.18.3]
	... 1 more
05-30-2024 21:41:12 [UMS_Discovery_Topic_Reconnect_Thread] WARN  mil.arl.gift.net.api.MessageClient - Caught JMSException for an inactive message client (hence why this is a warning and not an error) while disconnecting the message client message producer
05-30-2024 21:41:12 [UMS_Discovery_Topic_Reconnect_Thread] WARN  mil.arl.gift.net.api.MessageClient - Caught JMSException for an inactive message client (hence why this is a warning and not an error) while disconnecting the message client broker session
05-30-2024 21:41:12 [ActiveMQ Connection Executor: tcp://localhost/127.0.0.1:61617@59575] WARN  mil.arl.gift.net.api.MessageClient - Message client for subject 'LMS_Discovery_Topic' caught JMSExcepion, attempting to reconnect.
javax.jms.JMSException: java.io.EOFException
	at org.apache.activemq.util.JMSExceptionSupport.create(JMSExceptionSupport.java:67) ~[activemq-all-5.18.3.jar:5.18.3]
	at org.apache.activemq.ActiveMQConnection.onAsyncException(ActiveMQConnection.java:2033) ~[activemq-all-5.18.3.jar:5.18.3]
	at org.apache.activemq.ActiveMQConnection.onException(ActiveMQConnection.java:2052) ~[activemq-all-5.18.3.jar:5.18.3]
	at org.apache.activemq.transport.TransportFilter.onException(TransportFilter.java:114) ~[activemq-all-5.18.3.jar:5.18.3]
	at org.apache.activemq.transport.ResponseCorrelator.onException(ResponseCorrelator.java:126) ~[activemq-all-5.18.3.jar:5.18.3]
	at org.apache.activemq.transport.TransportFilter.onException(TransportFilter.java:114) ~[activemq-all-5.18.3.jar:5.18.3]
	at org.apache.activemq.transport.TransportFilter.onException(TransportFilter.java:114) ~[activemq-all-5.18.3.jar:5.18.3]
	at org.apache.activemq.transport.WireFormatNegotiator.onException(WireFormatNegotiator.java:173) ~[activemq-all-5.18.3.jar:5.18.3]
	at org.apache.activemq.transport.AbstractInactivityMonitor.onException(AbstractInactivityMonitor.java:346) ~[activemq-all-5.18.3.jar:5.18.3]
	at org.apache.activemq.transport.TransportSupport.onException(TransportSupport.java:96) ~[activemq-all-5.18.3.jar:5.18.3]
	at org.apache.activemq.transport.tcp.TcpTransport.run(TcpTransport.java:219) ~[activemq-all-5.18.3.jar:5.18.3]
	at java.lang.Thread.run(Thread.java:834) [?:?]
Caused by: java.io.EOFException
	at java.io.DataInputStream.readInt(DataInputStream.java:397) ~[?:?]
	at org.apache.activemq.openwire.OpenWireFormat.unmarshal(OpenWireFormat.java:280) ~[activemq-all-5.18.3.jar:5.18.3]
	at org.apache.activemq.transport.tcp.TcpTransport.readCommand(TcpTransport.java:240) ~[activemq-all-5.18.3.jar:5.18.3]
	at org.apache.activemq.transport.tcp.TcpTransport.doRun(TcpTransport.java:232) ~[activemq-all-5.18.3.jar:5.18.3]
	at org.apache.activemq.transport.tcp.TcpTransport.run(TcpTransport.java:215) ~[activemq-all-5.18.3.jar:5.18.3]
	... 1 more
05-30-2024 21:41:12 [LMS_Discovery_Topic_Reconnect_Thread] WARN  mil.arl.gift.net.api.MessageClient - Caught JMSException for an inactive message client (hence why this is a warning and not an error) while disconnecting the message client message producer
05-30-2024 21:41:12 [ActiveMQ Connection Executor: tcp://localhost/127.0.0.1:61617@59578] WARN  mil.arl.gift.net.api.MessageClient - Message client for subject 'Sensor_Discovery_Topic' caught JMSExcepion, attempting to reconnect.
javax.jms.JMSException: java.io.EOFException
	at org.apache.activemq.util.JMSExceptionSupport.create(JMSExceptionSupport.java:67) ~[activemq-all-5.18.3.jar:5.18.3]
	at org.apache.activemq.ActiveMQConnection.onAsyncException(ActiveMQConnection.java:2033) ~[activemq-all-5.18.3.jar:5.18.3]
	at org.apache.activemq.ActiveMQConnection.onException(ActiveMQConnection.java:2052) ~[activemq-all-5.18.3.jar:5.18.3]
	at org.apache.activemq.transport.TransportFilter.onException(TransportFilter.java:114) ~[activemq-all-5.18.3.jar:5.18.3]
	at org.apache.activemq.transport.ResponseCorrelator.onException(ResponseCorrelator.java:126) ~[activemq-all-5.18.3.jar:5.18.3]
	at org.apache.activemq.transport.TransportFilter.onException(TransportFilter.java:114) ~[activemq-all-5.18.3.jar:5.18.3]
	at org.apache.activemq.transport.TransportFilter.onException(TransportFilter.java:114) ~[activemq-all-5.18.3.jar:5.18.3]
	at org.apache.activemq.transport.WireFormatNegotiator.onException(WireFormatNegotiator.java:173) ~[activemq-all-5.18.3.jar:5.18.3]
	at org.apache.activemq.transport.AbstractInactivityMonitor.onException(AbstractInactivityMonitor.java:346) ~[activemq-all-5.18.3.jar:5.18.3]
	at org.apache.activemq.transport.TransportSupport.onException(TransportSupport.java:96) ~[activemq-all-5.18.3.jar:5.18.3]
	at org.apache.activemq.transport.tcp.TcpTransport.run(TcpTransport.java:219) ~[activemq-all-5.18.3.jar:5.18.3]
	at java.lang.Thread.run(Thread.java:834) [?:?]
Caused by: java.io.EOFException
	at java.io.DataInputStream.readInt(DataInputStream.java:397) ~[?:?]
	at org.apache.activemq.openwire.OpenWireFormat.unmarshal(OpenWireFormat.java:280) ~[activemq-all-5.18.3.jar:5.18.3]
	at org.apache.activemq.transport.tcp.TcpTransport.readCommand(TcpTransport.java:240) ~[activemq-all-5.18.3.jar:5.18.3]
	at org.apache.activemq.transport.tcp.TcpTransport.doRun(TcpTransport.java:232) ~[activemq-all-5.18.3.jar:5.18.3]
	at org.apache.activemq.transport.tcp.TcpTransport.run(TcpTransport.java:215) ~[activemq-all-5.18.3.jar:5.18.3]
	... 1 more
05-30-2024 21:41:12 [Sensor_Discovery_Topic_Reconnect_Thread] WARN  mil.arl.gift.net.api.MessageClient - Caught JMSException for an inactive message client (hence why this is a warning and not an error) while disconnecting the message client message producer
05-30-2024 21:41:12 [Sensor_Discovery_Topic_Reconnect_Thread] WARN  mil.arl.gift.net.api.MessageClient - Caught JMSException for an inactive message client (hence why this is a warning and not an error) while disconnecting the message client broker session
05-30-2024 21:41:12 [ActiveMQ Connection Executor: tcp://localhost/127.0.0.1:61617@59579] WARN  mil.arl.gift.net.api.MessageClient - Message client for subject 'Learner_Discovery_Topic' caught JMSExcepion, attempting to reconnect.
javax.jms.JMSException: java.io.EOFException
	at org.apache.activemq.util.JMSExceptionSupport.create(JMSExceptionSupport.java:67) ~[activemq-all-5.18.3.jar:5.18.3]
	at org.apache.activemq.ActiveMQConnection.onAsyncException(ActiveMQConnection.java:2033) ~[activemq-all-5.18.3.jar:5.18.3]
	at org.apache.activemq.ActiveMQConnection.onException(ActiveMQConnection.java:2052) ~[activemq-all-5.18.3.jar:5.18.3]
	at org.apache.activemq.transport.TransportFilter.onException(TransportFilter.java:114) ~[activemq-all-5.18.3.jar:5.18.3]
	at org.apache.activemq.transport.ResponseCorrelator.onException(ResponseCorrelator.java:126) ~[activemq-all-5.18.3.jar:5.18.3]
	at org.apache.activemq.transport.TransportFilter.onException(TransportFilter.java:114) ~[activemq-all-5.18.3.jar:5.18.3]
	at org.apache.activemq.transport.TransportFilter.onException(TransportFilter.java:114) ~[activemq-all-5.18.3.jar:5.18.3]
	at org.apache.activemq.transport.WireFormatNegotiator.onException(WireFormatNegotiator.java:173) ~[activemq-all-5.18.3.jar:5.18.3]
	at org.apache.activemq.transport.AbstractInactivityMonitor.onException(AbstractInactivityMonitor.java:346) ~[activemq-all-5.18.3.jar:5.18.3]
	at org.apache.activemq.transport.TransportSupport.onException(TransportSupport.java:96) ~[activemq-all-5.18.3.jar:5.18.3]
	at org.apache.activemq.transport.tcp.TcpTransport.run(TcpTransport.java:219) ~[activemq-all-5.18.3.jar:5.18.3]
	at java.lang.Thread.run(Thread.java:834) [?:?]
Caused by: java.io.EOFException
	at java.io.DataInputStream.readInt(DataInputStream.java:397) ~[?:?]
	at org.apache.activemq.openwire.OpenWireFormat.unmarshal(OpenWireFormat.java:280) ~[activemq-all-5.18.3.jar:5.18.3]
	at org.apache.activemq.transport.tcp.TcpTransport.readCommand(TcpTransport.java:240) ~[activemq-all-5.18.3.jar:5.18.3]
	at org.apache.activemq.transport.tcp.TcpTransport.doRun(TcpTransport.java:232) ~[activemq-all-5.18.3.jar:5.18.3]
	at org.apache.activemq.transport.tcp.TcpTransport.run(TcpTransport.java:215) ~[activemq-all-5.18.3.jar:5.18.3]
	... 1 more
05-30-2024 21:41:12 [ActiveMQ Connection Executor: tcp://localhost/127.0.0.1:61617@59580] WARN  mil.arl.gift.net.api.MessageClient - Message client for subject 'Pedagogical_Discovery_Topic' caught JMSExcepion, attempting to reconnect.
javax.jms.JMSException: java.io.EOFException
	at org.apache.activemq.util.JMSExceptionSupport.create(JMSExceptionSupport.java:67) ~[activemq-all-5.18.3.jar:5.18.3]
	at org.apache.activemq.ActiveMQConnection.onAsyncException(ActiveMQConnection.java:2033) ~[activemq-all-5.18.3.jar:5.18.3]
	at org.apache.activemq.ActiveMQConnection.onException(ActiveMQConnection.java:2052) ~[activemq-all-5.18.3.jar:5.18.3]
	at org.apache.activemq.transport.TransportFilter.onException(TransportFilter.java:114) ~[activemq-all-5.18.3.jar:5.18.3]
	at org.apache.activemq.transport.ResponseCorrelator.onException(ResponseCorrelator.java:126) ~[activemq-all-5.18.3.jar:5.18.3]
	at org.apache.activemq.transport.TransportFilter.onException(TransportFilter.java:114) ~[activemq-all-5.18.3.jar:5.18.3]
	at org.apache.activemq.transport.TransportFilter.onException(TransportFilter.java:114) ~[activemq-all-5.18.3.jar:5.18.3]
	at org.apache.activemq.transport.WireFormatNegotiator.onException(WireFormatNegotiator.java:173) ~[activemq-all-5.18.3.jar:5.18.3]
	at org.apache.activemq.transport.AbstractInactivityMonitor.onException(AbstractInactivityMonitor.java:346) ~[activemq-all-5.18.3.jar:5.18.3]
	at org.apache.activemq.transport.TransportSupport.onException(TransportSupport.java:96) ~[activemq-all-5.18.3.jar:5.18.3]
	at org.apache.activemq.transport.tcp.TcpTransport.run(TcpTransport.java:219) ~[activemq-all-5.18.3.jar:5.18.3]
	at java.lang.Thread.run(Thread.java:834) [?:?]
Caused by: java.io.EOFException
	at java.io.DataInputStream.readInt(DataInputStream.java:397) ~[?:?]
	at org.apache.activemq.openwire.OpenWireFormat.unmarshal(OpenWireFormat.java:280) ~[activemq-all-5.18.3.jar:5.18.3]
	at org.apache.activemq.transport.tcp.TcpTransport.readCommand(TcpTransport.java:240) ~[activemq-all-5.18.3.jar:5.18.3]
	at org.apache.activemq.transport.tcp.TcpTransport.doRun(TcpTransport.java:232) ~[activemq-all-5.18.3.jar:5.18.3]
	at org.apache.activemq.transport.tcp.TcpTransport.run(TcpTransport.java:215) ~[activemq-all-5.18.3.jar:5.18.3]
	... 1 more
05-30-2024 21:41:12 [Pedagogical_Discovery_Topic_Reconnect_Thread] WARN  mil.arl.gift.net.api.MessageClient - Caught JMSException for an inactive message client (hence why this is a warning and not an error) while disconnecting the message client message producer
05-30-2024 21:41:12 [Learner_Discovery_Topic_Reconnect_Thread] WARN  mil.arl.gift.net.api.MessageClient - Caught JMSException for an inactive message client (hence why this is a warning and not an error) while disconnecting the message client message producer
05-30-2024 21:41:12 [Pedagogical_Discovery_Topic_Reconnect_Thread] WARN  mil.arl.gift.net.api.MessageClient - Caught JMSException for an inactive message client (hence why this is a warning and not an error) while disconnecting the message client broker session
05-30-2024 21:41:12 [Learner_Discovery_Topic_Reconnect_Thread] WARN  mil.arl.gift.net.api.MessageClient - Caught JMSException for an inactive message client (hence why this is a warning and not an error) while disconnecting the message client broker session
05-30-2024 21:41:12 [Pedagogical_Discovery_Topic_Reconnect_Thread] WARN  mil.arl.gift.net.api.MessageClient - Caught JMSException for an inactive message client (hence why this is a warning and not an error) while disconnecting the message client broker connection
05-30-2024 21:41:12 [ActiveMQ Connection Executor: tcp://localhost/127.0.0.1:61617@59583] WARN  mil.arl.gift.net.api.MessageClient - Message client for subject 'Gateway_Discovery_Topic' caught JMSExcepion, attempting to reconnect.
javax.jms.JMSException: java.io.EOFException
	at org.apache.activemq.util.JMSExceptionSupport.create(JMSExceptionSupport.java:67) ~[activemq-all-5.18.3.jar:5.18.3]
	at org.apache.activemq.ActiveMQConnection.onAsyncException(ActiveMQConnection.java:2033) ~[activemq-all-5.18.3.jar:5.18.3]
	at org.apache.activemq.ActiveMQConnection.onException(ActiveMQConnection.java:2052) ~[activemq-all-5.18.3.jar:5.18.3]
	at org.apache.activemq.transport.TransportFilter.onException(TransportFilter.java:114) ~[activemq-all-5.18.3.jar:5.18.3]
	at org.apache.activemq.transport.ResponseCorrelator.onException(ResponseCorrelator.java:126) ~[activemq-all-5.18.3.jar:5.18.3]
	at org.apache.activemq.transport.TransportFilter.onException(TransportFilter.java:114) ~[activemq-all-5.18.3.jar:5.18.3]
	at org.apache.activemq.transport.TransportFilter.onException(TransportFilter.java:114) ~[activemq-all-5.18.3.jar:5.18.3]
	at org.apache.activemq.transport.WireFormatNegotiator.onException(WireFormatNegotiator.java:173) ~[activemq-all-5.18.3.jar:5.18.3]
	at org.apache.activemq.transport.AbstractInactivityMonitor.onException(AbstractInactivityMonitor.java:346) ~[activemq-all-5.18.3.jar:5.18.3]
	at org.apache.activemq.transport.TransportSupport.onException(TransportSupport.java:96) ~[activemq-all-5.18.3.jar:5.18.3]
	at org.apache.activemq.transport.tcp.TcpTransport.run(TcpTransport.java:219) ~[activemq-all-5.18.3.jar:5.18.3]
	at java.lang.Thread.run(Thread.java:834) [?:?]
Caused by: java.io.EOFException
	at java.io.DataInputStream.readInt(DataInputStream.java:397) ~[?:?]
	at org.apache.activemq.openwire.OpenWireFormat.unmarshal(OpenWireFormat.java:280) ~[activemq-all-5.18.3.jar:5.18.3]
	at org.apache.activemq.transport.tcp.TcpTransport.readCommand(TcpTransport.java:240) ~[activemq-all-5.18.3.jar:5.18.3]
	at org.apache.activemq.transport.tcp.TcpTransport.doRun(TcpTransport.java:232) ~[activemq-all-5.18.3.jar:5.18.3]
	at org.apache.activemq.transport.tcp.TcpTransport.run(TcpTransport.java:215) ~[activemq-all-5.18.3.jar:5.18.3]
	... 1 more
05-30-2024 21:41:12 [Gateway_Discovery_Topic_Reconnect_Thread] WARN  mil.arl.gift.net.api.MessageClient - Caught JMSException for an inactive message client (hence why this is a warning and not an error) while disconnecting the message client message producer
05-30-2024 21:41:12 [Gateway_Discovery_Topic_Reconnect_Thread] WARN  mil.arl.gift.net.api.MessageClient - Caught JMSException for an inactive message client (hence why this is a warning and not an error) while disconnecting the message client broker session
05-30-2024 21:41:12 [ActiveMQ Connection Executor: tcp://localhost/127.0.0.1:61617@59585] WARN  mil.arl.gift.net.api.MessageClient - Message client for subject 'Tutor_Discovery_Topic' caught JMSExcepion, attempting to reconnect.
javax.jms.JMSException: java.io.EOFException
	at org.apache.activemq.util.JMSExceptionSupport.create(JMSExceptionSupport.java:67) ~[activemq-all-5.18.3.jar:5.18.3]
	at org.apache.activemq.ActiveMQConnection.onAsyncException(ActiveMQConnection.java:2033) ~[activemq-all-5.18.3.jar:5.18.3]
	at org.apache.activemq.ActiveMQConnection.onException(ActiveMQConnection.java:2052) ~[activemq-all-5.18.3.jar:5.18.3]
	at org.apache.activemq.transport.TransportFilter.onException(TransportFilter.java:114) ~[activemq-all-5.18.3.jar:5.18.3]
	at org.apache.activemq.transport.ResponseCorrelator.onException(ResponseCorrelator.java:126) ~[activemq-all-5.18.3.jar:5.18.3]
	at org.apache.activemq.transport.TransportFilter.onException(TransportFilter.java:114) ~[activemq-all-5.18.3.jar:5.18.3]
	at org.apache.activemq.transport.TransportFilter.onException(TransportFilter.java:114) ~[activemq-all-5.18.3.jar:5.18.3]
	at org.apache.activemq.transport.WireFormatNegotiator.onException(WireFormatNegotiator.java:173) ~[activemq-all-5.18.3.jar:5.18.3]
	at org.apache.activemq.transport.AbstractInactivityMonitor.onException(AbstractInactivityMonitor.java:346) ~[activemq-all-5.18.3.jar:5.18.3]
	at org.apache.activemq.transport.TransportSupport.onException(TransportSupport.java:96) ~[activemq-all-5.18.3.jar:5.18.3]
	at org.apache.activemq.transport.tcp.TcpTransport.run(TcpTransport.java:219) ~[activemq-all-5.18.3.jar:5.18.3]
	at java.lang.Thread.run(Thread.java:834) [?:?]
Caused by: java.io.EOFException
	at java.io.DataInputStream.readInt(DataInputStream.java:397) ~[?:?]
	at org.apache.activemq.openwire.OpenWireFormat.unmarshal(OpenWireFormat.java:280) ~[activemq-all-5.18.3.jar:5.18.3]
	at org.apache.activemq.transport.tcp.TcpTransport.readCommand(TcpTransport.java:240) ~[activemq-all-5.18.3.jar:5.18.3]
	at org.apache.activemq.transport.tcp.TcpTransport.doRun(TcpTransport.java:232) ~[activemq-all-5.18.3.jar:5.18.3]
	at org.apache.activemq.transport.tcp.TcpTransport.run(TcpTransport.java:215) ~[activemq-all-5.18.3.jar:5.18.3]
	... 1 more
05-30-2024 21:41:12 [Gateway_Discovery_Topic_Reconnect_Thread] WARN  mil.arl.gift.net.api.MessageClient - Caught JMSException for an inactive message client (hence why this is a warning and not an error) while disconnecting the message client broker connection
05-30-2024 21:41:12 [ActiveMQ Connection Executor: tcp://localhost/127.0.0.1:61617@59587] WARN  mil.arl.gift.net.api.MessageClient - Message client for subject 'Monitor_Discovery_Topic' caught JMSExcepion, attempting to reconnect.
javax.jms.JMSException: java.io.EOFException
	at org.apache.activemq.util.JMSExceptionSupport.create(JMSExceptionSupport.java:67) ~[activemq-all-5.18.3.jar:5.18.3]
	at org.apache.activemq.ActiveMQConnection.onAsyncException(ActiveMQConnection.java:2033) ~[activemq-all-5.18.3.jar:5.18.3]
	at org.apache.activemq.ActiveMQConnection.onException(ActiveMQConnection.java:2052) ~[activemq-all-5.18.3.jar:5.18.3]
	at org.apache.activemq.transport.TransportFilter.onException(TransportFilter.java:114) ~[activemq-all-5.18.3.jar:5.18.3]
	at org.apache.activemq.transport.ResponseCorrelator.onException(ResponseCorrelator.java:126) ~[activemq-all-5.18.3.jar:5.18.3]
	at org.apache.activemq.transport.TransportFilter.onException(TransportFilter.java:114) ~[activemq-all-5.18.3.jar:5.18.3]
	at org.apache.activemq.transport.TransportFilter.onException(TransportFilter.java:114) ~[activemq-all-5.18.3.jar:5.18.3]
	at org.apache.activemq.transport.WireFormatNegotiator.onException(WireFormatNegotiator.java:173) ~[activemq-all-5.18.3.jar:5.18.3]
	at org.apache.activemq.transport.AbstractInactivityMonitor.onException(AbstractInactivityMonitor.java:346) ~[activemq-all-5.18.3.jar:5.18.3]
	at org.apache.activemq.transport.TransportSupport.onException(TransportSupport.java:96) ~[activemq-all-5.18.3.jar:5.18.3]
	at org.apache.activemq.transport.tcp.TcpTransport.run(TcpTransport.java:219) ~[activemq-all-5.18.3.jar:5.18.3]
	at java.lang.Thread.run(Thread.java:834) [?:?]
Caused by: java.io.EOFException
	at java.io.DataInputStream.readInt(DataInputStream.java:397) ~[?:?]
	at org.apache.activemq.openwire.OpenWireFormat.unmarshal(OpenWireFormat.java:280) ~[activemq-all-5.18.3.jar:5.18.3]
	at org.apache.activemq.transport.tcp.TcpTransport.readCommand(TcpTransport.java:240) ~[activemq-all-5.18.3.jar:5.18.3]
	at org.apache.activemq.transport.tcp.TcpTransport.doRun(TcpTransport.java:232) ~[activemq-all-5.18.3.jar:5.18.3]
	at org.apache.activemq.transport.tcp.TcpTransport.run(TcpTransport.java:215) ~[activemq-all-5.18.3.jar:5.18.3]
	... 1 more
05-30-2024 21:41:12 [Tutor_Discovery_Topic_Reconnect_Thread] WARN  mil.arl.gift.net.api.MessageClient - Caught JMSException for an inactive message client (hence why this is a warning and not an error) while disconnecting the message client message producer
05-30-2024 21:41:12 [ActiveMQ Connection Executor: tcp://localhost/127.0.0.1:61617@59588] WARN  mil.arl.gift.net.api.MessageClient - Message client for subject 'Domain_Discovery_Topic' caught JMSExcepion, attempting to reconnect.
javax.jms.JMSException: java.io.EOFException
	at org.apache.activemq.util.JMSExceptionSupport.create(JMSExceptionSupport.java:67) ~[activemq-all-5.18.3.jar:5.18.3]
	at org.apache.activemq.ActiveMQConnection.onAsyncException(ActiveMQConnection.java:2033) ~[activemq-all-5.18.3.jar:5.18.3]
	at org.apache.activemq.ActiveMQConnection.onException(ActiveMQConnection.java:2052) ~[activemq-all-5.18.3.jar:5.18.3]
	at org.apache.activemq.transport.TransportFilter.onException(TransportFilter.java:114) ~[activemq-all-5.18.3.jar:5.18.3]
	at org.apache.activemq.transport.ResponseCorrelator.onException(ResponseCorrelator.java:126) ~[activemq-all-5.18.3.jar:5.18.3]
	at org.apache.activemq.transport.TransportFilter.onException(TransportFilter.java:114) ~[activemq-all-5.18.3.jar:5.18.3]
	at org.apache.activemq.transport.TransportFilter.onException(TransportFilter.java:114) ~[activemq-all-5.18.3.jar:5.18.3]
	at org.apache.activemq.transport.WireFormatNegotiator.onException(WireFormatNegotiator.java:173) ~[activemq-all-5.18.3.jar:5.18.3]
	at org.apache.activemq.transport.AbstractInactivityMonitor.onException(AbstractInactivityMonitor.java:346) ~[activemq-all-5.18.3.jar:5.18.3]
	at org.apache.activemq.transport.TransportSupport.onException(TransportSupport.java:96) ~[activemq-all-5.18.3.jar:5.18.3]
	at org.apache.activemq.transport.tcp.TcpTransport.run(TcpTransport.java:219) ~[activemq-all-5.18.3.jar:5.18.3]
	at java.lang.Thread.run(Thread.java:834) [?:?]
Caused by: java.io.EOFException
	at java.io.DataInputStream.readInt(DataInputStream.java:397) ~[?:?]
	at org.apache.activemq.openwire.OpenWireFormat.unmarshal(OpenWireFormat.java:280) ~[activemq-all-5.18.3.jar:5.18.3]
	at org.apache.activemq.transport.tcp.TcpTransport.readCommand(TcpTransport.java:240) ~[activemq-all-5.18.3.jar:5.18.3]
	at org.apache.activemq.transport.tcp.TcpTransport.doRun(TcpTransport.java:232) ~[activemq-all-5.18.3.jar:5.18.3]
	at org.apache.activemq.transport.tcp.TcpTransport.run(TcpTransport.java:215) ~[activemq-all-5.18.3.jar:5.18.3]
	... 1 more
05-30-2024 21:41:12 [ActiveMQ Connection Executor: tcp://localhost/127.0.0.1:61617@59589] WARN  mil.arl.gift.net.api.MessageClient - Message client for subject 'Monitor_Topic' caught JMSExcepion, attempting to reconnect.
javax.jms.JMSException: java.io.EOFException
	at org.apache.activemq.util.JMSExceptionSupport.create(JMSExceptionSupport.java:67) ~[activemq-all-5.18.3.jar:5.18.3]
	at org.apache.activemq.ActiveMQConnection.onAsyncException(ActiveMQConnection.java:2033) ~[activemq-all-5.18.3.jar:5.18.3]
	at org.apache.activemq.ActiveMQConnection.onException(ActiveMQConnection.java:2052) ~[activemq-all-5.18.3.jar:5.18.3]
	at org.apache.activemq.transport.TransportFilter.onException(TransportFilter.java:114) ~[activemq-all-5.18.3.jar:5.18.3]
	at org.apache.activemq.transport.ResponseCorrelator.onException(ResponseCorrelator.java:126) ~[activemq-all-5.18.3.jar:5.18.3]
	at org.apache.activemq.transport.TransportFilter.onException(TransportFilter.java:114) ~[activemq-all-5.18.3.jar:5.18.3]
	at org.apache.activemq.transport.TransportFilter.onException(TransportFilter.java:114) ~[activemq-all-5.18.3.jar:5.18.3]
	at org.apache.activemq.transport.WireFormatNegotiator.onException(WireFormatNegotiator.java:173) ~[activemq-all-5.18.3.jar:5.18.3]
	at org.apache.activemq.transport.AbstractInactivityMonitor.onException(AbstractInactivityMonitor.java:346) ~[activemq-all-5.18.3.jar:5.18.3]
	at org.apache.activemq.transport.TransportSupport.onException(TransportSupport.java:96) ~[activemq-all-5.18.3.jar:5.18.3]
	at org.apache.activemq.transport.tcp.TcpTransport.run(TcpTransport.java:219) ~[activemq-all-5.18.3.jar:5.18.3]
	at java.lang.Thread.run(Thread.java:834) [?:?]
Caused by: java.io.EOFException
	at java.io.DataInputStream.readInt(DataInputStream.java:397) ~[?:?]
	at org.apache.activemq.openwire.OpenWireFormat.unmarshal(OpenWireFormat.java:280) ~[activemq-all-5.18.3.jar:5.18.3]
	at org.apache.activemq.transport.tcp.TcpTransport.readCommand(TcpTransport.java:240) ~[activemq-all-5.18.3.jar:5.18.3]
	at org.apache.activemq.transport.tcp.TcpTransport.doRun(TcpTransport.java:232) ~[activemq-all-5.18.3.jar:5.18.3]
	at org.apache.activemq.transport.tcp.TcpTransport.run(TcpTransport.java:215) ~[activemq-all-5.18.3.jar:5.18.3]
	... 1 more
05-30-2024 21:41:12 [Monitor_Discovery_Topic_Reconnect_Thread] WARN  mil.arl.gift.net.api.MessageClient - Caught JMSException for an inactive message client (hence why this is a warning and not an error) while disconnecting the message client message producer
05-30-2024 21:41:12 [Domain_Discovery_Topic_Reconnect_Thread] WARN  mil.arl.gift.net.api.MessageClient - Caught JMSException for an inactive message client (hence why this is a warning and not an error) while disconnecting the message client message producer
05-30-2024 21:41:12 [Monitor_Topic_Reconnect_Thread] WARN  mil.arl.gift.net.api.MessageClient - Caught JMSException for an inactive message client (hence why this is a warning and not an error) while disconnecting the message client message producer
05-30-2024 21:41:12 [Heartbeat:Domain_Module] ERROR mil.arl.gift.net.api.NetworkSession - Unable to find a message client for subject name Domain_Discovery_Topic, therefore unable to send the payload = [DomainModuleStatus:  logPlaybackTopics = [], [ModuleStatus: moduleName = Domain_Module, queueName = Domain_Queue_10.203.43.114_Inbox, moduleType = Domain_Module, moduleState = Unknown]] for message type DomainModuleStatus
05-30-2024 21:41:12 [Heartbeat:Domain_Module] ERROR mil.arl.gift.net.api.NetworkSession - Caught exception while trying to send message type DomainModuleStatus with payload = [DomainModuleStatus:  logPlaybackTopics = [], [ModuleStatus: moduleName = Domain_Module, queueName = Domain_Queue_10.203.43.114_Inbox, moduleType = Domain_Module, moduleState = Unknown]].
java.lang.Exception: Unable to find a message client for subject name Domain_Discovery_Topic
	at mil.arl.gift.net.api.NetworkSession.sendMessage(NetworkSession.java:2874) [gift-common.jar:?]
	at mil.arl.gift.common.module.AbstractModule.sendMessage(AbstractModule.java:769) [gift-common.jar:?]
	at mil.arl.gift.domain.DomainModule.sendModuleStatus(DomainModule.java:2717) [gift-domain.jar:?]
	at mil.arl.gift.common.module.ModuleHeartbeatDaemon.handleHeartbeat(ModuleHeartbeatDaemon.java:127) [gift-common.jar:?]
	at mil.arl.gift.common.module.ModuleHeartbeatDaemon$HeartbeatThread.run(ModuleHeartbeatDaemon.java:118) [gift-common.jar:?]
05-30-2024 21:41:13 [Heartbeat:Domain_Module] ERROR mil.arl.gift.net.api.NetworkSession - Unable to find a message client for subject name Domain_Discovery_Topic, therefore unable to send the payload = [DomainModuleStatus:  logPlaybackTopics = [], [ModuleStatus: moduleName = Domain_Module, queueName = Domain_Queue_10.203.43.114_Inbox, moduleType = Domain_Module, moduleState = Unknown]] for message type DomainModuleStatus
05-30-2024 21:41:13 [Heartbeat:Domain_Module] ERROR mil.arl.gift.net.api.NetworkSession - Caught exception while trying to send message type DomainModuleStatus with payload = [DomainModuleStatus:  logPlaybackTopics = [], [ModuleStatus: moduleName = Domain_Module, queueName = Domain_Queue_10.203.43.114_Inbox, moduleType = Domain_Module, moduleState = Unknown]].
java.lang.Exception: Unable to find a message client for subject name Domain_Discovery_Topic
	at mil.arl.gift.net.api.NetworkSession.sendMessage(NetworkSession.java:2874) [gift-common.jar:?]
	at mil.arl.gift.common.module.AbstractModule.sendMessage(AbstractModule.java:769) [gift-common.jar:?]
	at mil.arl.gift.domain.DomainModule.sendModuleStatus(DomainModule.java:2717) [gift-domain.jar:?]
	at mil.arl.gift.common.module.ModuleHeartbeatDaemon.handleHeartbeat(ModuleHeartbeatDaemon.java:127) [gift-common.jar:?]
	at mil.arl.gift.common.module.ModuleHeartbeatDaemon$HeartbeatThread.run(ModuleHeartbeatDaemon.java:118) [gift-common.jar:?]
05-30-2024 21:41:14 [Heartbeat:Domain_Module] ERROR mil.arl.gift.net.api.NetworkSession - Unable to find a message client for subject name Domain_Discovery_Topic, therefore unable to send the payload = [DomainModuleStatus:  logPlaybackTopics = [], [ModuleStatus: moduleName = Domain_Module, queueName = Domain_Queue_10.203.43.114_Inbox, moduleType = Domain_Module, moduleState = Unknown]] for message type DomainModuleStatus
05-30-2024 21:41:14 [Heartbeat:Domain_Module] ERROR mil.arl.gift.net.api.NetworkSession - Caught exception while trying to send message type DomainModuleStatus with payload = [DomainModuleStatus:  logPlaybackTopics = [], [ModuleStatus: moduleName = Domain_Module, queueName = Domain_Queue_10.203.43.114_Inbox, moduleType = Domain_Module, moduleState = Unknown]].
java.lang.Exception: Unable to find a message client for subject name Domain_Discovery_Topic
	at mil.arl.gift.net.api.NetworkSession.sendMessage(NetworkSession.java:2874) [gift-common.jar:?]
	at mil.arl.gift.common.module.AbstractModule.sendMessage(AbstractModule.java:769) [gift-common.jar:?]
	at mil.arl.gift.domain.DomainModule.sendModuleStatus(DomainModule.java:2717) [gift-domain.jar:?]
	at mil.arl.gift.common.module.ModuleHeartbeatDaemon.handleHeartbeat(ModuleHeartbeatDaemon.java:127) [gift-common.jar:?]
	at mil.arl.gift.common.module.ModuleHeartbeatDaemon$HeartbeatThread.run(ModuleHeartbeatDaemon.java:118) [gift-common.jar:?]
05-30-2024 21:41:15 [Heartbeat:Domain_Module] ERROR mil.arl.gift.net.api.NetworkSession - Unable to find a message client for subject name Domain_Discovery_Topic, therefore unable to send the payload = [DomainModuleStatus:  logPlaybackTopics = [], [ModuleStatus: moduleName = Domain_Module, queueName = Domain_Queue_10.203.43.114_Inbox, moduleType = Domain_Module, moduleState = Unknown]] for message type DomainModuleStatus
05-30-2024 21:41:15 [Heartbeat:Domain_Module] ERROR mil.arl.gift.net.api.NetworkSession - Caught exception while trying to send message type DomainModuleStatus with payload = [DomainModuleStatus:  logPlaybackTopics = [], [ModuleStatus: moduleName = Domain_Module, queueName = Domain_Queue_10.203.43.114_Inbox, moduleType = Domain_Module, moduleState = Unknown]].
java.lang.Exception: Unable to find a message client for subject name Domain_Discovery_Topic
	at mil.arl.gift.net.api.NetworkSession.sendMessage(NetworkSession.java:2874) [gift-common.jar:?]
	at mil.arl.gift.common.module.AbstractModule.sendMessage(AbstractModule.java:769) [gift-common.jar:?]
	at mil.arl.gift.domain.DomainModule.sendModuleStatus(DomainModule.java:2717) [gift-domain.jar:?]
	at mil.arl.gift.common.module.ModuleHeartbeatDaemon.handleHeartbeat(ModuleHeartbeatDaemon.java:127) [gift-common.jar:?]
	at mil.arl.gift.common.module.ModuleHeartbeatDaemon$HeartbeatThread.run(ModuleHeartbeatDaemon.java:118) [gift-common.jar:?]
05-30-2024 21:41:16 [Heartbeat:Domain_Module] ERROR mil.arl.gift.net.api.NetworkSession - Unable to find a message client for subject name Domain_Discovery_Topic, therefore unable to send the payload = [DomainModuleStatus:  logPlaybackTopics = [], [ModuleStatus: moduleName = Domain_Module, queueName = Domain_Queue_10.203.43.114_Inbox, moduleType = Domain_Module, moduleState = Unknown]] for message type DomainModuleStatus
05-30-2024 21:41:16 [Heartbeat:Domain_Module] ERROR mil.arl.gift.net.api.NetworkSession - Caught exception while trying to send message type DomainModuleStatus with payload = [DomainModuleStatus:  logPlaybackTopics = [], [ModuleStatus: moduleName = Domain_Module, queueName = Domain_Queue_10.203.43.114_Inbox, moduleType = Domain_Module, moduleState = Unknown]].
java.lang.Exception: Unable to find a message client for subject name Domain_Discovery_Topic
	at mil.arl.gift.net.api.NetworkSession.sendMessage(NetworkSession.java:2874) [gift-common.jar:?]
	at mil.arl.gift.common.module.AbstractModule.sendMessage(AbstractModule.java:769) [gift-common.jar:?]
	at mil.arl.gift.domain.DomainModule.sendModuleStatus(DomainModule.java:2717) [gift-domain.jar:?]
	at mil.arl.gift.common.module.ModuleHeartbeatDaemon.handleHeartbeat(ModuleHeartbeatDaemon.java:127) [gift-common.jar:?]
	at mil.arl.gift.common.module.ModuleHeartbeatDaemon$HeartbeatThread.run(ModuleHeartbeatDaemon.java:118) [gift-common.jar:?]
05-30-2024 21:41:17 [Heartbeat:Domain_Module] ERROR mil.arl.gift.net.api.NetworkSession - Unable to find a message client for subject name Domain_Discovery_Topic, therefore unable to send the payload = [DomainModuleStatus:  logPlaybackTopics = [], [ModuleStatus: moduleName = Domain_Module, queueName = Domain_Queue_10.203.43.114_Inbox, moduleType = Domain_Module, moduleState = Unknown]] for message type DomainModuleStatus
05-30-2024 21:41:17 [Heartbeat:Domain_Module] ERROR mil.arl.gift.net.api.NetworkSession - Caught exception while trying to send message type DomainModuleStatus with payload = [DomainModuleStatus:  logPlaybackTopics = [], [ModuleStatus: moduleName = Domain_Module, queueName = Domain_Queue_10.203.43.114_Inbox, moduleType = Domain_Module, moduleState = Unknown]].
java.lang.Exception: Unable to find a message client for subject name Domain_Discovery_Topic
	at mil.arl.gift.net.api.NetworkSession.sendMessage(NetworkSession.java:2874) [gift-common.jar:?]
	at mil.arl.gift.common.module.AbstractModule.sendMessage(AbstractModule.java:769) [gift-common.jar:?]
	at mil.arl.gift.domain.DomainModule.sendModuleStatus(DomainModule.java:2717) [gift-domain.jar:?]
	at mil.arl.gift.common.module.ModuleHeartbeatDaemon.handleHeartbeat(ModuleHeartbeatDaemon.java:127) [gift-common.jar:?]
	at mil.arl.gift.common.module.ModuleHeartbeatDaemon$HeartbeatThread.run(ModuleHeartbeatDaemon.java:118) [gift-common.jar:?]
05-30-2024 21:41:18 [Heartbeat:Domain_Module] ERROR mil.arl.gift.net.api.NetworkSession - Unable to find a message client for subject name Domain_Discovery_Topic, therefore unable to send the payload = [DomainModuleStatus:  logPlaybackTopics = [], [ModuleStatus: moduleName = Domain_Module, queueName = Domain_Queue_10.203.43.114_Inbox, moduleType = Domain_Module, moduleState = Unknown]] for message type DomainModuleStatus
05-30-2024 21:41:18 [Heartbeat:Domain_Module] ERROR mil.arl.gift.net.api.NetworkSession - Caught exception while trying to send message type DomainModuleStatus with payload = [DomainModuleStatus:  logPlaybackTopics = [], [ModuleStatus: moduleName = Domain_Module, queueName = Domain_Queue_10.203.43.114_Inbox, moduleType = Domain_Module, moduleState = Unknown]].
java.lang.Exception: Unable to find a message client for subject name Domain_Discovery_Topic
	at mil.arl.gift.net.api.NetworkSession.sendMessage(NetworkSession.java:2874) [gift-common.jar:?]
	at mil.arl.gift.common.module.AbstractModule.sendMessage(AbstractModule.java:769) [gift-common.jar:?]
	at mil.arl.gift.domain.DomainModule.sendModuleStatus(DomainModule.java:2717) [gift-domain.jar:?]
	at mil.arl.gift.common.module.ModuleHeartbeatDaemon.handleHeartbeat(ModuleHeartbeatDaemon.java:127) [gift-common.jar:?]
	at mil.arl.gift.common.module.ModuleHeartbeatDaemon$HeartbeatThread.run(ModuleHeartbeatDaemon.java:118) [gift-common.jar:?]
05-30-2024 21:41:19 [Heartbeat:Domain_Module] ERROR mil.arl.gift.net.api.NetworkSession - Unable to find a message client for subject name Domain_Discovery_Topic, therefore unable to send the payload = [DomainModuleStatus:  logPlaybackTopics = [], [ModuleStatus: moduleName = Domain_Module, queueName = Domain_Queue_10.203.43.114_Inbox, moduleType = Domain_Module, moduleState = Unknown]] for message type DomainModuleStatus
05-30-2024 21:41:19 [Heartbeat:Domain_Module] ERROR mil.arl.gift.net.api.NetworkSession - Caught exception while trying to send message type DomainModuleStatus with payload = [DomainModuleStatus:  logPlaybackTopics = [], [ModuleStatus: moduleName = Domain_Module, queueName = Domain_Queue_10.203.43.114_Inbox, moduleType = Domain_Module, moduleState = Unknown]].
java.lang.Exception: Unable to find a message client for subject name Domain_Discovery_Topic
	at mil.arl.gift.net.api.NetworkSession.sendMessage(NetworkSession.java:2874) [gift-common.jar:?]
	at mil.arl.gift.common.module.AbstractModule.sendMessage(AbstractModule.java:769) [gift-common.jar:?]
	at mil.arl.gift.domain.DomainModule.sendModuleStatus(DomainModule.java:2717) [gift-domain.jar:?]
	at mil.arl.gift.common.module.ModuleHeartbeatDaemon.handleHeartbeat(ModuleHeartbeatDaemon.java:127) [gift-common.jar:?]
	at mil.arl.gift.common.module.ModuleHeartbeatDaemon$HeartbeatThread.run(ModuleHeartbeatDaemon.java:118) [gift-common.jar:?]
05-30-2024 21:41:20 [Heartbeat:Domain_Module] ERROR mil.arl.gift.net.api.NetworkSession - Unable to find a message client for subject name Domain_Discovery_Topic, therefore unable to send the payload = [DomainModuleStatus:  logPlaybackTopics = [], [ModuleStatus: moduleName = Domain_Module, queueName = Domain_Queue_10.203.43.114_Inbox, moduleType = Domain_Module, moduleState = Unknown]] for message type DomainModuleStatus
05-30-2024 21:41:20 [Heartbeat:Domain_Module] ERROR mil.arl.gift.net.api.NetworkSession - Caught exception while trying to send message type DomainModuleStatus with payload = [DomainModuleStatus:  logPlaybackTopics = [], [ModuleStatus: moduleName = Domain_Module, queueName = Domain_Queue_10.203.43.114_Inbox, moduleType = Domain_Module, moduleState = Unknown]].
java.lang.Exception: Unable to find a message client for subject name Domain_Discovery_Topic
	at mil.arl.gift.net.api.NetworkSession.sendMessage(NetworkSession.java:2874) [gift-common.jar:?]
	at mil.arl.gift.common.module.AbstractModule.sendMessage(AbstractModule.java:769) [gift-common.jar:?]
	at mil.arl.gift.domain.DomainModule.sendModuleStatus(DomainModule.java:2717) [gift-domain.jar:?]
	at mil.arl.gift.common.module.ModuleHeartbeatDaemon.handleHeartbeat(ModuleHeartbeatDaemon.java:127) [gift-common.jar:?]
	at mil.arl.gift.common.module.ModuleHeartbeatDaemon$HeartbeatThread.run(ModuleHeartbeatDaemon.java:118) [gift-common.jar:?]
