05-30-2024 23:19:37 [ActiveMQ Connection Executor: tcp://localhost/127.0.0.1:61617@60456] WARN  mil.arl.gift.net.api.MessageClient - Message client for subject 'LMS_Queue_10.203.43.114' caught JMSExcepion, attempting to reconnect.
javax.jms.JMSException: java.io.EOFException
	at org.apache.activemq.util.JMSExceptionSupport.create(JMSExceptionSupport.java:67) ~[activemq-all-5.18.3.jar:5.18.3]
	at org.apache.activemq.ActiveMQConnection.onAsyncException(ActiveMQConnection.java:2033) ~[activemq-all-5.18.3.jar:5.18.3]
	at org.apache.activemq.ActiveMQConnection.onException(ActiveMQConnection.java:2052) ~[activemq-all-5.18.3.jar:5.18.3]
	at org.apache.activemq.transport.TransportFilter.onException(TransportFilter.java:114) ~[activemq-all-5.18.3.jar:5.18.3]
	at org.apache.activemq.transport.ResponseCorrelator.onException(ResponseCorrelator.java:126) ~[activemq-all-5.18.3.jar:5.18.3]
	at org.apache.activemq.transport.TransportFilter.onException(TransportFilter.java:114) ~[activemq-all-5.18.3.jar:5.18.3]
	at org.apache.activemq.transport.TransportFilter.onException(TransportFilter.java:114) ~[activemq-all-5.18.3.jar:5.18.3]
	at org.apache.activemq.transport.WireFormatNegotiator.onException(WireFormatNegotiator.java:173) ~[activemq-all-5.18.3.jar:5.18.3]
	at org.apache.activemq.transport.AbstractInactivityMonitor.onException(AbstractInactivityMonitor.java:346) ~[activemq-all-5.18.3.jar:5.18.3]
	at org.apache.activemq.transport.TransportSupport.onException(TransportSupport.java:96) ~[activemq-all-5.18.3.jar:5.18.3]
	at org.apache.activemq.transport.tcp.TcpTransport.run(TcpTransport.java:219) ~[activemq-all-5.18.3.jar:5.18.3]
	at java.lang.Thread.run(Thread.java:834) [?:?]
Caused by: java.io.EOFException
	at java.io.DataInputStream.readInt(DataInputStream.java:397) ~[?:?]
	at org.apache.activemq.openwire.OpenWireFormat.unmarshal(OpenWireFormat.java:280) ~[activemq-all-5.18.3.jar:5.18.3]
	at org.apache.activemq.transport.tcp.TcpTransport.readCommand(TcpTransport.java:240) ~[activemq-all-5.18.3.jar:5.18.3]
	at org.apache.activemq.transport.tcp.TcpTransport.doRun(TcpTransport.java:232) ~[activemq-all-5.18.3.jar:5.18.3]
	at org.apache.activemq.transport.tcp.TcpTransport.run(TcpTransport.java:215) ~[activemq-all-5.18.3.jar:5.18.3]
	... 1 more
05-30-2024 23:19:37 [LMS_Queue_10.203.43.114_Reconnect_Thread] WARN  mil.arl.gift.net.api.MessageClient - Caught JMSException for an inactive message client (hence why this is a warning and not an error) while disconnecting the message client message producer
05-30-2024 23:19:37 [LMS_Queue_10.203.43.114_Reconnect_Thread] WARN  mil.arl.gift.net.api.MessageClient - Caught JMSException for an inactive message client (hence why this is a warning and not an error) while disconnecting the message client broker session
05-30-2024 23:19:37 [ActiveMQ Connection Executor: tcp://localhost/127.0.0.1:61617@60485] WARN  mil.arl.gift.net.api.MessageClient - Message client for subject 'LMS_Discovery_Topic' caught JMSExcepion, attempting to reconnect.
javax.jms.JMSException: java.io.EOFException
	at org.apache.activemq.util.JMSExceptionSupport.create(JMSExceptionSupport.java:67) ~[activemq-all-5.18.3.jar:5.18.3]
	at org.apache.activemq.ActiveMQConnection.onAsyncException(ActiveMQConnection.java:2033) ~[activemq-all-5.18.3.jar:5.18.3]
	at org.apache.activemq.ActiveMQConnection.onException(ActiveMQConnection.java:2052) ~[activemq-all-5.18.3.jar:5.18.3]
	at org.apache.activemq.transport.TransportFilter.onException(TransportFilter.java:114) ~[activemq-all-5.18.3.jar:5.18.3]
	at org.apache.activemq.transport.ResponseCorrelator.onException(ResponseCorrelator.java:126) ~[activemq-all-5.18.3.jar:5.18.3]
	at org.apache.activemq.transport.TransportFilter.onException(TransportFilter.java:114) ~[activemq-all-5.18.3.jar:5.18.3]
	at org.apache.activemq.transport.TransportFilter.onException(TransportFilter.java:114) ~[activemq-all-5.18.3.jar:5.18.3]
	at org.apache.activemq.transport.WireFormatNegotiator.onException(WireFormatNegotiator.java:173) ~[activemq-all-5.18.3.jar:5.18.3]
	at org.apache.activemq.transport.AbstractInactivityMonitor.onException(AbstractInactivityMonitor.java:346) ~[activemq-all-5.18.3.jar:5.18.3]
	at org.apache.activemq.transport.TransportSupport.onException(TransportSupport.java:96) ~[activemq-all-5.18.3.jar:5.18.3]
	at org.apache.activemq.transport.tcp.TcpTransport.run(TcpTransport.java:219) ~[activemq-all-5.18.3.jar:5.18.3]
	at java.lang.Thread.run(Thread.java:834) [?:?]
Caused by: java.io.EOFException
	at java.io.DataInputStream.readInt(DataInputStream.java:397) ~[?:?]
	at org.apache.activemq.openwire.OpenWireFormat.unmarshal(OpenWireFormat.java:280) ~[activemq-all-5.18.3.jar:5.18.3]
	at org.apache.activemq.transport.tcp.TcpTransport.readCommand(TcpTransport.java:240) ~[activemq-all-5.18.3.jar:5.18.3]
	at org.apache.activemq.transport.tcp.TcpTransport.doRun(TcpTransport.java:232) ~[activemq-all-5.18.3.jar:5.18.3]
	at org.apache.activemq.transport.tcp.TcpTransport.run(TcpTransport.java:215) ~[activemq-all-5.18.3.jar:5.18.3]
	... 1 more
05-30-2024 23:19:37 [LMS_Discovery_Topic_Reconnect_Thread] WARN  mil.arl.gift.net.api.MessageClient - Caught JMSException for an inactive message client (hence why this is a warning and not an error) while disconnecting the message client message producer
05-30-2024 23:19:37 [LMS_Discovery_Topic_Reconnect_Thread] WARN  mil.arl.gift.net.api.MessageClient - Caught JMSException for an inactive message client (hence why this is a warning and not an error) while disconnecting the message client broker session
05-30-2024 23:19:38 [LMS_Discovery_Topic_Reconnect_Thread] WARN  mil.arl.gift.net.api.MessageClient - Caught JMSException for an inactive message client (hence why this is a warning and not an error) while disconnecting the message client broker connection
05-30-2024 23:19:38 [Heartbeat:LMS_Module] ERROR mil.arl.gift.net.api.MessageClient - Could not send message, message client is not in a usable state (online = false, active = true) when trying to send message:
sequence_number {
  value: 1
}
source_event_id {
  value: 1
}
time_stamp {
  seconds: 1717136377
  nanos: 740000000
}
needs_ack {
}
message_type {
  enum_name {
    value: "ModuleStatus"
  }
  class_name {
    value: "mil.arl.gift.common.enums.MessageTypeEnum"
  }
}
sender_module_type {
  value: "LMS_Module"
}
sender_module_name {
  value: "LMS_Module"
}
sender_queue_name {
  value: "LMS_Queue_10.203.43.114_Inbox"
}
destination_queue_name {
  value: "LMS_Discovery_Topic"
}
payload {
  type_url: "type.googleapis.com/ModuleStatus"
  value: "\n\f\n\nLMS_Module\022\037\n\035LMS_Queue_10.203.43.114_Inbox\032:\n\f\n\nLMS_Module\022*\n(mil.arl.gift.common.enums.ModuleTypeEnum\"8\n\t\n\aUnknown\022+\n)mil.arl.gift.common.enums.ModuleStateEnum"
}

05-30-2024 23:19:38 [Heartbeat:LMS_Module] ERROR mil.arl.gift.net.api.NetworkSession - Unable to send message to all recipients: [MessageCollection: active = true, sourceEventId = 2, ackTimer = false message = [Message: type = ModuleStatus, source event id = 1, seq # = 0, time = 2024:05:30 23:19:37:739 MST, sender type = LMS_Module, sender name = LMS_Module, sender address = LMS_Queue_10.203.43.114_Inbox, destination address = LMS_Discovery_Topic, payload = [ModuleStatus: moduleName = LMS_Module, queueName = LMS_Queue_10.203.43.114_Inbox, moduleType = LMS_Module, moduleState = Unknown], needs response = false]]
05-30-2024 23:19:39 [Heartbeat:LMS_Module] ERROR mil.arl.gift.net.api.NetworkSession - Unable to find a message client for subject name LMS_Discovery_Topic, therefore unable to send the payload = [ModuleStatus: moduleName = LMS_Module, queueName = LMS_Queue_10.203.43.114_Inbox, moduleType = LMS_Module, moduleState = Unknown] for message type ModuleStatus
05-30-2024 23:19:39 [Heartbeat:LMS_Module] ERROR mil.arl.gift.net.api.NetworkSession - Caught exception while trying to send message type ModuleStatus with payload = [ModuleStatus: moduleName = LMS_Module, queueName = LMS_Queue_10.203.43.114_Inbox, moduleType = LMS_Module, moduleState = Unknown].
java.lang.Exception: Unable to find a message client for subject name LMS_Discovery_Topic
	at mil.arl.gift.net.api.NetworkSession.sendMessage(NetworkSession.java:2874) [gift-common.jar:?]
	at mil.arl.gift.common.module.AbstractModule.sendMessage(AbstractModule.java:769) [gift-common.jar:?]
	at mil.arl.gift.lms.LmsModule.sendModuleStatus(LmsModule.java:481) [gift-lms.jar:?]
	at mil.arl.gift.common.module.ModuleHeartbeatDaemon.handleHeartbeat(ModuleHeartbeatDaemon.java:127) [gift-common.jar:?]
	at mil.arl.gift.common.module.ModuleHeartbeatDaemon$HeartbeatThread.run(ModuleHeartbeatDaemon.java:118) [gift-common.jar:?]
05-30-2024 23:19:40 [Heartbeat:LMS_Module] ERROR mil.arl.gift.net.api.NetworkSession - Unable to find a message client for subject name LMS_Discovery_Topic, therefore unable to send the payload = [ModuleStatus: moduleName = LMS_Module, queueName = LMS_Queue_10.203.43.114_Inbox, moduleType = LMS_Module, moduleState = Unknown] for message type ModuleStatus
05-30-2024 23:19:40 [Heartbeat:LMS_Module] ERROR mil.arl.gift.net.api.NetworkSession - Caught exception while trying to send message type ModuleStatus with payload = [ModuleStatus: moduleName = LMS_Module, queueName = LMS_Queue_10.203.43.114_Inbox, moduleType = LMS_Module, moduleState = Unknown].
java.lang.Exception: Unable to find a message client for subject name LMS_Discovery_Topic
	at mil.arl.gift.net.api.NetworkSession.sendMessage(NetworkSession.java:2874) [gift-common.jar:?]
	at mil.arl.gift.common.module.AbstractModule.sendMessage(AbstractModule.java:769) [gift-common.jar:?]
	at mil.arl.gift.lms.LmsModule.sendModuleStatus(LmsModule.java:481) [gift-lms.jar:?]
	at mil.arl.gift.common.module.ModuleHeartbeatDaemon.handleHeartbeat(ModuleHeartbeatDaemon.java:127) [gift-common.jar:?]
	at mil.arl.gift.common.module.ModuleHeartbeatDaemon$HeartbeatThread.run(ModuleHeartbeatDaemon.java:118) [gift-common.jar:?]
05-30-2024 23:19:41 [Heartbeat:LMS_Module] ERROR mil.arl.gift.net.api.NetworkSession - Unable to find a message client for subject name LMS_Discovery_Topic, therefore unable to send the payload = [ModuleStatus: moduleName = LMS_Module, queueName = LMS_Queue_10.203.43.114_Inbox, moduleType = LMS_Module, moduleState = Unknown] for message type ModuleStatus
05-30-2024 23:19:41 [Heartbeat:LMS_Module] ERROR mil.arl.gift.net.api.NetworkSession - Caught exception while trying to send message type ModuleStatus with payload = [ModuleStatus: moduleName = LMS_Module, queueName = LMS_Queue_10.203.43.114_Inbox, moduleType = LMS_Module, moduleState = Unknown].
java.lang.Exception: Unable to find a message client for subject name LMS_Discovery_Topic
	at mil.arl.gift.net.api.NetworkSession.sendMessage(NetworkSession.java:2874) [gift-common.jar:?]
	at mil.arl.gift.common.module.AbstractModule.sendMessage(AbstractModule.java:769) [gift-common.jar:?]
	at mil.arl.gift.lms.LmsModule.sendModuleStatus(LmsModule.java:481) [gift-lms.jar:?]
	at mil.arl.gift.common.module.ModuleHeartbeatDaemon.handleHeartbeat(ModuleHeartbeatDaemon.java:127) [gift-common.jar:?]
	at mil.arl.gift.common.module.ModuleHeartbeatDaemon$HeartbeatThread.run(ModuleHeartbeatDaemon.java:118) [gift-common.jar:?]
05-30-2024 23:19:42 [Heartbeat:LMS_Module] ERROR mil.arl.gift.net.api.NetworkSession - Unable to find a message client for subject name LMS_Discovery_Topic, therefore unable to send the payload = [ModuleStatus: moduleName = LMS_Module, queueName = LMS_Queue_10.203.43.114_Inbox, moduleType = LMS_Module, moduleState = Unknown] for message type ModuleStatus
05-30-2024 23:19:42 [Heartbeat:LMS_Module] ERROR mil.arl.gift.net.api.NetworkSession - Caught exception while trying to send message type ModuleStatus with payload = [ModuleStatus: moduleName = LMS_Module, queueName = LMS_Queue_10.203.43.114_Inbox, moduleType = LMS_Module, moduleState = Unknown].
java.lang.Exception: Unable to find a message client for subject name LMS_Discovery_Topic
	at mil.arl.gift.net.api.NetworkSession.sendMessage(NetworkSession.java:2874) [gift-common.jar:?]
	at mil.arl.gift.common.module.AbstractModule.sendMessage(AbstractModule.java:769) [gift-common.jar:?]
	at mil.arl.gift.lms.LmsModule.sendModuleStatus(LmsModule.java:481) [gift-lms.jar:?]
	at mil.arl.gift.common.module.ModuleHeartbeatDaemon.handleHeartbeat(ModuleHeartbeatDaemon.java:127) [gift-common.jar:?]
	at mil.arl.gift.common.module.ModuleHeartbeatDaemon$HeartbeatThread.run(ModuleHeartbeatDaemon.java:118) [gift-common.jar:?]
05-30-2024 23:19:43 [Heartbeat:LMS_Module] ERROR mil.arl.gift.net.api.NetworkSession - Unable to find a message client for subject name LMS_Discovery_Topic, therefore unable to send the payload = [ModuleStatus: moduleName = LMS_Module, queueName = LMS_Queue_10.203.43.114_Inbox, moduleType = LMS_Module, moduleState = Unknown] for message type ModuleStatus
05-30-2024 23:19:43 [Heartbeat:LMS_Module] ERROR mil.arl.gift.net.api.NetworkSession - Caught exception while trying to send message type ModuleStatus with payload = [ModuleStatus: moduleName = LMS_Module, queueName = LMS_Queue_10.203.43.114_Inbox, moduleType = LMS_Module, moduleState = Unknown].
java.lang.Exception: Unable to find a message client for subject name LMS_Discovery_Topic
	at mil.arl.gift.net.api.NetworkSession.sendMessage(NetworkSession.java:2874) [gift-common.jar:?]
	at mil.arl.gift.common.module.AbstractModule.sendMessage(AbstractModule.java:769) [gift-common.jar:?]
	at mil.arl.gift.lms.LmsModule.sendModuleStatus(LmsModule.java:481) [gift-lms.jar:?]
	at mil.arl.gift.common.module.ModuleHeartbeatDaemon.handleHeartbeat(ModuleHeartbeatDaemon.java:127) [gift-common.jar:?]
	at mil.arl.gift.common.module.ModuleHeartbeatDaemon$HeartbeatThread.run(ModuleHeartbeatDaemon.java:118) [gift-common.jar:?]
05-30-2024 23:19:44 [Heartbeat:LMS_Module] ERROR mil.arl.gift.net.api.NetworkSession - Unable to find a message client for subject name LMS_Discovery_Topic, therefore unable to send the payload = [ModuleStatus: moduleName = LMS_Module, queueName = LMS_Queue_10.203.43.114_Inbox, moduleType = LMS_Module, moduleState = Unknown] for message type ModuleStatus
05-30-2024 23:19:44 [Heartbeat:LMS_Module] ERROR mil.arl.gift.net.api.NetworkSession - Caught exception while trying to send message type ModuleStatus with payload = [ModuleStatus: moduleName = LMS_Module, queueName = LMS_Queue_10.203.43.114_Inbox, moduleType = LMS_Module, moduleState = Unknown].
java.lang.Exception: Unable to find a message client for subject name LMS_Discovery_Topic
	at mil.arl.gift.net.api.NetworkSession.sendMessage(NetworkSession.java:2874) [gift-common.jar:?]
	at mil.arl.gift.common.module.AbstractModule.sendMessage(AbstractModule.java:769) [gift-common.jar:?]
	at mil.arl.gift.lms.LmsModule.sendModuleStatus(LmsModule.java:481) [gift-lms.jar:?]
	at mil.arl.gift.common.module.ModuleHeartbeatDaemon.handleHeartbeat(ModuleHeartbeatDaemon.java:127) [gift-common.jar:?]
	at mil.arl.gift.common.module.ModuleHeartbeatDaemon$HeartbeatThread.run(ModuleHeartbeatDaemon.java:118) [gift-common.jar:?]
05-30-2024 23:19:45 [Heartbeat:LMS_Module] ERROR mil.arl.gift.net.api.NetworkSession - Unable to find a message client for subject name LMS_Discovery_Topic, therefore unable to send the payload = [ModuleStatus: moduleName = LMS_Module, queueName = LMS_Queue_10.203.43.114_Inbox, moduleType = LMS_Module, moduleState = Unknown] for message type ModuleStatus
05-30-2024 23:19:45 [Heartbeat:LMS_Module] ERROR mil.arl.gift.net.api.NetworkSession - Caught exception while trying to send message type ModuleStatus with payload = [ModuleStatus: moduleName = LMS_Module, queueName = LMS_Queue_10.203.43.114_Inbox, moduleType = LMS_Module, moduleState = Unknown].
java.lang.Exception: Unable to find a message client for subject name LMS_Discovery_Topic
	at mil.arl.gift.net.api.NetworkSession.sendMessage(NetworkSession.java:2874) [gift-common.jar:?]
	at mil.arl.gift.common.module.AbstractModule.sendMessage(AbstractModule.java:769) [gift-common.jar:?]
	at mil.arl.gift.lms.LmsModule.sendModuleStatus(LmsModule.java:481) [gift-lms.jar:?]
	at mil.arl.gift.common.module.ModuleHeartbeatDaemon.handleHeartbeat(ModuleHeartbeatDaemon.java:127) [gift-common.jar:?]
	at mil.arl.gift.common.module.ModuleHeartbeatDaemon$HeartbeatThread.run(ModuleHeartbeatDaemon.java:118) [gift-common.jar:?]
05-30-2024 23:19:46 [Heartbeat:LMS_Module] ERROR mil.arl.gift.net.api.NetworkSession - Unable to find a message client for subject name LMS_Discovery_Topic, therefore unable to send the payload = [ModuleStatus: moduleName = LMS_Module, queueName = LMS_Queue_10.203.43.114_Inbox, moduleType = LMS_Module, moduleState = Unknown] for message type ModuleStatus
05-30-2024 23:19:46 [Heartbeat:LMS_Module] ERROR mil.arl.gift.net.api.NetworkSession - Caught exception while trying to send message type ModuleStatus with payload = [ModuleStatus: moduleName = LMS_Module, queueName = LMS_Queue_10.203.43.114_Inbox, moduleType = LMS_Module, moduleState = Unknown].
java.lang.Exception: Unable to find a message client for subject name LMS_Discovery_Topic
	at mil.arl.gift.net.api.NetworkSession.sendMessage(NetworkSession.java:2874) [gift-common.jar:?]
	at mil.arl.gift.common.module.AbstractModule.sendMessage(AbstractModule.java:769) [gift-common.jar:?]
	at mil.arl.gift.lms.LmsModule.sendModuleStatus(LmsModule.java:481) [gift-lms.jar:?]
	at mil.arl.gift.common.module.ModuleHeartbeatDaemon.handleHeartbeat(ModuleHeartbeatDaemon.java:127) [gift-common.jar:?]
	at mil.arl.gift.common.module.ModuleHeartbeatDaemon$HeartbeatThread.run(ModuleHeartbeatDaemon.java:118) [gift-common.jar:?]
05-30-2024 23:19:47 [Heartbeat:LMS_Module] ERROR mil.arl.gift.net.api.NetworkSession - Unable to find a message client for subject name LMS_Discovery_Topic, therefore unable to send the payload = [ModuleStatus: moduleName = LMS_Module, queueName = LMS_Queue_10.203.43.114_Inbox, moduleType = LMS_Module, moduleState = Unknown] for message type ModuleStatus
05-30-2024 23:19:47 [Heartbeat:LMS_Module] ERROR mil.arl.gift.net.api.NetworkSession - Caught exception while trying to send message type ModuleStatus with payload = [ModuleStatus: moduleName = LMS_Module, queueName = LMS_Queue_10.203.43.114_Inbox, moduleType = LMS_Module, moduleState = Unknown].
java.lang.Exception: Unable to find a message client for subject name LMS_Discovery_Topic
	at mil.arl.gift.net.api.NetworkSession.sendMessage(NetworkSession.java:2874) [gift-common.jar:?]
	at mil.arl.gift.common.module.AbstractModule.sendMessage(AbstractModule.java:769) [gift-common.jar:?]
	at mil.arl.gift.lms.LmsModule.sendModuleStatus(LmsModule.java:481) [gift-lms.jar:?]
	at mil.arl.gift.common.module.ModuleHeartbeatDaemon.handleHeartbeat(ModuleHeartbeatDaemon.java:127) [gift-common.jar:?]
	at mil.arl.gift.common.module.ModuleHeartbeatDaemon$HeartbeatThread.run(ModuleHeartbeatDaemon.java:118) [gift-common.jar:?]
