05-30-2024 21:20:11 [Sensor Single Process Thread] WARN  mil.arl.gift.sensor.SensorModule - There is no sensor configuration file property value, therefore the sensor module will not be configured with any sensors.  To change this configuration, update the SensorConfigurationFile property in sensor\sensor.properties to point to the appropriate sensor configuration XML file.
05-30-2024 21:21:37 [Kill Module] ERROR mil.arl.gift.net.api.MessageClient - Failed to destroy the destination of 'Sensor_Queue_10.203.43.114'.
mil.arl.gift.common.io.DetailedException: Failed to invoke the 'removeQueue' operation on 'Sensor_Queue_10.203.43.114' through JMX connection.  Does that destination exist? Check the ActiveMQ Console (e.g. http://localhost:8161/admin/index.jsp). The error reads:
org.apache.activemq:BrokerName=localhost,Type=Broker
	at mil.arl.gift.net.api.MessageClient.attemptDestroy(MessageClient.java:446) ~[gift-common.jar:?]
	at mil.arl.gift.net.api.MessageClient.attemptDestroy(MessageClient.java:497) ~[gift-common.jar:?]
	at mil.arl.gift.net.api.MessageClient.terminateConnection(MessageClient.java:1010) [gift-common.jar:?]
	at mil.arl.gift.net.api.MessageClient.disconnect(MessageClient.java:876) [gift-common.jar:?]
	at mil.arl.gift.net.api.NetworkSession.cleanup(NetworkSession.java:3199) [gift-common.jar:?]
	at mil.arl.gift.common.module.AbstractModule.cleanup(AbstractModule.java:1124) [gift-common.jar:?]
	at mil.arl.gift.sensor.SensorModule.cleanup(SensorModule.java:660) [gift-sensor.jar:?]
	at mil.arl.gift.common.module.AbstractModule.killModule(AbstractModule.java:1087) [gift-common.jar:?]
	at mil.arl.gift.sensor.SensorModule$1.run(SensorModule.java:396) [gift-sensor.jar:?]
Caused by: javax.management.InstanceNotFoundException: org.apache.activemq:BrokerName=localhost,Type=Broker
	at com.sun.jmx.interceptor.DefaultMBeanServerInterceptor.getMBean(DefaultMBeanServerInterceptor.java:1083) ~[?:?]
	at com.sun.jmx.interceptor.DefaultMBeanServerInterceptor.getClassLoaderFor(DefaultMBeanServerInterceptor.java:1421) ~[?:?]
	at com.sun.jmx.mbeanserver.JmxMBeanServer.getClassLoaderFor(JmxMBeanServer.java:1322) ~[?:?]
	at javax.management.remote.rmi.RMIConnectionImpl$6.run(RMIConnectionImpl.java:1363) ~[?:?]
	at java.security.AccessController.doPrivileged(Native Method) ~[?:?]
	at javax.management.remote.rmi.RMIConnectionImpl.getClassLoaderFor(RMIConnectionImpl.java:1360) ~[?:?]
	at javax.management.remote.rmi.RMIConnectionImpl.invoke(RMIConnectionImpl.java:811) ~[?:?]
	at jdk.internal.reflect.NativeMethodAccessorImpl.invoke0(Native Method) ~[?:?]
	at jdk.internal.reflect.NativeMethodAccessorImpl.invoke(NativeMethodAccessorImpl.java:62) ~[?:?]
	at jdk.internal.reflect.DelegatingMethodAccessorImpl.invoke(DelegatingMethodAccessorImpl.java:43) ~[?:?]
	at java.lang.reflect.Method.invoke(Method.java:566) ~[?:?]
	at sun.rmi.server.UnicastServerRef.dispatch(UnicastServerRef.java:359) ~[?:?]
	at sun.rmi.transport.Transport$1.run(Transport.java:200) ~[?:?]
	at sun.rmi.transport.Transport$1.run(Transport.java:197) ~[?:?]
	at java.security.AccessController.doPrivileged(Native Method) ~[?:?]
	at sun.rmi.transport.Transport.serviceCall(Transport.java:196) ~[?:?]
	at sun.rmi.transport.tcp.TCPTransport.handleMessages(TCPTransport.java:562) ~[?:?]
	at sun.rmi.transport.tcp.TCPTransport$ConnectionHandler.run0(TCPTransport.java:796) ~[?:?]
	at sun.rmi.transport.tcp.TCPTransport$ConnectionHandler.lambda$run$0(TCPTransport.java:677) ~[?:?]
	at java.security.AccessController.doPrivileged(Native Method) ~[?:?]
	at sun.rmi.transport.tcp.TCPTransport$ConnectionHandler.run(TCPTransport.java:676) ~[?:?]
	at java.util.concurrent.ThreadPoolExecutor.runWorker(ThreadPoolExecutor.java:1128) ~[?:?]
	at java.util.concurrent.ThreadPoolExecutor$Worker.run(ThreadPoolExecutor.java:628) ~[?:?]
	at java.lang.Thread.run(Thread.java:834) ~[?:?]
	at sun.rmi.transport.StreamRemoteCall.exceptionReceivedFromServer(StreamRemoteCall.java:283) ~[?:?]
	at sun.rmi.transport.StreamRemoteCall.executeCall(StreamRemoteCall.java:260) ~[?:?]
	at sun.rmi.server.UnicastRef.invoke(UnicastRef.java:161) ~[?:?]
	at jdk.jmx.remote.internal.rmi.PRef.invoke(Unknown Source) ~[?:?]
	at javax.management.remote.rmi.RMIConnectionImpl_Stub.invoke(Unknown Source) ~[?:?]
	at javax.management.remote.rmi.RMIConnector$RemoteMBeanServerConnection.invoke(RMIConnector.java:1021) ~[?:?]
	at mil.arl.gift.net.api.MessageClient.attemptDestroy(MessageClient.java:423) ~[gift-common.jar:?]
	... 8 more
