05-30-2024 23:29:30 [ActiveMQ Connection Executor: tcp://localhost/127.0.0.1:61617@60862] WARN  mil.arl.gift.net.api.MessageClient - Message client for subject 'WebMonitor_Queue:10.203.43.114' caught JMSExcepion, attempting to reconnect.
javax.jms.JMSException: java.io.EOFException
	at org.apache.activemq.util.JMSExceptionSupport.create(JMSExceptionSupport.java:67) ~[activemq-all-5.18.3.jar:5.18.3]
	at org.apache.activemq.ActiveMQConnection.onAsyncException(ActiveMQConnection.java:2033) ~[activemq-all-5.18.3.jar:5.18.3]
	at org.apache.activemq.ActiveMQConnection.onException(ActiveMQConnection.java:2052) ~[activemq-all-5.18.3.jar:5.18.3]
	at org.apache.activemq.transport.TransportFilter.onException(TransportFilter.java:114) ~[activemq-all-5.18.3.jar:5.18.3]
	at org.apache.activemq.transport.ResponseCorrelator.onException(ResponseCorrelator.java:126) ~[activemq-all-5.18.3.jar:5.18.3]
	at org.apache.activemq.transport.TransportFilter.onException(TransportFilter.java:114) ~[activemq-all-5.18.3.jar:5.18.3]
	at org.apache.activemq.transport.TransportFilter.onException(TransportFilter.java:114) ~[activemq-all-5.18.3.jar:5.18.3]
	at org.apache.activemq.transport.WireFormatNegotiator.onException(WireFormatNegotiator.java:173) ~[activemq-all-5.18.3.jar:5.18.3]
	at org.apache.activemq.transport.AbstractInactivityMonitor.onException(AbstractInactivityMonitor.java:346) ~[activemq-all-5.18.3.jar:5.18.3]
	at org.apache.activemq.transport.TransportSupport.onException(TransportSupport.java:96) ~[activemq-all-5.18.3.jar:5.18.3]
	at org.apache.activemq.transport.tcp.TcpTransport.run(TcpTransport.java:219) ~[activemq-all-5.18.3.jar:5.18.3]
	at java.lang.Thread.run(Thread.java:834) [?:?]
Caused by: java.io.EOFException
	at java.io.DataInputStream.readInt(DataInputStream.java:397) ~[?:?]
	at org.apache.activemq.openwire.OpenWireFormat.unmarshal(OpenWireFormat.java:280) ~[activemq-all-5.18.3.jar:5.18.3]
	at org.apache.activemq.transport.tcp.TcpTransport.readCommand(TcpTransport.java:240) ~[activemq-all-5.18.3.jar:5.18.3]
	at org.apache.activemq.transport.tcp.TcpTransport.doRun(TcpTransport.java:232) ~[activemq-all-5.18.3.jar:5.18.3]
	at org.apache.activemq.transport.tcp.TcpTransport.run(TcpTransport.java:215) ~[activemq-all-5.18.3.jar:5.18.3]
	... 1 more
05-30-2024 23:29:30 [ActiveMQ Connection Executor: tcp://localhost/127.0.0.1:61617@60865] WARN  mil.arl.gift.net.api.MessageClient - Message client for subject 'Sensor_Discovery_Topic' caught JMSExcepion, attempting to reconnect.
javax.jms.JMSException: java.io.EOFException
	at org.apache.activemq.util.JMSExceptionSupport.create(JMSExceptionSupport.java:67) ~[activemq-all-5.18.3.jar:5.18.3]
	at org.apache.activemq.ActiveMQConnection.onAsyncException(ActiveMQConnection.java:2033) ~[activemq-all-5.18.3.jar:5.18.3]
	at org.apache.activemq.ActiveMQConnection.onException(ActiveMQConnection.java:2052) ~[activemq-all-5.18.3.jar:5.18.3]
	at org.apache.activemq.transport.TransportFilter.onException(TransportFilter.java:114) ~[activemq-all-5.18.3.jar:5.18.3]
	at org.apache.activemq.transport.ResponseCorrelator.onException(ResponseCorrelator.java:126) ~[activemq-all-5.18.3.jar:5.18.3]
	at org.apache.activemq.transport.TransportFilter.onException(TransportFilter.java:114) ~[activemq-all-5.18.3.jar:5.18.3]
	at org.apache.activemq.transport.TransportFilter.onException(TransportFilter.java:114) ~[activemq-all-5.18.3.jar:5.18.3]
	at org.apache.activemq.transport.WireFormatNegotiator.onException(WireFormatNegotiator.java:173) ~[activemq-all-5.18.3.jar:5.18.3]
	at org.apache.activemq.transport.AbstractInactivityMonitor.onException(AbstractInactivityMonitor.java:346) ~[activemq-all-5.18.3.jar:5.18.3]
	at org.apache.activemq.transport.TransportSupport.onException(TransportSupport.java:96) ~[activemq-all-5.18.3.jar:5.18.3]
	at org.apache.activemq.transport.tcp.TcpTransport.run(TcpTransport.java:219) ~[activemq-all-5.18.3.jar:5.18.3]
	at java.lang.Thread.run(Thread.java:834) [?:?]
Caused by: java.io.EOFException
	at java.io.DataInputStream.readInt(DataInputStream.java:397) ~[?:?]
	at org.apache.activemq.openwire.OpenWireFormat.unmarshal(OpenWireFormat.java:280) ~[activemq-all-5.18.3.jar:5.18.3]
	at org.apache.activemq.transport.tcp.TcpTransport.readCommand(TcpTransport.java:240) ~[activemq-all-5.18.3.jar:5.18.3]
	at org.apache.activemq.transport.tcp.TcpTransport.doRun(TcpTransport.java:232) ~[activemq-all-5.18.3.jar:5.18.3]
	at org.apache.activemq.transport.tcp.TcpTransport.run(TcpTransport.java:215) ~[activemq-all-5.18.3.jar:5.18.3]
	... 1 more
05-30-2024 23:29:30 [ActiveMQ Connection Executor: tcp://localhost/127.0.0.1:61617@60864] WARN  mil.arl.gift.net.api.MessageClient - Message client for subject 'LMS_Discovery_Topic' caught JMSExcepion, attempting to reconnect.
javax.jms.JMSException: java.io.EOFException
	at org.apache.activemq.util.JMSExceptionSupport.create(JMSExceptionSupport.java:67) ~[activemq-all-5.18.3.jar:5.18.3]
	at org.apache.activemq.ActiveMQConnection.onAsyncException(ActiveMQConnection.java:2033) ~[activemq-all-5.18.3.jar:5.18.3]
	at org.apache.activemq.ActiveMQConnection.onException(ActiveMQConnection.java:2052) ~[activemq-all-5.18.3.jar:5.18.3]
	at org.apache.activemq.transport.TransportFilter.onException(TransportFilter.java:114) ~[activemq-all-5.18.3.jar:5.18.3]
	at org.apache.activemq.transport.ResponseCorrelator.onException(ResponseCorrelator.java:126) ~[activemq-all-5.18.3.jar:5.18.3]
	at org.apache.activemq.transport.TransportFilter.onException(TransportFilter.java:114) ~[activemq-all-5.18.3.jar:5.18.3]
	at org.apache.activemq.transport.TransportFilter.onException(TransportFilter.java:114) ~[activemq-all-5.18.3.jar:5.18.3]
	at org.apache.activemq.transport.WireFormatNegotiator.onException(WireFormatNegotiator.java:173) ~[activemq-all-5.18.3.jar:5.18.3]
	at org.apache.activemq.transport.AbstractInactivityMonitor.onException(AbstractInactivityMonitor.java:346) ~[activemq-all-5.18.3.jar:5.18.3]
	at org.apache.activemq.transport.TransportSupport.onException(TransportSupport.java:96) ~[activemq-all-5.18.3.jar:5.18.3]
	at org.apache.activemq.transport.tcp.TcpTransport.run(TcpTransport.java:219) ~[activemq-all-5.18.3.jar:5.18.3]
	at java.lang.Thread.run(Thread.java:834) [?:?]
Caused by: java.io.EOFException
	at java.io.DataInputStream.readInt(DataInputStream.java:397) ~[?:?]
	at org.apache.activemq.openwire.OpenWireFormat.unmarshal(OpenWireFormat.java:280) ~[activemq-all-5.18.3.jar:5.18.3]
	at org.apache.activemq.transport.tcp.TcpTransport.readCommand(TcpTransport.java:240) ~[activemq-all-5.18.3.jar:5.18.3]
	at org.apache.activemq.transport.tcp.TcpTransport.doRun(TcpTransport.java:232) ~[activemq-all-5.18.3.jar:5.18.3]
	at org.apache.activemq.transport.tcp.TcpTransport.run(TcpTransport.java:215) ~[activemq-all-5.18.3.jar:5.18.3]
	... 1 more
05-30-2024 23:29:30 [ActiveMQ Connection Executor: tcp://localhost/127.0.0.1:61617@60863] WARN  mil.arl.gift.net.api.MessageClient - Message client for subject 'UMS_Discovery_Topic' caught JMSExcepion, attempting to reconnect.
javax.jms.JMSException: java.io.EOFException
	at org.apache.activemq.util.JMSExceptionSupport.create(JMSExceptionSupport.java:67) ~[activemq-all-5.18.3.jar:5.18.3]
	at org.apache.activemq.ActiveMQConnection.onAsyncException(ActiveMQConnection.java:2033) ~[activemq-all-5.18.3.jar:5.18.3]
	at org.apache.activemq.ActiveMQConnection.onException(ActiveMQConnection.java:2052) ~[activemq-all-5.18.3.jar:5.18.3]
	at org.apache.activemq.transport.TransportFilter.onException(TransportFilter.java:114) ~[activemq-all-5.18.3.jar:5.18.3]
	at org.apache.activemq.transport.ResponseCorrelator.onException(ResponseCorrelator.java:126) ~[activemq-all-5.18.3.jar:5.18.3]
	at org.apache.activemq.transport.TransportFilter.onException(TransportFilter.java:114) ~[activemq-all-5.18.3.jar:5.18.3]
	at org.apache.activemq.transport.TransportFilter.onException(TransportFilter.java:114) ~[activemq-all-5.18.3.jar:5.18.3]
	at org.apache.activemq.transport.WireFormatNegotiator.onException(WireFormatNegotiator.java:173) ~[activemq-all-5.18.3.jar:5.18.3]
	at org.apache.activemq.transport.AbstractInactivityMonitor.onException(AbstractInactivityMonitor.java:346) ~[activemq-all-5.18.3.jar:5.18.3]
	at org.apache.activemq.transport.TransportSupport.onException(TransportSupport.java:96) ~[activemq-all-5.18.3.jar:5.18.3]
	at org.apache.activemq.transport.tcp.TcpTransport.run(TcpTransport.java:219) ~[activemq-all-5.18.3.jar:5.18.3]
	at java.lang.Thread.run(Thread.java:834) [?:?]
Caused by: java.io.EOFException
	at java.io.DataInputStream.readInt(DataInputStream.java:397) ~[?:?]
	at org.apache.activemq.openwire.OpenWireFormat.unmarshal(OpenWireFormat.java:280) ~[activemq-all-5.18.3.jar:5.18.3]
	at org.apache.activemq.transport.tcp.TcpTransport.readCommand(TcpTransport.java:240) ~[activemq-all-5.18.3.jar:5.18.3]
	at org.apache.activemq.transport.tcp.TcpTransport.doRun(TcpTransport.java:232) ~[activemq-all-5.18.3.jar:5.18.3]
	at org.apache.activemq.transport.tcp.TcpTransport.run(TcpTransport.java:215) ~[activemq-all-5.18.3.jar:5.18.3]
	... 1 more
05-30-2024 23:29:30 [ActiveMQ Connection Executor: tcp://localhost/127.0.0.1:61617@60866] WARN  mil.arl.gift.net.api.MessageClient - Message client for subject 'Learner_Discovery_Topic' caught JMSExcepion, attempting to reconnect.
javax.jms.JMSException: java.io.EOFException
	at org.apache.activemq.util.JMSExceptionSupport.create(JMSExceptionSupport.java:67) ~[activemq-all-5.18.3.jar:5.18.3]
	at org.apache.activemq.ActiveMQConnection.onAsyncException(ActiveMQConnection.java:2033) ~[activemq-all-5.18.3.jar:5.18.3]
	at org.apache.activemq.ActiveMQConnection.onException(ActiveMQConnection.java:2052) ~[activemq-all-5.18.3.jar:5.18.3]
	at org.apache.activemq.transport.TransportFilter.onException(TransportFilter.java:114) ~[activemq-all-5.18.3.jar:5.18.3]
	at org.apache.activemq.transport.ResponseCorrelator.onException(ResponseCorrelator.java:126) ~[activemq-all-5.18.3.jar:5.18.3]
	at org.apache.activemq.transport.TransportFilter.onException(TransportFilter.java:114) ~[activemq-all-5.18.3.jar:5.18.3]
	at org.apache.activemq.transport.TransportFilter.onException(TransportFilter.java:114) ~[activemq-all-5.18.3.jar:5.18.3]
	at org.apache.activemq.transport.WireFormatNegotiator.onException(WireFormatNegotiator.java:173) ~[activemq-all-5.18.3.jar:5.18.3]
	at org.apache.activemq.transport.AbstractInactivityMonitor.onException(AbstractInactivityMonitor.java:346) ~[activemq-all-5.18.3.jar:5.18.3]
	at org.apache.activemq.transport.TransportSupport.onException(TransportSupport.java:96) ~[activemq-all-5.18.3.jar:5.18.3]
	at org.apache.activemq.transport.tcp.TcpTransport.run(TcpTransport.java:219) ~[activemq-all-5.18.3.jar:5.18.3]
	at java.lang.Thread.run(Thread.java:834) [?:?]
Caused by: java.io.EOFException
	at java.io.DataInputStream.readInt(DataInputStream.java:397) ~[?:?]
	at org.apache.activemq.openwire.OpenWireFormat.unmarshal(OpenWireFormat.java:280) ~[activemq-all-5.18.3.jar:5.18.3]
	at org.apache.activemq.transport.tcp.TcpTransport.readCommand(TcpTransport.java:240) ~[activemq-all-5.18.3.jar:5.18.3]
	at org.apache.activemq.transport.tcp.TcpTransport.doRun(TcpTransport.java:232) ~[activemq-all-5.18.3.jar:5.18.3]
	at org.apache.activemq.transport.tcp.TcpTransport.run(TcpTransport.java:215) ~[activemq-all-5.18.3.jar:5.18.3]
	... 1 more
05-30-2024 23:29:30 [LMS_Discovery_Topic_Reconnect_Thread] WARN  mil.arl.gift.net.api.MessageClient - Caught JMSException for an inactive message client (hence why this is a warning and not an error) while disconnecting the message client message producer
05-30-2024 23:29:30 [UMS_Discovery_Topic_Reconnect_Thread] WARN  mil.arl.gift.net.api.MessageClient - Caught JMSException for an inactive message client (hence why this is a warning and not an error) while disconnecting the message client message producer
05-30-2024 23:29:30 [Sensor_Discovery_Topic_Reconnect_Thread] WARN  mil.arl.gift.net.api.MessageClient - Caught JMSException for an inactive message client (hence why this is a warning and not an error) while disconnecting the message client message producer
05-30-2024 23:29:30 [WebMonitor_Queue:10.203.43.114_Reconnect_Thread] WARN  mil.arl.gift.net.api.MessageClient - Caught JMSException for an inactive message client (hence why this is a warning and not an error) while disconnecting the message client message producer
05-30-2024 23:29:30 [Learner_Discovery_Topic_Reconnect_Thread] WARN  mil.arl.gift.net.api.MessageClient - Caught JMSException for an inactive message client (hence why this is a warning and not an error) while disconnecting the message client message producer
05-30-2024 23:29:30 [ActiveMQ Connection Executor: tcp://localhost/127.0.0.1:61617@60867] WARN  mil.arl.gift.net.api.MessageClient - Message client for subject 'Pedagogical_Discovery_Topic' caught JMSExcepion, attempting to reconnect.
javax.jms.JMSException: java.io.EOFException
	at org.apache.activemq.util.JMSExceptionSupport.create(JMSExceptionSupport.java:67) ~[activemq-all-5.18.3.jar:5.18.3]
	at org.apache.activemq.ActiveMQConnection.onAsyncException(ActiveMQConnection.java:2033) ~[activemq-all-5.18.3.jar:5.18.3]
	at org.apache.activemq.ActiveMQConnection.onException(ActiveMQConnection.java:2052) ~[activemq-all-5.18.3.jar:5.18.3]
	at org.apache.activemq.transport.TransportFilter.onException(TransportFilter.java:114) ~[activemq-all-5.18.3.jar:5.18.3]
	at org.apache.activemq.transport.ResponseCorrelator.onException(ResponseCorrelator.java:126) ~[activemq-all-5.18.3.jar:5.18.3]
	at org.apache.activemq.transport.TransportFilter.onException(TransportFilter.java:114) ~[activemq-all-5.18.3.jar:5.18.3]
	at org.apache.activemq.transport.TransportFilter.onException(TransportFilter.java:114) ~[activemq-all-5.18.3.jar:5.18.3]
	at org.apache.activemq.transport.WireFormatNegotiator.onException(WireFormatNegotiator.java:173) ~[activemq-all-5.18.3.jar:5.18.3]
	at org.apache.activemq.transport.AbstractInactivityMonitor.onException(AbstractInactivityMonitor.java:346) ~[activemq-all-5.18.3.jar:5.18.3]
	at org.apache.activemq.transport.TransportSupport.onException(TransportSupport.java:96) ~[activemq-all-5.18.3.jar:5.18.3]
	at org.apache.activemq.transport.tcp.TcpTransport.run(TcpTransport.java:219) ~[activemq-all-5.18.3.jar:5.18.3]
	at java.lang.Thread.run(Thread.java:834) [?:?]
Caused by: java.io.EOFException
	at java.io.DataInputStream.readInt(DataInputStream.java:397) ~[?:?]
	at org.apache.activemq.openwire.OpenWireFormat.unmarshal(OpenWireFormat.java:280) ~[activemq-all-5.18.3.jar:5.18.3]
	at org.apache.activemq.transport.tcp.TcpTransport.readCommand(TcpTransport.java:240) ~[activemq-all-5.18.3.jar:5.18.3]
	at org.apache.activemq.transport.tcp.TcpTransport.doRun(TcpTransport.java:232) ~[activemq-all-5.18.3.jar:5.18.3]
	at org.apache.activemq.transport.tcp.TcpTransport.run(TcpTransport.java:215) ~[activemq-all-5.18.3.jar:5.18.3]
	... 1 more
05-30-2024 23:29:30 [UMS_Discovery_Topic_Reconnect_Thread] WARN  mil.arl.gift.net.api.MessageClient - Caught JMSException for an inactive message client (hence why this is a warning and not an error) while disconnecting the message client broker session
05-30-2024 23:29:30 [LMS_Discovery_Topic_Reconnect_Thread] WARN  mil.arl.gift.net.api.MessageClient - Caught JMSException for an inactive message client (hence why this is a warning and not an error) while disconnecting the message client broker session
05-30-2024 23:29:30 [Pedagogical_Discovery_Topic_Reconnect_Thread] WARN  mil.arl.gift.net.api.MessageClient - Caught JMSException for an inactive message client (hence why this is a warning and not an error) while disconnecting the message client message producer
05-30-2024 23:29:30 [ActiveMQ Connection Executor: tcp://localhost/127.0.0.1:61617@60868] WARN  mil.arl.gift.net.api.MessageClient - Message client for subject 'Gateway_Discovery_Topic' caught JMSExcepion, attempting to reconnect.
javax.jms.JMSException: java.io.EOFException
	at org.apache.activemq.util.JMSExceptionSupport.create(JMSExceptionSupport.java:67) ~[activemq-all-5.18.3.jar:5.18.3]
	at org.apache.activemq.ActiveMQConnection.onAsyncException(ActiveMQConnection.java:2033) ~[activemq-all-5.18.3.jar:5.18.3]
	at org.apache.activemq.ActiveMQConnection.onException(ActiveMQConnection.java:2052) ~[activemq-all-5.18.3.jar:5.18.3]
	at org.apache.activemq.transport.TransportFilter.onException(TransportFilter.java:114) ~[activemq-all-5.18.3.jar:5.18.3]
	at org.apache.activemq.transport.ResponseCorrelator.onException(ResponseCorrelator.java:126) ~[activemq-all-5.18.3.jar:5.18.3]
	at org.apache.activemq.transport.TransportFilter.onException(TransportFilter.java:114) ~[activemq-all-5.18.3.jar:5.18.3]
	at org.apache.activemq.transport.TransportFilter.onException(TransportFilter.java:114) ~[activemq-all-5.18.3.jar:5.18.3]
	at org.apache.activemq.transport.WireFormatNegotiator.onException(WireFormatNegotiator.java:173) ~[activemq-all-5.18.3.jar:5.18.3]
	at org.apache.activemq.transport.AbstractInactivityMonitor.onException(AbstractInactivityMonitor.java:346) ~[activemq-all-5.18.3.jar:5.18.3]
	at org.apache.activemq.transport.TransportSupport.onException(TransportSupport.java:96) ~[activemq-all-5.18.3.jar:5.18.3]
	at org.apache.activemq.transport.tcp.TcpTransport.run(TcpTransport.java:219) ~[activemq-all-5.18.3.jar:5.18.3]
	at java.lang.Thread.run(Thread.java:834) [?:?]
Caused by: java.io.EOFException
	at java.io.DataInputStream.readInt(DataInputStream.java:397) ~[?:?]
	at org.apache.activemq.openwire.OpenWireFormat.unmarshal(OpenWireFormat.java:280) ~[activemq-all-5.18.3.jar:5.18.3]
	at org.apache.activemq.transport.tcp.TcpTransport.readCommand(TcpTransport.java:240) ~[activemq-all-5.18.3.jar:5.18.3]
	at org.apache.activemq.transport.tcp.TcpTransport.doRun(TcpTransport.java:232) ~[activemq-all-5.18.3.jar:5.18.3]
	at org.apache.activemq.transport.tcp.TcpTransport.run(TcpTransport.java:215) ~[activemq-all-5.18.3.jar:5.18.3]
	... 1 more
05-30-2024 23:29:30 [Pedagogical_Discovery_Topic_Reconnect_Thread] WARN  mil.arl.gift.net.api.MessageClient - Caught JMSException for an inactive message client (hence why this is a warning and not an error) while disconnecting the message client broker session
05-30-2024 23:29:30 [Gateway_Discovery_Topic_Reconnect_Thread] WARN  mil.arl.gift.net.api.MessageClient - Caught JMSException for an inactive message client (hence why this is a warning and not an error) while disconnecting the message client message producer
05-30-2024 23:29:30 [Gateway_Discovery_Topic_Reconnect_Thread] WARN  mil.arl.gift.net.api.MessageClient - Caught JMSException for an inactive message client (hence why this is a warning and not an error) while disconnecting the message client broker session
05-30-2024 23:29:30 [Gateway_Discovery_Topic_Reconnect_Thread] WARN  mil.arl.gift.net.api.MessageClient - Caught JMSException for an inactive message client (hence why this is a warning and not an error) while disconnecting the message client broker connection
05-30-2024 23:29:30 [ActiveMQ Connection Executor: tcp://localhost/127.0.0.1:61617@60869] WARN  mil.arl.gift.net.api.MessageClient - Message client for subject 'Tutor_Discovery_Topic' caught JMSExcepion, attempting to reconnect.
javax.jms.JMSException: java.io.EOFException
	at org.apache.activemq.util.JMSExceptionSupport.create(JMSExceptionSupport.java:67) ~[activemq-all-5.18.3.jar:5.18.3]
	at org.apache.activemq.ActiveMQConnection.onAsyncException(ActiveMQConnection.java:2033) ~[activemq-all-5.18.3.jar:5.18.3]
	at org.apache.activemq.ActiveMQConnection.onException(ActiveMQConnection.java:2052) ~[activemq-all-5.18.3.jar:5.18.3]
	at org.apache.activemq.transport.TransportFilter.onException(TransportFilter.java:114) ~[activemq-all-5.18.3.jar:5.18.3]
	at org.apache.activemq.transport.ResponseCorrelator.onException(ResponseCorrelator.java:126) ~[activemq-all-5.18.3.jar:5.18.3]
	at org.apache.activemq.transport.TransportFilter.onException(TransportFilter.java:114) ~[activemq-all-5.18.3.jar:5.18.3]
	at org.apache.activemq.transport.TransportFilter.onException(TransportFilter.java:114) ~[activemq-all-5.18.3.jar:5.18.3]
	at org.apache.activemq.transport.WireFormatNegotiator.onException(WireFormatNegotiator.java:173) ~[activemq-all-5.18.3.jar:5.18.3]
	at org.apache.activemq.transport.AbstractInactivityMonitor.onException(AbstractInactivityMonitor.java:346) ~[activemq-all-5.18.3.jar:5.18.3]
	at org.apache.activemq.transport.TransportSupport.onException(TransportSupport.java:96) ~[activemq-all-5.18.3.jar:5.18.3]
	at org.apache.activemq.transport.tcp.TcpTransport.run(TcpTransport.java:219) ~[activemq-all-5.18.3.jar:5.18.3]
	at java.lang.Thread.run(Thread.java:834) [?:?]
Caused by: java.io.EOFException
	at java.io.DataInputStream.readInt(DataInputStream.java:397) ~[?:?]
	at org.apache.activemq.openwire.OpenWireFormat.unmarshal(OpenWireFormat.java:280) ~[activemq-all-5.18.3.jar:5.18.3]
	at org.apache.activemq.transport.tcp.TcpTransport.readCommand(TcpTransport.java:240) ~[activemq-all-5.18.3.jar:5.18.3]
	at org.apache.activemq.transport.tcp.TcpTransport.doRun(TcpTransport.java:232) ~[activemq-all-5.18.3.jar:5.18.3]
	at org.apache.activemq.transport.tcp.TcpTransport.run(TcpTransport.java:215) ~[activemq-all-5.18.3.jar:5.18.3]
	... 1 more
05-30-2024 23:29:30 [ActiveMQ Connection Executor: tcp://localhost/127.0.0.1:61617@60870] WARN  mil.arl.gift.net.api.MessageClient - Message client for subject 'Domain_Discovery_Topic' caught JMSExcepion, attempting to reconnect.
javax.jms.JMSException: java.io.EOFException
	at org.apache.activemq.util.JMSExceptionSupport.create(JMSExceptionSupport.java:67) ~[activemq-all-5.18.3.jar:5.18.3]
	at org.apache.activemq.ActiveMQConnection.onAsyncException(ActiveMQConnection.java:2033) ~[activemq-all-5.18.3.jar:5.18.3]
	at org.apache.activemq.ActiveMQConnection.onException(ActiveMQConnection.java:2052) ~[activemq-all-5.18.3.jar:5.18.3]
	at org.apache.activemq.transport.TransportFilter.onException(TransportFilter.java:114) ~[activemq-all-5.18.3.jar:5.18.3]
	at org.apache.activemq.transport.ResponseCorrelator.onException(ResponseCorrelator.java:126) ~[activemq-all-5.18.3.jar:5.18.3]
	at org.apache.activemq.transport.TransportFilter.onException(TransportFilter.java:114) ~[activemq-all-5.18.3.jar:5.18.3]
	at org.apache.activemq.transport.TransportFilter.onException(TransportFilter.java:114) ~[activemq-all-5.18.3.jar:5.18.3]
	at org.apache.activemq.transport.WireFormatNegotiator.onException(WireFormatNegotiator.java:173) ~[activemq-all-5.18.3.jar:5.18.3]
	at org.apache.activemq.transport.AbstractInactivityMonitor.onException(AbstractInactivityMonitor.java:346) ~[activemq-all-5.18.3.jar:5.18.3]
	at org.apache.activemq.transport.TransportSupport.onException(TransportSupport.java:96) ~[activemq-all-5.18.3.jar:5.18.3]
	at org.apache.activemq.transport.tcp.TcpTransport.run(TcpTransport.java:219) ~[activemq-all-5.18.3.jar:5.18.3]
	at java.lang.Thread.run(Thread.java:834) [?:?]
Caused by: java.io.EOFException
	at java.io.DataInputStream.readInt(DataInputStream.java:397) ~[?:?]
	at org.apache.activemq.openwire.OpenWireFormat.unmarshal(OpenWireFormat.java:280) ~[activemq-all-5.18.3.jar:5.18.3]
	at org.apache.activemq.transport.tcp.TcpTransport.readCommand(TcpTransport.java:240) ~[activemq-all-5.18.3.jar:5.18.3]
	at org.apache.activemq.transport.tcp.TcpTransport.doRun(TcpTransport.java:232) ~[activemq-all-5.18.3.jar:5.18.3]
	at org.apache.activemq.transport.tcp.TcpTransport.run(TcpTransport.java:215) ~[activemq-all-5.18.3.jar:5.18.3]
	... 1 more
05-30-2024 23:29:30 [Tutor_Discovery_Topic_Reconnect_Thread] WARN  mil.arl.gift.net.api.MessageClient - Caught JMSException for an inactive message client (hence why this is a warning and not an error) while disconnecting the message client message producer
05-30-2024 23:29:30 [Domain_Discovery_Topic_Reconnect_Thread] WARN  mil.arl.gift.net.api.MessageClient - Caught JMSException for an inactive message client (hence why this is a warning and not an error) while disconnecting the message client message producer
05-30-2024 23:29:30 [ActiveMQ Connection Executor: tcp://localhost/127.0.0.1:61617@60871] WARN  mil.arl.gift.net.api.MessageClient - Message client for subject 'Monitor_Topic' caught JMSExcepion, attempting to reconnect.
javax.jms.JMSException: java.io.EOFException
	at org.apache.activemq.util.JMSExceptionSupport.create(JMSExceptionSupport.java:67) ~[activemq-all-5.18.3.jar:5.18.3]
	at org.apache.activemq.ActiveMQConnection.onAsyncException(ActiveMQConnection.java:2033) ~[activemq-all-5.18.3.jar:5.18.3]
	at org.apache.activemq.ActiveMQConnection.onException(ActiveMQConnection.java:2052) ~[activemq-all-5.18.3.jar:5.18.3]
	at org.apache.activemq.transport.TransportFilter.onException(TransportFilter.java:114) ~[activemq-all-5.18.3.jar:5.18.3]
	at org.apache.activemq.transport.ResponseCorrelator.onException(ResponseCorrelator.java:126) ~[activemq-all-5.18.3.jar:5.18.3]
	at org.apache.activemq.transport.TransportFilter.onException(TransportFilter.java:114) ~[activemq-all-5.18.3.jar:5.18.3]
	at org.apache.activemq.transport.TransportFilter.onException(TransportFilter.java:114) ~[activemq-all-5.18.3.jar:5.18.3]
	at org.apache.activemq.transport.WireFormatNegotiator.onException(WireFormatNegotiator.java:173) ~[activemq-all-5.18.3.jar:5.18.3]
	at org.apache.activemq.transport.AbstractInactivityMonitor.onException(AbstractInactivityMonitor.java:346) ~[activemq-all-5.18.3.jar:5.18.3]
	at org.apache.activemq.transport.TransportSupport.onException(TransportSupport.java:96) ~[activemq-all-5.18.3.jar:5.18.3]
	at org.apache.activemq.transport.tcp.TcpTransport.run(TcpTransport.java:219) ~[activemq-all-5.18.3.jar:5.18.3]
	at java.lang.Thread.run(Thread.java:834) [?:?]
Caused by: java.io.EOFException
	at java.io.DataInputStream.readInt(DataInputStream.java:397) ~[?:?]
	at org.apache.activemq.openwire.OpenWireFormat.unmarshal(OpenWireFormat.java:280) ~[activemq-all-5.18.3.jar:5.18.3]
	at org.apache.activemq.transport.tcp.TcpTransport.readCommand(TcpTransport.java:240) ~[activemq-all-5.18.3.jar:5.18.3]
	at org.apache.activemq.transport.tcp.TcpTransport.doRun(TcpTransport.java:232) ~[activemq-all-5.18.3.jar:5.18.3]
	at org.apache.activemq.transport.tcp.TcpTransport.run(TcpTransport.java:215) ~[activemq-all-5.18.3.jar:5.18.3]
	... 1 more
05-30-2024 23:29:30 [Domain_Discovery_Topic_Reconnect_Thread] WARN  mil.arl.gift.net.api.MessageClient - Caught JMSException for an inactive message client (hence why this is a warning and not an error) while disconnecting the message client broker session
05-30-2024 23:29:30 [Monitor_Topic_Reconnect_Thread] WARN  mil.arl.gift.net.api.MessageClient - Caught JMSException for an inactive message client (hence why this is a warning and not an error) while disconnecting the message client message producer
05-30-2024 23:29:30 [Monitor_Topic_Reconnect_Thread] WARN  mil.arl.gift.net.api.MessageClient - Caught JMSException for an inactive message client (hence why this is a warning and not an error) while disconnecting the message client broker session
05-30-2024 23:29:30 [ActiveMQ Connection Executor: tcp://localhost/127.0.0.1:61617@60872] WARN  mil.arl.gift.net.api.MessageClient - Message client for subject 'Monitor_Discovery_Topic' caught JMSExcepion, attempting to reconnect.
javax.jms.JMSException: java.io.EOFException
	at org.apache.activemq.util.JMSExceptionSupport.create(JMSExceptionSupport.java:67) ~[activemq-all-5.18.3.jar:5.18.3]
	at org.apache.activemq.ActiveMQConnection.onAsyncException(ActiveMQConnection.java:2033) ~[activemq-all-5.18.3.jar:5.18.3]
	at org.apache.activemq.ActiveMQConnection.onException(ActiveMQConnection.java:2052) ~[activemq-all-5.18.3.jar:5.18.3]
	at org.apache.activemq.transport.TransportFilter.onException(TransportFilter.java:114) ~[activemq-all-5.18.3.jar:5.18.3]
	at org.apache.activemq.transport.ResponseCorrelator.onException(ResponseCorrelator.java:126) ~[activemq-all-5.18.3.jar:5.18.3]
	at org.apache.activemq.transport.TransportFilter.onException(TransportFilter.java:114) ~[activemq-all-5.18.3.jar:5.18.3]
	at org.apache.activemq.transport.TransportFilter.onException(TransportFilter.java:114) ~[activemq-all-5.18.3.jar:5.18.3]
	at org.apache.activemq.transport.WireFormatNegotiator.onException(WireFormatNegotiator.java:173) ~[activemq-all-5.18.3.jar:5.18.3]
	at org.apache.activemq.transport.AbstractInactivityMonitor.onException(AbstractInactivityMonitor.java:346) ~[activemq-all-5.18.3.jar:5.18.3]
	at org.apache.activemq.transport.TransportSupport.onException(TransportSupport.java:96) ~[activemq-all-5.18.3.jar:5.18.3]
	at org.apache.activemq.transport.tcp.TcpTransport.run(TcpTransport.java:219) ~[activemq-all-5.18.3.jar:5.18.3]
	at java.lang.Thread.run(Thread.java:834) [?:?]
Caused by: java.io.EOFException
	at java.io.DataInputStream.readInt(DataInputStream.java:397) ~[?:?]
	at org.apache.activemq.openwire.OpenWireFormat.unmarshal(OpenWireFormat.java:280) ~[activemq-all-5.18.3.jar:5.18.3]
	at org.apache.activemq.transport.tcp.TcpTransport.readCommand(TcpTransport.java:240) ~[activemq-all-5.18.3.jar:5.18.3]
	at org.apache.activemq.transport.tcp.TcpTransport.doRun(TcpTransport.java:232) ~[activemq-all-5.18.3.jar:5.18.3]
	at org.apache.activemq.transport.tcp.TcpTransport.run(TcpTransport.java:215) ~[activemq-all-5.18.3.jar:5.18.3]
	... 1 more
05-30-2024 23:29:30 [Monitor_Topic_Reconnect_Thread] WARN  mil.arl.gift.net.api.MessageClient - Caught JMSException for an inactive message client (hence why this is a warning and not an error) while disconnecting the message client broker connection
05-30-2024 23:29:30 [Monitor_Discovery_Topic_Reconnect_Thread] WARN  mil.arl.gift.net.api.MessageClient - Caught JMSException for an inactive message client (hence why this is a warning and not an error) while disconnecting the message client message producer
05-30-2024 23:29:30 [Heartbeat:WebMonitor_Module] ERROR mil.arl.gift.net.api.MessageClient - Could not send message, message client is not in a usable state (online = false, active = true) when trying to send message:
sequence_number {
  value: 41
}
source_event_id {
  value: 41
}
time_stamp {
  seconds: 1717136970
  nanos: 382000000
}
needs_ack {
}
message_type {
  enum_name {
    value: "WebMonitorModuleStatus"
  }
  class_name {
    value: "mil.arl.gift.common.enums.MessageTypeEnum"
  }
}
sender_module_type {
  value: "Monitor_Module"
}
sender_module_name {
  value: "WebMonitor_Module"
}
sender_queue_name {
  value: "WebMonitor_Queue:10.203.43.114:Inbox"
}
destination_queue_name {
  value: "Monitor_Discovery_Topic"
}
payload {
  type_url: "type.googleapis.com/WebMonitorModuleStatus"
  value: "\022\267\001\n\023\n\021WebMonitor_Module\022&\n$WebMonitor_Queue:10.203.43.114:Inbox\032>\n\020\n\016Monitor_Module\022*\n(mil.arl.gift.common.enums.ModuleTypeEnum\"8\n\t\n\aUnknown\022+\n)mil.arl.gift.common.enums.ModuleStateEnum"
}

05-30-2024 23:29:30 [Heartbeat:WebMonitor_Module] ERROR mil.arl.gift.net.api.NetworkSession - Unable to send message to all recipients: [MessageCollection: active = true, sourceEventId = 42, ackTimer = false message = [Message: type = WebMonitorModuleStatus, source event id = 41, seq # = 40, time = 2024:05:30 23:29:30:382 MST, sender type = Monitor_Module, sender name = WebMonitor_Module, sender address = WebMonitor_Queue:10.203.43.114:Inbox, destination address = Monitor_Discovery_Topic, payload = [ModuleStatus: moduleName = WebMonitor_Module, queueName = WebMonitor_Queue:10.203.43.114:Inbox, moduleType = Monitor_Module, moduleState = Unknown], needs response = false]]
05-30-2024 23:29:31 [Heartbeat:WebMonitor_Module] ERROR mil.arl.gift.net.api.NetworkSession - Unable to find a message client for subject name Monitor_Discovery_Topic, therefore unable to send the payload = [ModuleStatus: moduleName = WebMonitor_Module, queueName = WebMonitor_Queue:10.203.43.114:Inbox, moduleType = Monitor_Module, moduleState = Unknown] for message type WebMonitorModuleStatus
05-30-2024 23:29:31 [Heartbeat:WebMonitor_Module] ERROR mil.arl.gift.net.api.NetworkSession - Caught exception while trying to send message type WebMonitorModuleStatus with payload = [ModuleStatus: moduleName = WebMonitor_Module, queueName = WebMonitor_Queue:10.203.43.114:Inbox, moduleType = Monitor_Module, moduleState = Unknown].
java.lang.Exception: Unable to find a message client for subject name Monitor_Discovery_Topic
	at mil.arl.gift.net.api.NetworkSession.sendMessage(NetworkSession.java:2874) [gift-common.jar:?]
	at mil.arl.gift.common.module.AbstractModule.sendMessage(AbstractModule.java:769) [gift-common.jar:?]
	at mil.arl.gift.tools.dashboard.server.WebMonitorModule.sendModuleStatus(WebMonitorModule.java:335) [classes/:?]
	at mil.arl.gift.common.module.ModuleHeartbeatDaemon.handleHeartbeat(ModuleHeartbeatDaemon.java:127) [gift-common.jar:?]
	at mil.arl.gift.common.module.ModuleHeartbeatDaemon$HeartbeatThread.run(ModuleHeartbeatDaemon.java:118) [gift-common.jar:?]
05-30-2024 23:29:32 [Heartbeat:WebMonitor_Module] ERROR mil.arl.gift.net.api.NetworkSession - Unable to find a message client for subject name Monitor_Discovery_Topic, therefore unable to send the payload = [ModuleStatus: moduleName = WebMonitor_Module, queueName = WebMonitor_Queue:10.203.43.114:Inbox, moduleType = Monitor_Module, moduleState = Unknown] for message type WebMonitorModuleStatus
05-30-2024 23:29:32 [Heartbeat:WebMonitor_Module] ERROR mil.arl.gift.net.api.NetworkSession - Caught exception while trying to send message type WebMonitorModuleStatus with payload = [ModuleStatus: moduleName = WebMonitor_Module, queueName = WebMonitor_Queue:10.203.43.114:Inbox, moduleType = Monitor_Module, moduleState = Unknown].
java.lang.Exception: Unable to find a message client for subject name Monitor_Discovery_Topic
	at mil.arl.gift.net.api.NetworkSession.sendMessage(NetworkSession.java:2874) [gift-common.jar:?]
	at mil.arl.gift.common.module.AbstractModule.sendMessage(AbstractModule.java:769) [gift-common.jar:?]
	at mil.arl.gift.tools.dashboard.server.WebMonitorModule.sendModuleStatus(WebMonitorModule.java:335) [classes/:?]
	at mil.arl.gift.common.module.ModuleHeartbeatDaemon.handleHeartbeat(ModuleHeartbeatDaemon.java:127) [gift-common.jar:?]
	at mil.arl.gift.common.module.ModuleHeartbeatDaemon$HeartbeatThread.run(ModuleHeartbeatDaemon.java:118) [gift-common.jar:?]
05-30-2024 23:29:33 [Heartbeat:WebMonitor_Module] ERROR mil.arl.gift.net.api.NetworkSession - Unable to find a message client for subject name Monitor_Discovery_Topic, therefore unable to send the payload = [ModuleStatus: moduleName = WebMonitor_Module, queueName = WebMonitor_Queue:10.203.43.114:Inbox, moduleType = Monitor_Module, moduleState = Unknown] for message type WebMonitorModuleStatus
05-30-2024 23:29:33 [Heartbeat:WebMonitor_Module] ERROR mil.arl.gift.net.api.NetworkSession - Caught exception while trying to send message type WebMonitorModuleStatus with payload = [ModuleStatus: moduleName = WebMonitor_Module, queueName = WebMonitor_Queue:10.203.43.114:Inbox, moduleType = Monitor_Module, moduleState = Unknown].
java.lang.Exception: Unable to find a message client for subject name Monitor_Discovery_Topic
	at mil.arl.gift.net.api.NetworkSession.sendMessage(NetworkSession.java:2874) [gift-common.jar:?]
	at mil.arl.gift.common.module.AbstractModule.sendMessage(AbstractModule.java:769) [gift-common.jar:?]
	at mil.arl.gift.tools.dashboard.server.WebMonitorModule.sendModuleStatus(WebMonitorModule.java:335) [classes/:?]
	at mil.arl.gift.common.module.ModuleHeartbeatDaemon.handleHeartbeat(ModuleHeartbeatDaemon.java:127) [gift-common.jar:?]
	at mil.arl.gift.common.module.ModuleHeartbeatDaemon$HeartbeatThread.run(ModuleHeartbeatDaemon.java:118) [gift-common.jar:?]
05-30-2024 23:29:34 [Heartbeat:WebMonitor_Module] ERROR mil.arl.gift.net.api.NetworkSession - Unable to find a message client for subject name Monitor_Discovery_Topic, therefore unable to send the payload = [ModuleStatus: moduleName = WebMonitor_Module, queueName = WebMonitor_Queue:10.203.43.114:Inbox, moduleType = Monitor_Module, moduleState = Unknown] for message type WebMonitorModuleStatus
05-30-2024 23:29:34 [Heartbeat:WebMonitor_Module] ERROR mil.arl.gift.net.api.NetworkSession - Caught exception while trying to send message type WebMonitorModuleStatus with payload = [ModuleStatus: moduleName = WebMonitor_Module, queueName = WebMonitor_Queue:10.203.43.114:Inbox, moduleType = Monitor_Module, moduleState = Unknown].
java.lang.Exception: Unable to find a message client for subject name Monitor_Discovery_Topic
	at mil.arl.gift.net.api.NetworkSession.sendMessage(NetworkSession.java:2874) [gift-common.jar:?]
	at mil.arl.gift.common.module.AbstractModule.sendMessage(AbstractModule.java:769) [gift-common.jar:?]
	at mil.arl.gift.tools.dashboard.server.WebMonitorModule.sendModuleStatus(WebMonitorModule.java:335) [classes/:?]
	at mil.arl.gift.common.module.ModuleHeartbeatDaemon.handleHeartbeat(ModuleHeartbeatDaemon.java:127) [gift-common.jar:?]
	at mil.arl.gift.common.module.ModuleHeartbeatDaemon$HeartbeatThread.run(ModuleHeartbeatDaemon.java:118) [gift-common.jar:?]
05-30-2024 23:29:35 [Heartbeat:WebMonitor_Module] ERROR mil.arl.gift.net.api.NetworkSession - Unable to find a message client for subject name Monitor_Discovery_Topic, therefore unable to send the payload = [ModuleStatus: moduleName = WebMonitor_Module, queueName = WebMonitor_Queue:10.203.43.114:Inbox, moduleType = Monitor_Module, moduleState = Unknown] for message type WebMonitorModuleStatus
05-30-2024 23:29:35 [Heartbeat:WebMonitor_Module] ERROR mil.arl.gift.net.api.NetworkSession - Caught exception while trying to send message type WebMonitorModuleStatus with payload = [ModuleStatus: moduleName = WebMonitor_Module, queueName = WebMonitor_Queue:10.203.43.114:Inbox, moduleType = Monitor_Module, moduleState = Unknown].
java.lang.Exception: Unable to find a message client for subject name Monitor_Discovery_Topic
	at mil.arl.gift.net.api.NetworkSession.sendMessage(NetworkSession.java:2874) [gift-common.jar:?]
	at mil.arl.gift.common.module.AbstractModule.sendMessage(AbstractModule.java:769) [gift-common.jar:?]
	at mil.arl.gift.tools.dashboard.server.WebMonitorModule.sendModuleStatus(WebMonitorModule.java:335) [classes/:?]
	at mil.arl.gift.common.module.ModuleHeartbeatDaemon.handleHeartbeat(ModuleHeartbeatDaemon.java:127) [gift-common.jar:?]
	at mil.arl.gift.common.module.ModuleHeartbeatDaemon$HeartbeatThread.run(ModuleHeartbeatDaemon.java:118) [gift-common.jar:?]
05-30-2024 23:29:36 [Heartbeat:WebMonitor_Module] ERROR mil.arl.gift.net.api.NetworkSession - Unable to find a message client for subject name Monitor_Discovery_Topic, therefore unable to send the payload = [ModuleStatus: moduleName = WebMonitor_Module, queueName = WebMonitor_Queue:10.203.43.114:Inbox, moduleType = Monitor_Module, moduleState = Unknown] for message type WebMonitorModuleStatus
05-30-2024 23:29:36 [Heartbeat:WebMonitor_Module] ERROR mil.arl.gift.net.api.NetworkSession - Caught exception while trying to send message type WebMonitorModuleStatus with payload = [ModuleStatus: moduleName = WebMonitor_Module, queueName = WebMonitor_Queue:10.203.43.114:Inbox, moduleType = Monitor_Module, moduleState = Unknown].
java.lang.Exception: Unable to find a message client for subject name Monitor_Discovery_Topic
	at mil.arl.gift.net.api.NetworkSession.sendMessage(NetworkSession.java:2874) [gift-common.jar:?]
	at mil.arl.gift.common.module.AbstractModule.sendMessage(AbstractModule.java:769) [gift-common.jar:?]
	at mil.arl.gift.tools.dashboard.server.WebMonitorModule.sendModuleStatus(WebMonitorModule.java:335) [classes/:?]
	at mil.arl.gift.common.module.ModuleHeartbeatDaemon.handleHeartbeat(ModuleHeartbeatDaemon.java:127) [gift-common.jar:?]
	at mil.arl.gift.common.module.ModuleHeartbeatDaemon$HeartbeatThread.run(ModuleHeartbeatDaemon.java:118) [gift-common.jar:?]
05-30-2024 23:29:37 [Heartbeat:WebMonitor_Module] ERROR mil.arl.gift.net.api.NetworkSession - Unable to find a message client for subject name Monitor_Discovery_Topic, therefore unable to send the payload = [ModuleStatus: moduleName = WebMonitor_Module, queueName = WebMonitor_Queue:10.203.43.114:Inbox, moduleType = Monitor_Module, moduleState = Unknown] for message type WebMonitorModuleStatus
05-30-2024 23:29:37 [Heartbeat:WebMonitor_Module] ERROR mil.arl.gift.net.api.NetworkSession - Caught exception while trying to send message type WebMonitorModuleStatus with payload = [ModuleStatus: moduleName = WebMonitor_Module, queueName = WebMonitor_Queue:10.203.43.114:Inbox, moduleType = Monitor_Module, moduleState = Unknown].
java.lang.Exception: Unable to find a message client for subject name Monitor_Discovery_Topic
	at mil.arl.gift.net.api.NetworkSession.sendMessage(NetworkSession.java:2874) [gift-common.jar:?]
	at mil.arl.gift.common.module.AbstractModule.sendMessage(AbstractModule.java:769) [gift-common.jar:?]
	at mil.arl.gift.tools.dashboard.server.WebMonitorModule.sendModuleStatus(WebMonitorModule.java:335) [classes/:?]
	at mil.arl.gift.common.module.ModuleHeartbeatDaemon.handleHeartbeat(ModuleHeartbeatDaemon.java:127) [gift-common.jar:?]
	at mil.arl.gift.common.module.ModuleHeartbeatDaemon$HeartbeatThread.run(ModuleHeartbeatDaemon.java:118) [gift-common.jar:?]
05-30-2024 23:29:38 [Heartbeat:WebMonitor_Module] ERROR mil.arl.gift.net.api.NetworkSession - Unable to find a message client for subject name Monitor_Discovery_Topic, therefore unable to send the payload = [ModuleStatus: moduleName = WebMonitor_Module, queueName = WebMonitor_Queue:10.203.43.114:Inbox, moduleType = Monitor_Module, moduleState = Unknown] for message type WebMonitorModuleStatus
05-30-2024 23:29:38 [Heartbeat:WebMonitor_Module] ERROR mil.arl.gift.net.api.NetworkSession - Caught exception while trying to send message type WebMonitorModuleStatus with payload = [ModuleStatus: moduleName = WebMonitor_Module, queueName = WebMonitor_Queue:10.203.43.114:Inbox, moduleType = Monitor_Module, moduleState = Unknown].
java.lang.Exception: Unable to find a message client for subject name Monitor_Discovery_Topic
	at mil.arl.gift.net.api.NetworkSession.sendMessage(NetworkSession.java:2874) [gift-common.jar:?]
	at mil.arl.gift.common.module.AbstractModule.sendMessage(AbstractModule.java:769) [gift-common.jar:?]
	at mil.arl.gift.tools.dashboard.server.WebMonitorModule.sendModuleStatus(WebMonitorModule.java:335) [classes/:?]
	at mil.arl.gift.common.module.ModuleHeartbeatDaemon.handleHeartbeat(ModuleHeartbeatDaemon.java:127) [gift-common.jar:?]
	at mil.arl.gift.common.module.ModuleHeartbeatDaemon$HeartbeatThread.run(ModuleHeartbeatDaemon.java:118) [gift-common.jar:?]
05-30-2024 23:29:39 [Heartbeat:WebMonitor_Module] ERROR mil.arl.gift.net.api.NetworkSession - Unable to find a message client for subject name Monitor_Discovery_Topic, therefore unable to send the payload = [ModuleStatus: moduleName = WebMonitor_Module, queueName = WebMonitor_Queue:10.203.43.114:Inbox, moduleType = Monitor_Module, moduleState = Unknown] for message type WebMonitorModuleStatus
05-30-2024 23:29:39 [Heartbeat:WebMonitor_Module] ERROR mil.arl.gift.net.api.NetworkSession - Caught exception while trying to send message type WebMonitorModuleStatus with payload = [ModuleStatus: moduleName = WebMonitor_Module, queueName = WebMonitor_Queue:10.203.43.114:Inbox, moduleType = Monitor_Module, moduleState = Unknown].
java.lang.Exception: Unable to find a message client for subject name Monitor_Discovery_Topic
	at mil.arl.gift.net.api.NetworkSession.sendMessage(NetworkSession.java:2874) [gift-common.jar:?]
	at mil.arl.gift.common.module.AbstractModule.sendMessage(AbstractModule.java:769) [gift-common.jar:?]
	at mil.arl.gift.tools.dashboard.server.WebMonitorModule.sendModuleStatus(WebMonitorModule.java:335) [classes/:?]
	at mil.arl.gift.common.module.ModuleHeartbeatDaemon.handleHeartbeat(ModuleHeartbeatDaemon.java:127) [gift-common.jar:?]
	at mil.arl.gift.common.module.ModuleHeartbeatDaemon$HeartbeatThread.run(ModuleHeartbeatDaemon.java:118) [gift-common.jar:?]
05-30-2024 23:29:40 [Heartbeat:WebMonitor_Module] ERROR mil.arl.gift.net.api.NetworkSession - Unable to find a message client for subject name Monitor_Discovery_Topic, therefore unable to send the payload = [ModuleStatus: moduleName = WebMonitor_Module, queueName = WebMonitor_Queue:10.203.43.114:Inbox, moduleType = Monitor_Module, moduleState = Unknown] for message type WebMonitorModuleStatus
05-30-2024 23:29:40 [Heartbeat:WebMonitor_Module] ERROR mil.arl.gift.net.api.NetworkSession - Caught exception while trying to send message type WebMonitorModuleStatus with payload = [ModuleStatus: moduleName = WebMonitor_Module, queueName = WebMonitor_Queue:10.203.43.114:Inbox, moduleType = Monitor_Module, moduleState = Unknown].
java.lang.Exception: Unable to find a message client for subject name Monitor_Discovery_Topic
	at mil.arl.gift.net.api.NetworkSession.sendMessage(NetworkSession.java:2874) [gift-common.jar:?]
	at mil.arl.gift.common.module.AbstractModule.sendMessage(AbstractModule.java:769) [gift-common.jar:?]
	at mil.arl.gift.tools.dashboard.server.WebMonitorModule.sendModuleStatus(WebMonitorModule.java:335) [classes/:?]
	at mil.arl.gift.common.module.ModuleHeartbeatDaemon.handleHeartbeat(ModuleHeartbeatDaemon.java:127) [gift-common.jar:?]
	at mil.arl.gift.common.module.ModuleHeartbeatDaemon$HeartbeatThread.run(ModuleHeartbeatDaemon.java:118) [gift-common.jar:?]
