05-30-2024 21:41:05 [GAS Single Process Thread] WARN  org.eclipse.jetty.webapp.WebAppContext - Failed startup of context o.e.j.w.WebAppContext@1229976f{/dashboard,null,STOPPED}{D:\ArizonaState\GIFT/bin/gift-dashboard.war}
java.lang.IllegalStateException: Failed to delete temp dir D:\ArizonaState\GIFT\temp\jetty-gift-dashboard
	at org.eclipse.jetty.webapp.WebInfConfiguration.configureTempDirectory(WebInfConfiguration.java:532) ~[jetty-webapp-9.4.41.v20210516.jar:9.4.41.v20210516]
	at org.eclipse.jetty.webapp.WebInfConfiguration.resolveTempDirectory(WebInfConfiguration.java:424) ~[jetty-webapp-9.4.41.v20210516.jar:9.4.41.v20210516]
	at org.eclipse.jetty.webapp.WebInfConfiguration.preConfigure(WebInfConfiguration.java:140) ~[jetty-webapp-9.4.41.v20210516.jar:9.4.41.v20210516]
	at org.eclipse.jetty.webapp.WebAppContext.preConfigure(WebAppContext.java:488) ~[jetty-webapp-9.4.41.v20210516.jar:9.4.41.v20210516]
	at org.eclipse.jetty.webapp.WebAppContext.doStart(WebAppContext.java:523) [jetty-webapp-9.4.41.v20210516.jar:9.4.41.v20210516]
	at org.eclipse.jetty.util.component.AbstractLifeCycle.start(AbstractLifeCycle.java:73) [jetty-util-9.4.41.v20210516.jar:9.4.41.v20210516]
	at org.eclipse.jetty.deploy.bindings.StandardStarter.processBinding(StandardStarter.java:46) [jetty-deploy-9.4.41.v20210516.jar:9.4.41.v20210516]
	at org.eclipse.jetty.deploy.AppLifeCycle.runBindings(AppLifeCycle.java:188) [jetty-deploy-9.4.41.v20210516.jar:9.4.41.v20210516]
	at org.eclipse.jetty.deploy.DeploymentManager.requestAppGoal(DeploymentManager.java:517) [jetty-deploy-9.4.41.v20210516.jar:9.4.41.v20210516]
	at org.eclipse.jetty.deploy.DeploymentManager.addApp(DeploymentManager.java:157) [jetty-deploy-9.4.41.v20210516.jar:9.4.41.v20210516]
	at org.eclipse.jetty.deploy.providers.ScanningAppProvider.fileAdded(ScanningAppProvider.java:173) [jetty-deploy-9.4.41.v20210516.jar:9.4.41.v20210516]
	at org.eclipse.jetty.deploy.providers.WebAppProvider.fileAdded(WebAppProvider.java:448) [jetty-deploy-9.4.41.v20210516.jar:9.4.41.v20210516]
	at org.eclipse.jetty.deploy.providers.ScanningAppProvider$1.fileAdded(ScanningAppProvider.java:66) [jetty-deploy-9.4.41.v20210516.jar:9.4.41.v20210516]
	at org.eclipse.jetty.util.Scanner.reportAddition(Scanner.java:785) [jetty-util-9.4.41.v20210516.jar:9.4.41.v20210516]
	at org.eclipse.jetty.util.Scanner.reportDifferences(Scanner.java:754) [jetty-util-9.4.41.v20210516.jar:9.4.41.v20210516]
	at org.eclipse.jetty.util.Scanner.scan(Scanner.java:641) [jetty-util-9.4.41.v20210516.jar:9.4.41.v20210516]
	at org.eclipse.jetty.util.Scanner.doStart(Scanner.java:540) [jetty-util-9.4.41.v20210516.jar:9.4.41.v20210516]
	at org.eclipse.jetty.util.component.AbstractLifeCycle.start(AbstractLifeCycle.java:73) [jetty-util-9.4.41.v20210516.jar:9.4.41.v20210516]
	at org.eclipse.jetty.deploy.providers.ScanningAppProvider.doStart(ScanningAppProvider.java:146) [jetty-deploy-9.4.41.v20210516.jar:9.4.41.v20210516]
	at org.eclipse.jetty.util.component.AbstractLifeCycle.start(AbstractLifeCycle.java:73) [jetty-util-9.4.41.v20210516.jar:9.4.41.v20210516]
	at org.eclipse.jetty.deploy.DeploymentManager.startAppProvider(DeploymentManager.java:605) [jetty-deploy-9.4.41.v20210516.jar:9.4.41.v20210516]
	at org.eclipse.jetty.deploy.DeploymentManager.doStart(DeploymentManager.java:252) [jetty-deploy-9.4.41.v20210516.jar:9.4.41.v20210516]
	at org.eclipse.jetty.util.component.AbstractLifeCycle.start(AbstractLifeCycle.java:73) [jetty-util-9.4.41.v20210516.jar:9.4.41.v20210516]
	at org.eclipse.jetty.util.component.ContainerLifeCycle.start(ContainerLifeCycle.java:169) [jetty-util-9.4.41.v20210516.jar:9.4.41.v20210516]
	at org.eclipse.jetty.server.Server.start(Server.java:423) [jetty-server-9.4.41.v20210516.jar:9.4.41.v20210516]
	at org.eclipse.jetty.util.component.ContainerLifeCycle.doStart(ContainerLifeCycle.java:117) [jetty-util-9.4.41.v20210516.jar:9.4.41.v20210516]
	at org.eclipse.jetty.server.handler.AbstractHandler.doStart(AbstractHandler.java:97) [jetty-server-9.4.41.v20210516.jar:9.4.41.v20210516]
	at org.eclipse.jetty.server.Server.doStart(Server.java:387) [jetty-server-9.4.41.v20210516.jar:9.4.41.v20210516]
	at org.eclipse.jetty.util.component.AbstractLifeCycle.start(AbstractLifeCycle.java:73) [jetty-util-9.4.41.v20210516.jar:9.4.41.v20210516]
	at jdk.internal.reflect.NativeMethodAccessorImpl.invoke0(Native Method) ~[?:?]
	at jdk.internal.reflect.NativeMethodAccessorImpl.invoke(NativeMethodAccessorImpl.java:62) ~[?:?]
	at jdk.internal.reflect.DelegatingMethodAccessorImpl.invoke(DelegatingMethodAccessorImpl.java:43) ~[?:?]
	at java.lang.reflect.Method.invoke(Method.java:566) ~[?:?]
	at mil.arl.gift.tools.spl.SingleProcessLauncher$23.run(SingleProcessLauncher.java:984) [gift-spl.jar:?]
05-30-2024 21:41:05 [GAS Single Process Thread] WARN  org.eclipse.jetty.deploy.DeploymentManager - Unable to reach node goal: started
java.lang.IllegalStateException: Failed to delete temp dir D:\ArizonaState\GIFT\temp\jetty-gift-dashboard
	at org.eclipse.jetty.webapp.WebInfConfiguration.configureTempDirectory(WebInfConfiguration.java:532) ~[jetty-webapp-9.4.41.v20210516.jar:9.4.41.v20210516]
	at org.eclipse.jetty.webapp.WebInfConfiguration.resolveTempDirectory(WebInfConfiguration.java:424) ~[jetty-webapp-9.4.41.v20210516.jar:9.4.41.v20210516]
	at org.eclipse.jetty.webapp.WebInfConfiguration.preConfigure(WebInfConfiguration.java:140) ~[jetty-webapp-9.4.41.v20210516.jar:9.4.41.v20210516]
	at org.eclipse.jetty.webapp.WebAppContext.preConfigure(WebAppContext.java:488) ~[jetty-webapp-9.4.41.v20210516.jar:9.4.41.v20210516]
	at org.eclipse.jetty.webapp.WebAppContext.doStart(WebAppContext.java:523) ~[jetty-webapp-9.4.41.v20210516.jar:9.4.41.v20210516]
	at org.eclipse.jetty.util.component.AbstractLifeCycle.start(AbstractLifeCycle.java:73) ~[jetty-util-9.4.41.v20210516.jar:9.4.41.v20210516]
	at org.eclipse.jetty.deploy.bindings.StandardStarter.processBinding(StandardStarter.java:46) ~[jetty-deploy-9.4.41.v20210516.jar:9.4.41.v20210516]
	at org.eclipse.jetty.deploy.AppLifeCycle.runBindings(AppLifeCycle.java:188) ~[jetty-deploy-9.4.41.v20210516.jar:9.4.41.v20210516]
	at org.eclipse.jetty.deploy.DeploymentManager.requestAppGoal(DeploymentManager.java:517) [jetty-deploy-9.4.41.v20210516.jar:9.4.41.v20210516]
	at org.eclipse.jetty.deploy.DeploymentManager.addApp(DeploymentManager.java:157) [jetty-deploy-9.4.41.v20210516.jar:9.4.41.v20210516]
	at org.eclipse.jetty.deploy.providers.ScanningAppProvider.fileAdded(ScanningAppProvider.java:173) [jetty-deploy-9.4.41.v20210516.jar:9.4.41.v20210516]
	at org.eclipse.jetty.deploy.providers.WebAppProvider.fileAdded(WebAppProvider.java:448) [jetty-deploy-9.4.41.v20210516.jar:9.4.41.v20210516]
	at org.eclipse.jetty.deploy.providers.ScanningAppProvider$1.fileAdded(ScanningAppProvider.java:66) [jetty-deploy-9.4.41.v20210516.jar:9.4.41.v20210516]
	at org.eclipse.jetty.util.Scanner.reportAddition(Scanner.java:785) [jetty-util-9.4.41.v20210516.jar:9.4.41.v20210516]
	at org.eclipse.jetty.util.Scanner.reportDifferences(Scanner.java:754) [jetty-util-9.4.41.v20210516.jar:9.4.41.v20210516]
	at org.eclipse.jetty.util.Scanner.scan(Scanner.java:641) [jetty-util-9.4.41.v20210516.jar:9.4.41.v20210516]
	at org.eclipse.jetty.util.Scanner.doStart(Scanner.java:540) [jetty-util-9.4.41.v20210516.jar:9.4.41.v20210516]
	at org.eclipse.jetty.util.component.AbstractLifeCycle.start(AbstractLifeCycle.java:73) [jetty-util-9.4.41.v20210516.jar:9.4.41.v20210516]
	at org.eclipse.jetty.deploy.providers.ScanningAppProvider.doStart(ScanningAppProvider.java:146) [jetty-deploy-9.4.41.v20210516.jar:9.4.41.v20210516]
	at org.eclipse.jetty.util.component.AbstractLifeCycle.start(AbstractLifeCycle.java:73) [jetty-util-9.4.41.v20210516.jar:9.4.41.v20210516]
	at org.eclipse.jetty.deploy.DeploymentManager.startAppProvider(DeploymentManager.java:605) [jetty-deploy-9.4.41.v20210516.jar:9.4.41.v20210516]
	at org.eclipse.jetty.deploy.DeploymentManager.doStart(DeploymentManager.java:252) [jetty-deploy-9.4.41.v20210516.jar:9.4.41.v20210516]
	at org.eclipse.jetty.util.component.AbstractLifeCycle.start(AbstractLifeCycle.java:73) [jetty-util-9.4.41.v20210516.jar:9.4.41.v20210516]
	at org.eclipse.jetty.util.component.ContainerLifeCycle.start(ContainerLifeCycle.java:169) [jetty-util-9.4.41.v20210516.jar:9.4.41.v20210516]
	at org.eclipse.jetty.server.Server.start(Server.java:423) [jetty-server-9.4.41.v20210516.jar:9.4.41.v20210516]
	at org.eclipse.jetty.util.component.ContainerLifeCycle.doStart(ContainerLifeCycle.java:117) [jetty-util-9.4.41.v20210516.jar:9.4.41.v20210516]
	at org.eclipse.jetty.server.handler.AbstractHandler.doStart(AbstractHandler.java:97) [jetty-server-9.4.41.v20210516.jar:9.4.41.v20210516]
	at org.eclipse.jetty.server.Server.doStart(Server.java:387) [jetty-server-9.4.41.v20210516.jar:9.4.41.v20210516]
	at org.eclipse.jetty.util.component.AbstractLifeCycle.start(AbstractLifeCycle.java:73) [jetty-util-9.4.41.v20210516.jar:9.4.41.v20210516]
	at jdk.internal.reflect.NativeMethodAccessorImpl.invoke0(Native Method) ~[?:?]
	at jdk.internal.reflect.NativeMethodAccessorImpl.invoke(NativeMethodAccessorImpl.java:62) ~[?:?]
	at jdk.internal.reflect.DelegatingMethodAccessorImpl.invoke(DelegatingMethodAccessorImpl.java:43) ~[?:?]
	at java.lang.reflect.Method.invoke(Method.java:566) ~[?:?]
	at mil.arl.gift.tools.spl.SingleProcessLauncher$23.run(SingleProcessLauncher.java:984) [gift-spl.jar:?]
