20:26:45 [main] INFO  mil.arl.gift.common.io.CommonProperties - Reading properties file named config\version.txt
20:26:45 [main] INFO  mil.arl.gift.common.io.CommonProperties - Reading properties from stream
20:26:45 [main] INFO  mil.arl.gift.common.io.CommonProperties - Finished reading properties stream
20:26:45 [main] INFO  mil.arl.gift.common.io.CommonProperties - Finished reading properties file
20:26:45 [main] INFO  mil.arl.gift.common.io.CommonProperties - Reading properties file named config\common.properties
20:26:45 [main] INFO  mil.arl.gift.common.io.CommonProperties - Reading properties from stream
20:26:45 [main] INFO  mil.arl.gift.common.io.CommonProperties - Finished reading properties stream
20:26:45 [main] INFO  mil.arl.gift.common.io.CommonProperties - Finished reading properties file
20:26:45 [main] INFO  mil.arl.gift.common.io.CommonProperties - Reading properties file named config\tools\install\install.properties
20:26:45 [main] INFO  mil.arl.gift.common.io.CommonProperties - Reading properties from stream
20:26:45 [main] INFO  mil.arl.gift.common.io.CommonProperties - Finished reading properties stream
20:26:45 [main] INFO  mil.arl.gift.common.io.CommonProperties - Finished reading properties file
20:26:45 [main] INFO  mil.arl.gift.common.io.CommonProperties - Reading properties file named config\common.properties
20:26:45 [main] INFO  mil.arl.gift.common.io.CommonProperties - Reading properties from stream
20:26:45 [main] INFO  mil.arl.gift.common.io.CommonProperties - Finished reading properties stream
20:26:45 [main] INFO  mil.arl.gift.common.io.CommonProperties - Finished reading properties file
20:26:45 [main] INFO  mil.arl.gift.common.io.CommonProperties - Reading properties file named config\common.properties
20:26:45 [main] INFO  mil.arl.gift.common.io.CommonProperties - Reading properties from stream
20:26:45 [main] INFO  mil.arl.gift.common.io.CommonProperties - Finished reading properties stream
20:26:45 [main] INFO  mil.arl.gift.common.io.CommonProperties - Finished reading properties file
20:26:46 [main] INFO  mil.arl.gift.common.io.CommonProperties - Reading properties file named config\gateway\gateway.properties
20:26:46 [main] INFO  mil.arl.gift.common.io.CommonProperties - Reading properties from stream
20:26:46 [main] INFO  mil.arl.gift.common.io.CommonProperties - Finished reading properties stream
20:26:46 [main] INFO  mil.arl.gift.common.io.CommonProperties - Finished reading properties file
20:26:46 [main] INFO  mil.arl.gift.common.io.CommonProperties - Reading properties file named config\gateway.remote.properties
20:26:46 [main] INFO  mil.arl.gift.common.io.CommonProperties - Reading properties file named config\module.common.properties
20:26:46 [main] INFO  mil.arl.gift.common.io.CommonProperties - Reading properties from stream
20:26:46 [main] INFO  mil.arl.gift.common.io.CommonProperties - Finished reading properties stream
20:26:46 [main] INFO  mil.arl.gift.common.io.CommonProperties - Finished reading properties file
20:26:46 [main] INFO  mil.arl.gift.common.io.CommonProperties - Reading properties file named config\common.properties
20:26:46 [main] INFO  mil.arl.gift.common.io.CommonProperties - Reading properties from stream
20:26:46 [main] INFO  mil.arl.gift.common.io.CommonProperties - Finished reading properties stream
20:26:46 [main] INFO  mil.arl.gift.common.io.CommonProperties - Finished reading properties file
20:26:46 [JavaFX Application Thread] INFO  mil.arl.gift.gateway.installer.TrainingApplicationInstallPage - Found unhandled training application type of 'ARES'.  No installer UI component will be created for it.
20:26:46 [JavaFX Application Thread] INFO  mil.arl.gift.gateway.installer.TrainingApplicationInstallPage - Building DE Testbed install instructions.
20:26:47 [JavaFX Application Thread] INFO  mil.arl.gift.gateway.installer.TrainingApplicationInstallPage - Found unhandled training application type of 'HAVEN'.  No installer UI component will be created for it.
20:26:47 [JavaFX Application Thread] INFO  mil.arl.gift.gateway.installer.TrainingApplicationInstallPage - Found unhandled training application type of 'MobileDeviceEvents'.  No installer UI component will be created for it.
20:26:47 [JavaFX Application Thread] INFO  mil.arl.gift.gateway.installer.TrainingApplicationInstallPage - Building PowerPoint install instructions.
20:26:47 [JavaFX Application Thread] DEBUG mil.arl.gift.gateway.interop.ppt.FindOfficeInstallation - Looking through 4 GUIDs.
20:26:48 [main] DEBUG org.ciscavate.cjwizard.WizardContainer - next page
20:26:48 [AWT-EventQueue-0] DEBUG org.ciscavate.cjwizard.WizardContainer - Setting page: 0: Welcome
20:26:48 [main] INFO  mil.arl.gift.common.io.CommonProperties - Reading properties file named config\images.properties
20:26:48 [main] INFO  mil.arl.gift.common.io.CommonProperties - Reading properties from stream
20:26:48 [main] INFO  mil.arl.gift.common.io.CommonProperties - Finished reading properties stream
20:26:48 [main] INFO  mil.arl.gift.common.io.CommonProperties - Finished reading properties file
20:26:48 [main] INFO  mil.arl.gift.common.io.CommonProperties - Reading properties file named config\common.properties
20:26:48 [main] INFO  mil.arl.gift.common.io.CommonProperties - Reading properties from stream
20:26:48 [main] INFO  mil.arl.gift.common.io.CommonProperties - Finished reading properties stream
20:26:48 [main] INFO  mil.arl.gift.common.io.CommonProperties - Finished reading properties file
20:26:48 [JavaFX Application Thread] DEBUG mil.arl.gift.gateway.interop.ppt.FindOfficeInstallation - Looking through 4 registry paths.
20:26:48 [JavaFX Application Thread] DEBUG mil.arl.gift.gateway.interop.ppt.FindOfficeInstallation - The output for location 'HKEY_LOCAL_MACHINE\SOFTWARE\Classes\MSPowerPoint\protocol\StdFileEditing\server\powerpnt.exe' doesn't contain the key 'REG_SZ', therefore trying to retrieve the Windows registry value.
output = 'ERROR: The system was unable to find the specified registry key or value.'.
20:26:50 [JavaFX Application Thread] DEBUG mil.arl.gift.gateway.interop.ppt.FindOfficeInstallation - The output for location 'HKEY_LOCAL_MACHINE\SOFTWARE\Classes\MSPowerPoint\protocol\StdFileEditing\server\powerpnt.exe' doesn't contain the key 'REG_SZ', therefore trying to retrieve the Windows registry value.
output = 'ERROR: The system was unable to find the specified registry key or value.'.
20:26:50 [JavaFX Application Thread] DEBUG mil.arl.gift.gateway.interop.ppt.FindOfficeInstallation - The output for location 'HKEY_LOCAL_MACHINE\SOFTWARE\Microsoft\Office\ClickToRun\REGISTRY\MACHINE\Software\Microsoft\Windows\CurrentVersion\App Paths\powerpnt.exe' is a registry entry.  Checking if the value is a path that results in finding a PowerPoint exe.
output = 'HKEY_LOCAL_MACHINE\SOFTWARE\Microsoft\Office\ClickToRun\REGISTRY\MACHINE\Software\Microsoft\Windows\CurrentVersion\App Paths\powerpnt.exe    Path    REG_SZ    C:\Program Files\Microsoft Office\root\Office16\'.
20:26:50 [JavaFX Application Thread] DEBUG mil.arl.gift.gateway.interop.ppt.FindOfficeInstallation - After checking the registry value, the PowerPoint directory path to check for a PowerPoint exe for the location 'HKEY_LOCAL_MACHINE\SOFTWARE\Microsoft\Office\ClickToRun\REGISTRY\MACHINE\Software\Microsoft\Windows\CurrentVersion\App Paths\powerpnt.exe is 'C:\Program Files\Microsoft Office\root\Office16\'.
20:26:50 [JavaFX Application Thread] DEBUG mil.arl.gift.gateway.interop.ppt.FindOfficeInstallation - Found PowerPoint application using registry path of HKEY_LOCAL_MACHINE\SOFTWARE\Microsoft\Office\ClickToRun\REGISTRY\MACHINE\Software\Microsoft\Windows\CurrentVersion\App Paths\powerpnt.exe (PowerPoint2016), which resulted in the type library path of 'C:\Program Files\Microsoft Office\root\Office16\powerpnt.exe'.
20:26:50 [JavaFX Application Thread] DEBUG mil.arl.gift.gateway.interop.ppt.FindOfficeInstallation - The output for location 'HKEY_LOCAL_MACHINE\SOFTWARE\Microsoft\Office\14.0\ClickToRun\REGISTRY\MACHINE\Software\Microsoft\Windows\CurrentVersion\App Paths\powerpnt.exe' doesn't contain the key 'REG_SZ', therefore trying to retrieve the Windows registry value.
output = 'ERROR: The system was unable to find the specified registry key or value.'.
20:26:50 [JavaFX Application Thread] DEBUG mil.arl.gift.gateway.interop.ppt.FindOfficeInstallation - The output for location 'HKEY_LOCAL_MACHINE\SOFTWARE\Microsoft\Office\14.0\ClickToRun\REGISTRY\MACHINE\Software\Microsoft\Windows\CurrentVersion\App Paths\powerpnt.exe' doesn't contain the key 'REG_SZ', therefore trying to retrieve the Windows registry value.
output = 'ERROR: The system was unable to find the specified registry key or value.'.
20:26:50 [JavaFX Application Thread] DEBUG mil.arl.gift.gateway.interop.ppt.FindOfficeInstallation - The output for location 'HKEY_LOCAL_MACHINE\SOFTWARE\Microsoft\Office\15.0\ClickToRun\REGISTRY\MACHINE\Software\Microsoft\Windows\CurrentVersion\App Paths\powerpnt.exe' doesn't contain the key 'REG_SZ', therefore trying to retrieve the Windows registry value.
output = 'ERROR: The system was unable to find the specified registry key or value.'.
20:26:50 [JavaFX Application Thread] DEBUG mil.arl.gift.gateway.interop.ppt.FindOfficeInstallation - The output for location 'HKEY_LOCAL_MACHINE\SOFTWARE\Microsoft\Office\15.0\ClickToRun\REGISTRY\MACHINE\Software\Microsoft\Windows\CurrentVersion\App Paths\powerpnt.exe' doesn't contain the key 'REG_SZ', therefore trying to retrieve the Windows registry value.
output = 'ERROR: The system was unable to find the specified registry key or value.'.
20:26:50 [JavaFX Application Thread] DEBUG mil.arl.gift.gateway.interop.ppt.FindOfficeInstallation - Checking 1 PowerPoint type libary instances found on this computer.
20:26:51 [JavaFX Application Thread] INFO  mil.arl.gift.gateway.installer.TrainingApplicationInstallPage - The PowerPoint environment variable was found: C:\Program Files\Microsoft Office\root\Office16\MSPPT.OLB
20:26:51 [JavaFX Application Thread] INFO  mil.arl.gift.gateway.installer.TrainingApplicationInstallPage - The PowerPoint environment variable has been set and is a supported version.
20:26:51 [JavaFX Application Thread] INFO  mil.arl.gift.gateway.installer.TrainingApplicationInstallPage - set powerpoint home install page variable to 'C:\Program Files\Microsoft Office\root\Office16\MSPPT.OLB' because it was selected from list of found installs.
20:26:51 [JavaFX Application Thread] INFO  mil.arl.gift.gateway.installer.TrainingApplicationInstallPage - Building TC3 install instructions.
20:26:51 [JavaFX Application Thread] INFO  mil.arl.gift.gateway.installer.TrainingApplicationInstallPage - Building Unity GIFT Wrap install instructions.
20:26:51 [JavaFX Application Thread] INFO  mil.arl.gift.gateway.installer.TrainingApplicationInstallPage - Found unhandled training application type of 'UnityDesktop'.  No installer UI component will be created for it.
20:26:51 [JavaFX Application Thread] INFO  mil.arl.gift.gateway.installer.TrainingApplicationInstallPage - Building VBS install instructions.
20:26:51 [JavaFX Application Thread] INFO  mil.arl.gift.gateway.installer.TrainingApplicationInstallPage - Building VR-Engage install instructions.
20:28:53 [AWT-EventQueue-0] DEBUG org.ciscavate.cjwizard.WizardContainer - next page
20:28:53 [AWT-EventQueue-0] DEBUG org.ciscavate.cjwizard.WizardContainer - Setting page: 1: Character Server
20:28:56 [AWT-EventQueue-0] DEBUG org.ciscavate.cjwizard.WizardContainer - next page
20:28:56 [AWT-EventQueue-0] DEBUG org.ciscavate.cjwizard.WizardContainer - Setting page: 2: Database
20:28:56 [AWT-EventQueue-0] DEBUG org.ciscavate.cjwizard.WizardContainer - next page
20:28:56 [AWT-EventQueue-0] DEBUG org.ciscavate.cjwizard.WizardContainer - Setting page: 3: Training Applications
20:28:57 [AWT-EventQueue-0] DEBUG org.ciscavate.cjwizard.WizardContainer - next page
20:28:57 [AWT-EventQueue-0] INFO  mil.arl.gift.gateway.installer.TrainingApplicationInstallPage - Checking if any settings need to be changed.
20:28:57 [AWT-EventQueue-0] INFO  mil.arl.gift.gateway.installer.TrainingApplicationInstallPage - Will be updating 'POWERPOINT_HOME' value to 'C:\Program Files\Microsoft Office\root\Office16\MSPPT.OLB'.
20:28:57 [AWT-EventQueue-0] INFO  mil.arl.gift.gateway.installer.TrainingApplicationInstallPage - Updating 'UNITY_LAND_NAV_DOWNLOAD' value to 'false'.
20:28:57 [AWT-EventQueue-0] DEBUG org.ciscavate.cjwizard.WizardContainer - Setting page: 4: Miscellaneous
20:28:57 [AWT-EventQueue-0] DEBUG org.ciscavate.cjwizard.WizardContainer - next page
20:28:57 [AWT-EventQueue-0] DEBUG org.ciscavate.cjwizard.WizardContainer - Setting page: 6: Summary
20:28:58 [AWT-EventQueue-0] DEBUG org.ciscavate.cjwizard.WizardContainer - finish
20:28:58 [AWT-EventQueue-0] INFO  mil.arl.gift.tools.installer.InstallWizardListener - Wizard finished, starting install process
20:28:58 [SwingWorker-pool-4-thread-1] INFO  mil.arl.gift.tools.installer.InstallThread - Starting install
20:48:46 [SwingWorker-pool-4-thread-1] INFO  mil.arl.gift.tools.installer.InstallThread - build GIFT output:
20:48:46 [SwingWorker-pool-4-thread-1] INFO  mil.arl.gift.tools.installer.InstallThread - Handling GIFT Databases.
20:48:47 [SwingWorker-pool-4-thread-1] INFO  mil.arl.gift.tools.installer.InstallThread - stopping derby server:
64x JDK exists
using Java of D:\ArizonaState\GIFT\external\db-derby-10.15.2.0-bin\bin\..\..\jdk-11\bin\java.exe
Thu May 30 20:48:47 MST 2024 : Apache Derby Network Server - 10.15.2.0 - (1873585) shutdown
20:48:47 [SwingWorker-pool-4-thread-1] INFO  mil.arl.gift.tools.installer.InstallThread - Deleted data\derbyDb\GiftUms
20:48:55 [SwingWorker-pool-4-thread-1] INFO  mil.arl.gift.tools.installer.InstallThread - Extract UMS database - output of command = 
Microsoft (R) Windows Script Host Version 5.812
Copyright (C) Microsoft Corporation. All rights reserved.

Unzipping data/derbyDb/DerbyDB.UMS.Backup.Original.zip
20:48:58 [SwingWorker-pool-4-thread-1] INFO  mil.arl.gift.tools.installer.InstallThread - stopping derby server:
64x JDK exists
using Java of D:\ArizonaState\GIFT\external\db-derby-10.15.2.0-bin\bin\..\..\jdk-11\bin\java.exe
Thu May 30 20:48:58 MST 2024 : Could not connect to Derby Network Server on host localhost, port 1527: Connection refused: connect
20:48:58 [SwingWorker-pool-4-thread-1] INFO  mil.arl.gift.tools.installer.InstallThread - Deleted data\derbyDb\GiftLms
20:49:01 [SwingWorker-pool-4-thread-1] INFO  mil.arl.gift.tools.installer.InstallThread - Extract LMS database - output of command = 
Microsoft (R) Windows Script Host Version 5.812
Copyright (C) Microsoft Corporation. All rights reserved.

Unzipping data/derbyDb/DerbyDB.LMS.Backup.Original.zip
20:49:01 [SwingWorker-pool-4-thread-1] INFO  mil.arl.gift.tools.installer.InstallThread - Handling Media Semantics.
20:49:01 [SwingWorker-pool-4-thread-1] INFO  mil.arl.gift.tools.installer.InstallThread - Checking VBS settings.
20:49:01 [SwingWorker-pool-4-thread-1] INFO  mil.arl.gift.tools.installer.InstallThread - Checking DE Testbed settings.
20:49:01 [SwingWorker-pool-4-thread-1] INFO  mil.arl.gift.gateway.interop.InteropConfigFileHandler - Loading interop config file of config/gateway/configurations/default.interopConfig.xml from file on disk.
20:49:01 [SwingWorker-pool-4-thread-1] INFO  mil.arl.gift.gateway.interop.InteropConfigFileHandler - Set interop implementation named 'DE Testbed DIS Adapter' availability value to false.
20:49:01 [SwingWorker-pool-4-thread-1] INFO  mil.arl.gift.gateway.interop.InteropConfigFileHandler - Set interop implementation named 'DE Testbed XMLRPC Adapter' availability value to false.
20:49:01 [SwingWorker-pool-4-thread-1] INFO  mil.arl.gift.tools.installer.InstallThread - Checking PowerPoint settings.
20:49:01 [SwingWorker-pool-4-thread-1] INFO  mil.arl.gift.common.io.UserEnvironmentUtil - Setting POWERPOINT_HOME environment variable to C:\Program Files\Microsoft Office\root\Office16\MSPPT.OLB.
20:49:01 [SwingWorker-pool-4-thread-1] INFO  mil.arl.gift.common.io.UserEnvironmentUtil - Set POWERPOINT_HOME environment variable script output = '
Setting POWERPOINT_HOME environment variable to C:\Program Files\Microsoft Office\root\Office16\MSPPT.OLB.

SUCCESS: Specified value was saved.'.
20:49:01 [SwingWorker-pool-4-thread-1] INFO  mil.arl.gift.gateway.interop.InteropConfigFileHandler - Set interop implementation named 'Powerpoint Adapter' availability value to true.
20:49:01 [SwingWorker-pool-4-thread-1] INFO  mil.arl.gift.tools.installer.InstallThread - Downloading Unity project.
20:49:01 [SwingWorker-pool-4-thread-1] INFO  mil.arl.gift.tools.installer.InstallThread - Checking VR-Engage settings.
20:49:01 [SwingWorker-pool-4-thread-1] INFO  mil.arl.gift.common.io.AbstractSchemaHandler - Writing contents to file of outputStream.
20:49:02 [SwingWorker-pool-4-thread-1] INFO  mil.arl.gift.common.io.AbstractSchemaHandler - Successfully wrote contents
20:49:02 [SwingWorker-pool-4-thread-1] INFO  mil.arl.gift.tools.installer.InstallThread - Removing Python variable.
20:49:02 [SwingWorker-pool-4-thread-1] INFO  mil.arl.gift.common.io.UserEnvironmentUtil - Removing GIFT_PYTHON_HOME environment variable.
20:49:02 [SwingWorker-pool-4-thread-1] INFO  mil.arl.gift.common.io.UserEnvironmentUtil - Remove 'GIFT_PYTHON_HOME' environment variable script output = '
Removing GIFT_PYTHON_HOME environment variable.

SUCCESS: Specified value was saved.'.
20:49:02 [SwingWorker-pool-4-thread-1] INFO  mil.arl.gift.common.io.UserEnvironmentUtil - Checking 'GIFT_PYTHON_HOME' environment variable value after removal = null
20:49:02 [SwingWorker-pool-4-thread-1] INFO  mil.arl.gift.tools.installer.InstallThread - Copying launch script to root directory.
20:49:02 [SwingWorker-pool-4-thread-1] INFO  mil.arl.gift.tools.installer.InstallThread - Copying uninstall script to root directory.
20:49:02 [SwingWorker-pool-4-thread-1] INFO  mil.arl.gift.tools.installer.InstallThread - Copying readme to root directory.
20:49:15 [AWT-EventQueue-0] DEBUG mil.arl.gift.tools.installer.ProgressDialog - Open GIFT readme output = .
