05-30-2024 23:34:25 [Tutor Single Process Thread] ERROR mil.arl.gift.common.gwt.server.GiftServletUtils - Caught a server side error while trying to contact the virtual human character server at 'localhost:8088'.
java.net.ConnectException: Connection refused: connect
	at java.net.PlainSocketImpl.waitForConnect(Native Method) ~[?:?]
	at java.net.PlainSocketImpl.socketConnect(PlainSocketImpl.java:107) ~[?:?]
	at java.net.AbstractPlainSocketImpl.doConnect(AbstractPlainSocketImpl.java:399) ~[?:?]
	at java.net.AbstractPlainSocketImpl.connectToAddress(AbstractPlainSocketImpl.java:242) ~[?:?]
	at java.net.AbstractPlainSocketImpl.connect(AbstractPlainSocketImpl.java:224) ~[?:?]
	at java.net.Socket.connect(Socket.java:591) ~[?:?]
	at sun.net.NetworkClient.doConnect(NetworkClient.java:177) ~[?:?]
	at sun.net.www.http.HttpClient.openServer(HttpClient.java:474) ~[?:?]
	at sun.net.www.http.HttpClient.openServer(HttpClient.java:569) ~[?:?]
	at sun.net.www.http.HttpClient.<init>(HttpClient.java:242) ~[?:?]
	at sun.net.www.http.HttpClient.New(HttpClient.java:341) ~[?:?]
	at sun.net.www.http.HttpClient.New(HttpClient.java:362) ~[?:?]
	at sun.net.www.protocol.http.HttpURLConnection.getNewHttpClient(HttpURLConnection.java:1242) ~[?:?]
	at sun.net.www.protocol.http.HttpURLConnection.plainConnect0(HttpURLConnection.java:1181) ~[?:?]
	at sun.net.www.protocol.http.HttpURLConnection.plainConnect(HttpURLConnection.java:1075) ~[?:?]
	at sun.net.www.protocol.http.HttpURLConnection.connect(HttpURLConnection.java:1009) ~[?:?]
	at sun.net.www.protocol.http.HttpURLConnection.getInputStream0(HttpURLConnection.java:1581) ~[?:?]
	at sun.net.www.protocol.http.HttpURLConnection.getInputStream(HttpURLConnection.java:1509) ~[?:?]
	at mil.arl.gift.net.rest.RESTClient.callRequest(RESTClient.java:190) ~[gift-common.jar:?]
	at mil.arl.gift.net.rest.RESTClient.get(RESTClient.java:535) ~[gift-common.jar:?]
	at mil.arl.gift.common.gwt.server.GiftServletUtils.checkVHCharacterServer(GiftServletUtils.java:70) [gift-commongwt.jar:?]
	at jdk.internal.reflect.NativeMethodAccessorImpl.invoke0(Native Method) ~[?:?]
	at jdk.internal.reflect.NativeMethodAccessorImpl.invoke(NativeMethodAccessorImpl.java:62) ~[?:?]
	at jdk.internal.reflect.DelegatingMethodAccessorImpl.invoke(DelegatingMethodAccessorImpl.java:43) ~[?:?]
	at java.lang.reflect.Method.invoke(Method.java:566) ~[?:?]
	at org.eclipse.jetty.xml.XmlConfiguration$JettyXmlConfiguration.invokeMethod(XmlConfiguration.java:765) [jetty-xml-9.4.41.v20210516.jar:9.4.41.v20210516]
	at org.eclipse.jetty.xml.XmlConfiguration$JettyXmlConfiguration.invokeMethod(XmlConfiguration.java:760) [jetty-xml-9.4.41.v20210516.jar:9.4.41.v20210516]
	at org.eclipse.jetty.xml.XmlConfiguration$JettyXmlConfiguration.call(XmlConfiguration.java:979) [jetty-xml-9.4.41.v20210516.jar:9.4.41.v20210516]
	at org.eclipse.jetty.xml.XmlConfiguration$JettyXmlConfiguration.call(XmlConfiguration.java:942) [jetty-xml-9.4.41.v20210516.jar:9.4.41.v20210516]
	at org.eclipse.jetty.xml.XmlConfiguration$JettyXmlConfiguration.itemValue(XmlConfiguration.java:1536) [jetty-xml-9.4.41.v20210516.jar:9.4.41.v20210516]
	at org.eclipse.jetty.xml.XmlConfiguration$JettyXmlConfiguration.value(XmlConfiguration.java:1441) [jetty-xml-9.4.41.v20210516.jar:9.4.41.v20210516]
	at org.eclipse.jetty.xml.XmlConfiguration$JettyXmlConfiguration.access$700(XmlConfiguration.java:395) [jetty-xml-9.4.41.v20210516.jar:9.4.41.v20210516]
	at org.eclipse.jetty.xml.XmlConfiguration$JettyXmlConfiguration$Args.<init>(XmlConfiguration.java:1699) [jetty-xml-9.4.41.v20210516.jar:9.4.41.v20210516]
	at org.eclipse.jetty.xml.XmlConfiguration$JettyXmlConfiguration$Args.<init>(XmlConfiguration.java:1686) [jetty-xml-9.4.41.v20210516.jar:9.4.41.v20210516]
	at org.eclipse.jetty.xml.XmlConfiguration$JettyXmlConfiguration.newObj(XmlConfiguration.java:1011) [jetty-xml-9.4.41.v20210516.jar:9.4.41.v20210516]
	at org.eclipse.jetty.xml.XmlConfiguration$JettyXmlConfiguration.configure(XmlConfiguration.java:521) [jetty-xml-9.4.41.v20210516.jar:9.4.41.v20210516]
	at org.eclipse.jetty.xml.XmlConfiguration$JettyXmlConfiguration.configure(XmlConfiguration.java:468) [jetty-xml-9.4.41.v20210516.jar:9.4.41.v20210516]
	at org.eclipse.jetty.xml.XmlConfiguration.configure(XmlConfiguration.java:380) [jetty-xml-9.4.41.v20210516.jar:9.4.41.v20210516]
	at org.eclipse.jetty.deploy.providers.WebAppProvider.createContextHandler(WebAppProvider.java:300) [jetty-deploy-9.4.41.v20210516.jar:9.4.41.v20210516]
	at org.eclipse.jetty.deploy.App.getContextHandler(App.java:99) [jetty-deploy-9.4.41.v20210516.jar:9.4.41.v20210516]
	at org.eclipse.jetty.deploy.bindings.StandardDeployer.processBinding(StandardDeployer.java:39) [jetty-deploy-9.4.41.v20210516.jar:9.4.41.v20210516]
	at org.eclipse.jetty.deploy.AppLifeCycle.runBindings(AppLifeCycle.java:188) [jetty-deploy-9.4.41.v20210516.jar:9.4.41.v20210516]
	at org.eclipse.jetty.deploy.DeploymentManager.requestAppGoal(DeploymentManager.java:517) [jetty-deploy-9.4.41.v20210516.jar:9.4.41.v20210516]
	at org.eclipse.jetty.deploy.DeploymentManager.addApp(DeploymentManager.java:157) [jetty-deploy-9.4.41.v20210516.jar:9.4.41.v20210516]
	at org.eclipse.jetty.deploy.providers.ScanningAppProvider.fileAdded(ScanningAppProvider.java:173) [jetty-deploy-9.4.41.v20210516.jar:9.4.41.v20210516]
	at org.eclipse.jetty.deploy.providers.WebAppProvider.fileAdded(WebAppProvider.java:448) [jetty-deploy-9.4.41.v20210516.jar:9.4.41.v20210516]
	at org.eclipse.jetty.deploy.providers.ScanningAppProvider$1.fileAdded(ScanningAppProvider.java:66) [jetty-deploy-9.4.41.v20210516.jar:9.4.41.v20210516]
	at org.eclipse.jetty.util.Scanner.reportAddition(Scanner.java:785) [jetty-util-9.4.41.v20210516.jar:9.4.41.v20210516]
	at org.eclipse.jetty.util.Scanner.reportDifferences(Scanner.java:754) [jetty-util-9.4.41.v20210516.jar:9.4.41.v20210516]
	at org.eclipse.jetty.util.Scanner.scan(Scanner.java:641) [jetty-util-9.4.41.v20210516.jar:9.4.41.v20210516]
	at org.eclipse.jetty.util.Scanner.doStart(Scanner.java:540) [jetty-util-9.4.41.v20210516.jar:9.4.41.v20210516]
	at org.eclipse.jetty.util.component.AbstractLifeCycle.start(AbstractLifeCycle.java:73) [jetty-util-9.4.41.v20210516.jar:9.4.41.v20210516]
	at org.eclipse.jetty.deploy.providers.ScanningAppProvider.doStart(ScanningAppProvider.java:146) [jetty-deploy-9.4.41.v20210516.jar:9.4.41.v20210516]
	at org.eclipse.jetty.util.component.AbstractLifeCycle.start(AbstractLifeCycle.java:73) [jetty-util-9.4.41.v20210516.jar:9.4.41.v20210516]
	at org.eclipse.jetty.deploy.DeploymentManager.startAppProvider(DeploymentManager.java:605) [jetty-deploy-9.4.41.v20210516.jar:9.4.41.v20210516]
	at org.eclipse.jetty.deploy.DeploymentManager.doStart(DeploymentManager.java:252) [jetty-deploy-9.4.41.v20210516.jar:9.4.41.v20210516]
	at org.eclipse.jetty.util.component.AbstractLifeCycle.start(AbstractLifeCycle.java:73) [jetty-util-9.4.41.v20210516.jar:9.4.41.v20210516]
	at org.eclipse.jetty.util.component.ContainerLifeCycle.start(ContainerLifeCycle.java:169) [jetty-util-9.4.41.v20210516.jar:9.4.41.v20210516]
	at org.eclipse.jetty.server.Server.start(Server.java:423) [jetty-server-9.4.41.v20210516.jar:9.4.41.v20210516]
	at org.eclipse.jetty.util.component.ContainerLifeCycle.doStart(ContainerLifeCycle.java:117) [jetty-util-9.4.41.v20210516.jar:9.4.41.v20210516]
	at org.eclipse.jetty.server.handler.AbstractHandler.doStart(AbstractHandler.java:97) [jetty-server-9.4.41.v20210516.jar:9.4.41.v20210516]
	at org.eclipse.jetty.server.Server.doStart(Server.java:387) [jetty-server-9.4.41.v20210516.jar:9.4.41.v20210516]
	at org.eclipse.jetty.util.component.AbstractLifeCycle.start(AbstractLifeCycle.java:73) [jetty-util-9.4.41.v20210516.jar:9.4.41.v20210516]
	at jdk.internal.reflect.NativeMethodAccessorImpl.invoke0(Native Method) ~[?:?]
	at jdk.internal.reflect.NativeMethodAccessorImpl.invoke(NativeMethodAccessorImpl.java:62) ~[?:?]
	at jdk.internal.reflect.DelegatingMethodAccessorImpl.invoke(DelegatingMethodAccessorImpl.java:43) ~[?:?]
	at java.lang.reflect.Method.invoke(Method.java:566) ~[?:?]
	at mil.arl.gift.tools.spl.SingleProcessLauncher$22.run(SingleProcessLauncher.java:936) [gift-spl.jar:?]
05-30-2024 23:34:34 [Tutor Single Process Thread] WARN  org.eclipse.jetty.servlets.CGI - CGI: CGI bin does not exist - \CS
