05-30-2024 23:25:29 [Tutor Single Process Thread] ERROR mil.arl.gift.common.gwt.server.GiftServletUtils - Caught a server side error while trying to contact the virtual human character server at 'localhost:8088'.
java.net.ConnectException: Connection refused: connect
	at java.net.PlainSocketImpl.waitForConnect(Native Method) ~[?:?]
	at java.net.PlainSocketImpl.socketConnect(PlainSocketImpl.java:107) ~[?:?]
	at java.net.AbstractPlainSocketImpl.doConnect(AbstractPlainSocketImpl.java:399) ~[?:?]
	at java.net.AbstractPlainSocketImpl.connectToAddress(AbstractPlainSocketImpl.java:242) ~[?:?]
	at java.net.AbstractPlainSocketImpl.connect(AbstractPlainSocketImpl.java:224) ~[?:?]
	at java.net.Socket.connect(Socket.java:591) ~[?:?]
	at sun.net.NetworkClient.doConnect(NetworkClient.java:177) ~[?:?]
	at sun.net.www.http.HttpClient.openServer(HttpClient.java:474) ~[?:?]
	at sun.net.www.http.HttpClient.openServer(HttpClient.java:569) ~[?:?]
	at sun.net.www.http.HttpClient.<init>(HttpClient.java:242) ~[?:?]
	at sun.net.www.http.HttpClient.New(HttpClient.java:341) ~[?:?]
	at sun.net.www.http.HttpClient.New(HttpClient.java:362) ~[?:?]
	at sun.net.www.protocol.http.HttpURLConnection.getNewHttpClient(HttpURLConnection.java:1242) ~[?:?]
	at sun.net.www.protocol.http.HttpURLConnection.plainConnect0(HttpURLConnection.java:1181) ~[?:?]
	at sun.net.www.protocol.http.HttpURLConnection.plainConnect(HttpURLConnection.java:1075) ~[?:?]
	at sun.net.www.protocol.http.HttpURLConnection.connect(HttpURLConnection.java:1009) ~[?:?]
	at sun.net.www.protocol.http.HttpURLConnection.getInputStream0(HttpURLConnection.java:1581) ~[?:?]
	at sun.net.www.protocol.http.HttpURLConnection.getInputStream(HttpURLConnection.java:1509) ~[?:?]
	at mil.arl.gift.net.rest.RESTClient.callRequest(RESTClient.java:190) ~[gift-common.jar:?]
	at mil.arl.gift.net.rest.RESTClient.get(RESTClient.java:535) ~[gift-common.jar:?]
	at mil.arl.gift.common.gwt.server.GiftServletUtils.checkVHCharacterServer(GiftServletUtils.java:70) [gift-commongwt.jar:?]
	at jdk.internal.reflect.NativeMethodAccessorImpl.invoke0(Native Method) ~[?:?]
	at jdk.internal.reflect.NativeMethodAccessorImpl.invoke(NativeMethodAccessorImpl.java:62) ~[?:?]
	at jdk.internal.reflect.DelegatingMethodAccessorImpl.invoke(DelegatingMethodAccessorImpl.java:43) ~[?:?]
	at java.lang.reflect.Method.invoke(Method.java:566) ~[?:?]
	at org.eclipse.jetty.xml.XmlConfiguration$JettyXmlConfiguration.invokeMethod(XmlConfiguration.java:765) [jetty-xml-9.4.41.v20210516.jar:9.4.41.v20210516]
	at org.eclipse.jetty.xml.XmlConfiguration$JettyXmlConfiguration.invokeMethod(XmlConfiguration.java:760) [jetty-xml-9.4.41.v20210516.jar:9.4.41.v20210516]
	at org.eclipse.jetty.xml.XmlConfiguration$JettyXmlConfiguration.call(XmlConfiguration.java:979) [jetty-xml-9.4.41.v20210516.jar:9.4.41.v20210516]
	at org.eclipse.jetty.xml.XmlConfiguration$JettyXmlConfiguration.call(XmlConfiguration.java:942) [jetty-xml-9.4.41.v20210516.jar:9.4.41.v20210516]
	at org.eclipse.jetty.xml.XmlConfiguration$JettyXmlConfiguration.itemValue(XmlConfiguration.java:1536) [jetty-xml-9.4.41.v20210516.jar:9.4.41.v20210516]
	at org.eclipse.jetty.xml.XmlConfiguration$JettyXmlConfiguration.value(XmlConfiguration.java:1441) [jetty-xml-9.4.41.v20210516.jar:9.4.41.v20210516]
	at org.eclipse.jetty.xml.XmlConfiguration$JettyXmlConfiguration.access$700(XmlConfiguration.java:395) [jetty-xml-9.4.41.v20210516.jar:9.4.41.v20210516]
	at org.eclipse.jetty.xml.XmlConfiguration$JettyXmlConfiguration$Args.<init>(XmlConfiguration.java:1699) [jetty-xml-9.4.41.v20210516.jar:9.4.41.v20210516]
	at org.eclipse.jetty.xml.XmlConfiguration$JettyXmlConfiguration$Args.<init>(XmlConfiguration.java:1686) [jetty-xml-9.4.41.v20210516.jar:9.4.41.v20210516]
	at org.eclipse.jetty.xml.XmlConfiguration$JettyXmlConfiguration.newObj(XmlConfiguration.java:1011) [jetty-xml-9.4.41.v20210516.jar:9.4.41.v20210516]
	at org.eclipse.jetty.xml.XmlConfiguration$JettyXmlConfiguration.configure(XmlConfiguration.java:521) [jetty-xml-9.4.41.v20210516.jar:9.4.41.v20210516]
	at org.eclipse.jetty.xml.XmlConfiguration$JettyXmlConfiguration.configure(XmlConfiguration.java:468) [jetty-xml-9.4.41.v20210516.jar:9.4.41.v20210516]
	at org.eclipse.jetty.xml.XmlConfiguration.configure(XmlConfiguration.java:380) [jetty-xml-9.4.41.v20210516.jar:9.4.41.v20210516]
	at org.eclipse.jetty.deploy.providers.WebAppProvider.createContextHandler(WebAppProvider.java:300) [jetty-deploy-9.4.41.v20210516.jar:9.4.41.v20210516]
	at org.eclipse.jetty.deploy.App.getContextHandler(App.java:99) [jetty-deploy-9.4.41.v20210516.jar:9.4.41.v20210516]
	at org.eclipse.jetty.deploy.bindings.StandardDeployer.processBinding(StandardDeployer.java:39) [jetty-deploy-9.4.41.v20210516.jar:9.4.41.v20210516]
	at org.eclipse.jetty.deploy.AppLifeCycle.runBindings(AppLifeCycle.java:188) [jetty-deploy-9.4.41.v20210516.jar:9.4.41.v20210516]
	at org.eclipse.jetty.deploy.DeploymentManager.requestAppGoal(DeploymentManager.java:517) [jetty-deploy-9.4.41.v20210516.jar:9.4.41.v20210516]
	at org.eclipse.jetty.deploy.DeploymentManager.addApp(DeploymentManager.java:157) [jetty-deploy-9.4.41.v20210516.jar:9.4.41.v20210516]
	at org.eclipse.jetty.deploy.providers.ScanningAppProvider.fileAdded(ScanningAppProvider.java:173) [jetty-deploy-9.4.41.v20210516.jar:9.4.41.v20210516]
	at org.eclipse.jetty.deploy.providers.WebAppProvider.fileAdded(WebAppProvider.java:448) [jetty-deploy-9.4.41.v20210516.jar:9.4.41.v20210516]
	at org.eclipse.jetty.deploy.providers.ScanningAppProvider$1.fileAdded(ScanningAppProvider.java:66) [jetty-deploy-9.4.41.v20210516.jar:9.4.41.v20210516]
	at org.eclipse.jetty.util.Scanner.reportAddition(Scanner.java:785) [jetty-util-9.4.41.v20210516.jar:9.4.41.v20210516]
	at org.eclipse.jetty.util.Scanner.reportDifferences(Scanner.java:754) [jetty-util-9.4.41.v20210516.jar:9.4.41.v20210516]
	at org.eclipse.jetty.util.Scanner.scan(Scanner.java:641) [jetty-util-9.4.41.v20210516.jar:9.4.41.v20210516]
	at org.eclipse.jetty.util.Scanner.doStart(Scanner.java:540) [jetty-util-9.4.41.v20210516.jar:9.4.41.v20210516]
	at org.eclipse.jetty.util.component.AbstractLifeCycle.start(AbstractLifeCycle.java:73) [jetty-util-9.4.41.v20210516.jar:9.4.41.v20210516]
	at org.eclipse.jetty.deploy.providers.ScanningAppProvider.doStart(ScanningAppProvider.java:146) [jetty-deploy-9.4.41.v20210516.jar:9.4.41.v20210516]
	at org.eclipse.jetty.util.component.AbstractLifeCycle.start(AbstractLifeCycle.java:73) [jetty-util-9.4.41.v20210516.jar:9.4.41.v20210516]
	at org.eclipse.jetty.deploy.DeploymentManager.startAppProvider(DeploymentManager.java:605) [jetty-deploy-9.4.41.v20210516.jar:9.4.41.v20210516]
	at org.eclipse.jetty.deploy.DeploymentManager.doStart(DeploymentManager.java:252) [jetty-deploy-9.4.41.v20210516.jar:9.4.41.v20210516]
	at org.eclipse.jetty.util.component.AbstractLifeCycle.start(AbstractLifeCycle.java:73) [jetty-util-9.4.41.v20210516.jar:9.4.41.v20210516]
	at org.eclipse.jetty.util.component.ContainerLifeCycle.start(ContainerLifeCycle.java:169) [jetty-util-9.4.41.v20210516.jar:9.4.41.v20210516]
	at org.eclipse.jetty.server.Server.start(Server.java:423) [jetty-server-9.4.41.v20210516.jar:9.4.41.v20210516]
	at org.eclipse.jetty.util.component.ContainerLifeCycle.doStart(ContainerLifeCycle.java:117) [jetty-util-9.4.41.v20210516.jar:9.4.41.v20210516]
	at org.eclipse.jetty.server.handler.AbstractHandler.doStart(AbstractHandler.java:97) [jetty-server-9.4.41.v20210516.jar:9.4.41.v20210516]
	at org.eclipse.jetty.server.Server.doStart(Server.java:387) [jetty-server-9.4.41.v20210516.jar:9.4.41.v20210516]
	at org.eclipse.jetty.util.component.AbstractLifeCycle.start(AbstractLifeCycle.java:73) [jetty-util-9.4.41.v20210516.jar:9.4.41.v20210516]
	at jdk.internal.reflect.NativeMethodAccessorImpl.invoke0(Native Method) ~[?:?]
	at jdk.internal.reflect.NativeMethodAccessorImpl.invoke(NativeMethodAccessorImpl.java:62) ~[?:?]
	at jdk.internal.reflect.DelegatingMethodAccessorImpl.invoke(DelegatingMethodAccessorImpl.java:43) ~[?:?]
	at java.lang.reflect.Method.invoke(Method.java:566) ~[?:?]
	at mil.arl.gift.tools.spl.SingleProcessLauncher$22.run(SingleProcessLauncher.java:936) [gift-spl.jar:?]
05-30-2024 23:25:39 [Tutor Single Process Thread] WARN  org.eclipse.jetty.servlets.CGI - CGI: CGI bin does not exist - \CS
05-30-2024 23:25:43 [Tutor Single Process Thread] WARN  org.eclipse.jetty.server.handler.ContextHandler.tutor - unavailable
java.lang.reflect.InvocationTargetException: null
	at jdk.internal.reflect.NativeConstructorAccessorImpl.newInstance0(Native Method) ~[?:?]
	at jdk.internal.reflect.NativeConstructorAccessorImpl.newInstance(NativeConstructorAccessorImpl.java:62) ~[?:?]
	at jdk.internal.reflect.DelegatingConstructorAccessorImpl.newInstance(DelegatingConstructorAccessorImpl.java:45) ~[?:?]
	at java.lang.reflect.Constructor.newInstance(Constructor.java:490) ~[?:?]
	at org.eclipse.jetty.server.handler.ContextHandler$StaticContext.createInstance(ContextHandler.java:2921) ~[jetty-server-9.4.41.v20210516.jar:9.4.41.v20210516]
	at org.eclipse.jetty.servlet.ServletContextHandler$Context.createInstance(ServletContextHandler.java:1299) ~[jetty-servlet-9.4.41.v20210516.jar:9.4.41.v20210516]
	at org.eclipse.jetty.server.handler.ContextHandler$StaticContext.createServlet(ContextHandler.java:2938) ~[jetty-server-9.4.41.v20210516.jar:9.4.41.v20210516]
	at org.eclipse.jetty.servlet.ServletHolder.newInstance(ServletHolder.java:1202) ~[jetty-servlet-9.4.41.v20210516.jar:9.4.41.v20210516]
	at org.eclipse.jetty.servlet.ServletHolder.initServlet(ServletHolder.java:592) ~[jetty-servlet-9.4.41.v20210516.jar:9.4.41.v20210516]
	at org.eclipse.jetty.servlet.ServletHolder.initialize(ServletHolder.java:415) ~[jetty-servlet-9.4.41.v20210516.jar:9.4.41.v20210516]
	at org.eclipse.jetty.servlet.ServletHandler.lambda$initialize$0(ServletHandler.java:731) ~[jetty-servlet-9.4.41.v20210516.jar:9.4.41.v20210516]
	at java.util.stream.SortedOps$SizedRefSortingSink.end(SortedOps.java:357) [?:?]
	at java.util.stream.AbstractPipeline.copyInto(AbstractPipeline.java:485) [?:?]
	at java.util.stream.AbstractPipeline.wrapAndCopyInto(AbstractPipeline.java:474) [?:?]
	at java.util.stream.StreamSpliterators$WrappingSpliterator.forEachRemaining(StreamSpliterators.java:312) [?:?]
	at java.util.stream.Streams$ConcatSpliterator.forEachRemaining(Streams.java:735) [?:?]
	at java.util.stream.ReferencePipeline$Head.forEach(ReferencePipeline.java:658) [?:?]
	at org.eclipse.jetty.servlet.ServletHandler.initialize(ServletHandler.java:755) [jetty-servlet-9.4.41.v20210516.jar:9.4.41.v20210516]
	at org.eclipse.jetty.servlet.ServletContextHandler.startContext(ServletContextHandler.java:379) [jetty-servlet-9.4.41.v20210516.jar:9.4.41.v20210516]
	at org.eclipse.jetty.webapp.WebAppContext.startWebapp(WebAppContext.java:1449) [jetty-webapp-9.4.41.v20210516.jar:9.4.41.v20210516]
	at org.eclipse.jetty.webapp.WebAppContext.startContext(WebAppContext.java:1414) [jetty-webapp-9.4.41.v20210516.jar:9.4.41.v20210516]
	at org.eclipse.jetty.server.handler.ContextHandler.doStart(ContextHandler.java:911) [jetty-server-9.4.41.v20210516.jar:9.4.41.v20210516]
	at org.eclipse.jetty.servlet.ServletContextHandler.doStart(ServletContextHandler.java:288) [jetty-servlet-9.4.41.v20210516.jar:9.4.41.v20210516]
	at org.eclipse.jetty.webapp.WebAppContext.doStart(WebAppContext.java:524) [jetty-webapp-9.4.41.v20210516.jar:9.4.41.v20210516]
	at org.eclipse.jetty.util.component.AbstractLifeCycle.start(AbstractLifeCycle.java:73) [jetty-util-9.4.41.v20210516.jar:9.4.41.v20210516]
	at org.eclipse.jetty.deploy.bindings.StandardStarter.processBinding(StandardStarter.java:46) [jetty-deploy-9.4.41.v20210516.jar:9.4.41.v20210516]
	at org.eclipse.jetty.deploy.AppLifeCycle.runBindings(AppLifeCycle.java:188) [jetty-deploy-9.4.41.v20210516.jar:9.4.41.v20210516]
	at org.eclipse.jetty.deploy.DeploymentManager.requestAppGoal(DeploymentManager.java:517) [jetty-deploy-9.4.41.v20210516.jar:9.4.41.v20210516]
	at org.eclipse.jetty.deploy.DeploymentManager.addApp(DeploymentManager.java:157) [jetty-deploy-9.4.41.v20210516.jar:9.4.41.v20210516]
	at org.eclipse.jetty.deploy.providers.ScanningAppProvider.fileAdded(ScanningAppProvider.java:173) [jetty-deploy-9.4.41.v20210516.jar:9.4.41.v20210516]
	at org.eclipse.jetty.deploy.providers.WebAppProvider.fileAdded(WebAppProvider.java:448) [jetty-deploy-9.4.41.v20210516.jar:9.4.41.v20210516]
	at org.eclipse.jetty.deploy.providers.ScanningAppProvider$1.fileAdded(ScanningAppProvider.java:66) [jetty-deploy-9.4.41.v20210516.jar:9.4.41.v20210516]
	at org.eclipse.jetty.util.Scanner.reportAddition(Scanner.java:785) [jetty-util-9.4.41.v20210516.jar:9.4.41.v20210516]
	at org.eclipse.jetty.util.Scanner.reportDifferences(Scanner.java:754) [jetty-util-9.4.41.v20210516.jar:9.4.41.v20210516]
	at org.eclipse.jetty.util.Scanner.scan(Scanner.java:641) [jetty-util-9.4.41.v20210516.jar:9.4.41.v20210516]
	at org.eclipse.jetty.util.Scanner.doStart(Scanner.java:540) [jetty-util-9.4.41.v20210516.jar:9.4.41.v20210516]
	at org.eclipse.jetty.util.component.AbstractLifeCycle.start(AbstractLifeCycle.java:73) [jetty-util-9.4.41.v20210516.jar:9.4.41.v20210516]
	at org.eclipse.jetty.deploy.providers.ScanningAppProvider.doStart(ScanningAppProvider.java:146) [jetty-deploy-9.4.41.v20210516.jar:9.4.41.v20210516]
	at org.eclipse.jetty.util.component.AbstractLifeCycle.start(AbstractLifeCycle.java:73) [jetty-util-9.4.41.v20210516.jar:9.4.41.v20210516]
	at org.eclipse.jetty.deploy.DeploymentManager.startAppProvider(DeploymentManager.java:605) [jetty-deploy-9.4.41.v20210516.jar:9.4.41.v20210516]
	at org.eclipse.jetty.deploy.DeploymentManager.doStart(DeploymentManager.java:252) [jetty-deploy-9.4.41.v20210516.jar:9.4.41.v20210516]
	at org.eclipse.jetty.util.component.AbstractLifeCycle.start(AbstractLifeCycle.java:73) [jetty-util-9.4.41.v20210516.jar:9.4.41.v20210516]
	at org.eclipse.jetty.util.component.ContainerLifeCycle.start(ContainerLifeCycle.java:169) [jetty-util-9.4.41.v20210516.jar:9.4.41.v20210516]
	at org.eclipse.jetty.server.Server.start(Server.java:423) [jetty-server-9.4.41.v20210516.jar:9.4.41.v20210516]
	at org.eclipse.jetty.util.component.ContainerLifeCycle.doStart(ContainerLifeCycle.java:117) [jetty-util-9.4.41.v20210516.jar:9.4.41.v20210516]
	at org.eclipse.jetty.server.handler.AbstractHandler.doStart(AbstractHandler.java:97) [jetty-server-9.4.41.v20210516.jar:9.4.41.v20210516]
	at org.eclipse.jetty.server.Server.doStart(Server.java:387) [jetty-server-9.4.41.v20210516.jar:9.4.41.v20210516]
	at org.eclipse.jetty.util.component.AbstractLifeCycle.start(AbstractLifeCycle.java:73) [jetty-util-9.4.41.v20210516.jar:9.4.41.v20210516]
	at jdk.internal.reflect.NativeMethodAccessorImpl.invoke0(Native Method) ~[?:?]
	at jdk.internal.reflect.NativeMethodAccessorImpl.invoke(NativeMethodAccessorImpl.java:62) ~[?:?]
	at jdk.internal.reflect.DelegatingMethodAccessorImpl.invoke(DelegatingMethodAccessorImpl.java:43) ~[?:?]
	at java.lang.reflect.Method.invoke(Method.java:566) ~[?:?]
	at mil.arl.gift.tools.spl.SingleProcessLauncher$22.run(SingleProcessLauncher.java:936) [gift-spl.jar:?]
Caused by: mil.arl.gift.common.ModuleConnectionConfigurationException: Could not connect to broker URL: tcp://localhost:61617. Reason: java.net.ConnectException: Connection refused: connect
	at mil.arl.gift.net.api.NetworkSession.initializeModuleConnection(NetworkSession.java:793) ~[gift-common.jar:?]
	at mil.arl.gift.net.api.NetworkSession.<init>(NetworkSession.java:572) ~[gift-common.jar:?]
	at mil.arl.gift.common.module.AbstractModule.<init>(AbstractModule.java:171) ~[gift-common.jar:?]
	at mil.arl.gift.common.module.AbstractModule.<init>(AbstractModule.java:117) ~[gift-common.jar:?]
	at mil.arl.gift.tutor.server.TutorModule.<init>(TutorModule.java:134) ~[classes/:?]
	at mil.arl.gift.tutor.server.TutorModule.getInstance(TutorModule.java:124) ~[classes/:?]
	at mil.arl.gift.tutor.server.TutorUserInterfaceServiceImpl.<init>(TutorUserInterfaceServiceImpl.java:129) ~[classes/:?]
	... 53 more
Caused by: javax.jms.JMSException: Could not connect to broker URL: tcp://localhost:61617. Reason: java.net.ConnectException: Connection refused: connect
	at org.apache.activemq.util.JMSExceptionSupport.create(JMSExceptionSupport.java:49) ~[activemq-all-5.18.3.jar:5.18.3]
	at org.apache.activemq.ActiveMQConnectionFactory.createActiveMQConnection(ActiveMQConnectionFactory.java:419) ~[activemq-all-5.18.3.jar:5.18.3]
	at org.apache.activemq.ActiveMQConnectionFactory.createActiveMQConnection(ActiveMQConnectionFactory.java:349) ~[activemq-all-5.18.3.jar:5.18.3]
	at org.apache.activemq.ActiveMQConnectionFactory.createConnection(ActiveMQConnectionFactory.java:245) ~[activemq-all-5.18.3.jar:5.18.3]
	at mil.arl.gift.net.api.MessageClient.initializeConnection(MessageClient.java:354) ~[gift-common.jar:?]
	at mil.arl.gift.net.api.MessageClient.connect(MessageClient.java:516) ~[gift-common.jar:?]
	at mil.arl.gift.net.api.NetworkSession.initializeModuleConnection(NetworkSession.java:788) ~[gift-common.jar:?]
	at mil.arl.gift.net.api.NetworkSession.<init>(NetworkSession.java:572) ~[gift-common.jar:?]
	at mil.arl.gift.common.module.AbstractModule.<init>(AbstractModule.java:171) ~[gift-common.jar:?]
	at mil.arl.gift.common.module.AbstractModule.<init>(AbstractModule.java:117) ~[gift-common.jar:?]
	at mil.arl.gift.tutor.server.TutorModule.<init>(TutorModule.java:134) ~[classes/:?]
	at mil.arl.gift.tutor.server.TutorModule.getInstance(TutorModule.java:124) ~[classes/:?]
	at mil.arl.gift.tutor.server.TutorUserInterfaceServiceImpl.<init>(TutorUserInterfaceServiceImpl.java:129) ~[classes/:?]
	... 53 more
Caused by: java.net.ConnectException: Connection refused: connect
	at java.net.PlainSocketImpl.waitForConnect(Native Method) ~[?:?]
	at java.net.PlainSocketImpl.socketConnect(PlainSocketImpl.java:107) ~[?:?]
	at java.net.AbstractPlainSocketImpl.doConnect(AbstractPlainSocketImpl.java:399) ~[?:?]
	at java.net.AbstractPlainSocketImpl.connectToAddress(AbstractPlainSocketImpl.java:242) ~[?:?]
	at java.net.AbstractPlainSocketImpl.connect(AbstractPlainSocketImpl.java:224) ~[?:?]
	at java.net.SocksSocketImpl.connect(SocksSocketImpl.java:403) ~[?:?]
	at java.net.Socket.connect(Socket.java:591) ~[?:?]
	at org.apache.activemq.transport.tcp.TcpTransport.connect(TcpTransport.java:525) ~[activemq-all-5.18.3.jar:5.18.3]
	at org.apache.activemq.transport.tcp.TcpTransport.doStart(TcpTransport.java:488) ~[activemq-all-5.18.3.jar:5.18.3]
	at org.apache.activemq.util.ServiceSupport.start(ServiceSupport.java:55) ~[activemq-all-5.18.3.jar:5.18.3]
	at org.apache.activemq.transport.AbstractInactivityMonitor.start(AbstractInactivityMonitor.java:172) ~[activemq-all-5.18.3.jar:5.18.3]
	at org.apache.activemq.transport.InactivityMonitor.start(InactivityMonitor.java:52) ~[activemq-all-5.18.3.jar:5.18.3]
	at org.apache.activemq.transport.TransportFilter.start(TransportFilter.java:64) ~[activemq-all-5.18.3.jar:5.18.3]
	at org.apache.activemq.transport.WireFormatNegotiator.start(WireFormatNegotiator.java:72) ~[activemq-all-5.18.3.jar:5.18.3]
	at org.apache.activemq.transport.TransportFilter.start(TransportFilter.java:64) ~[activemq-all-5.18.3.jar:5.18.3]
	at org.apache.activemq.transport.TransportFilter.start(TransportFilter.java:64) ~[activemq-all-5.18.3.jar:5.18.3]
	at org.apache.activemq.ActiveMQConnectionFactory.createActiveMQConnection(ActiveMQConnectionFactory.java:399) ~[activemq-all-5.18.3.jar:5.18.3]
	at org.apache.activemq.ActiveMQConnectionFactory.createActiveMQConnection(ActiveMQConnectionFactory.java:349) ~[activemq-all-5.18.3.jar:5.18.3]
	at org.apache.activemq.ActiveMQConnectionFactory.createConnection(ActiveMQConnectionFactory.java:245) ~[activemq-all-5.18.3.jar:5.18.3]
	at mil.arl.gift.net.api.MessageClient.initializeConnection(MessageClient.java:354) ~[gift-common.jar:?]
	at mil.arl.gift.net.api.MessageClient.connect(MessageClient.java:516) ~[gift-common.jar:?]
	at mil.arl.gift.net.api.NetworkSession.initializeModuleConnection(NetworkSession.java:788) ~[gift-common.jar:?]
	at mil.arl.gift.net.api.NetworkSession.<init>(NetworkSession.java:572) ~[gift-common.jar:?]
	at mil.arl.gift.common.module.AbstractModule.<init>(AbstractModule.java:171) ~[gift-common.jar:?]
	at mil.arl.gift.common.module.AbstractModule.<init>(AbstractModule.java:117) ~[gift-common.jar:?]
	at mil.arl.gift.tutor.server.TutorModule.<init>(TutorModule.java:134) ~[classes/:?]
	at mil.arl.gift.tutor.server.TutorModule.getInstance(TutorModule.java:124) ~[classes/:?]
	at mil.arl.gift.tutor.server.TutorUserInterfaceServiceImpl.<init>(TutorUserInterfaceServiceImpl.java:129) ~[classes/:?]
	... 53 more
05-30-2024 23:25:43 [Tutor Single Process Thread] WARN  org.eclipse.jetty.webapp.WebAppContext - Failed startup of context o.e.j.w.WebAppContext@448a838{/tutor,file:///D:/GIFT-SVN/GIFT/temp/jetty-gift-tutor/webapp/,UNAVAILABLE}{D:\GIFT-SVN\GIFT/bin/gift-tutor.war}
javax.servlet.ServletException: tutorUserInterfaceServlet==mil.arl.gift.tutor.server.TutorUserInterfaceServiceImpl@438ea90d{jsp=null,order=1,inst=true,async=false,src=DESCRIPTOR:file:///D:/GIFT-SVN/GIFT/temp/jetty-gift-tutor/webapp/WEB-INF/web.xml,STARTED}
	at org.eclipse.jetty.servlet.ServletHolder.initServlet(ServletHolder.java:650) ~[jetty-servlet-9.4.41.v20210516.jar:9.4.41.v20210516]
	at org.eclipse.jetty.servlet.ServletHolder.initialize(ServletHolder.java:415) ~[jetty-servlet-9.4.41.v20210516.jar:9.4.41.v20210516]
	at org.eclipse.jetty.servlet.ServletHandler.lambda$initialize$0(ServletHandler.java:731) ~[jetty-servlet-9.4.41.v20210516.jar:9.4.41.v20210516]
	at java.util.stream.SortedOps$SizedRefSortingSink.end(SortedOps.java:357) ~[?:?]
	at java.util.stream.AbstractPipeline.copyInto(AbstractPipeline.java:485) ~[?:?]
	at java.util.stream.AbstractPipeline.wrapAndCopyInto(AbstractPipeline.java:474) ~[?:?]
	at java.util.stream.StreamSpliterators$WrappingSpliterator.forEachRemaining(StreamSpliterators.java:312) ~[?:?]
	at java.util.stream.Streams$ConcatSpliterator.forEachRemaining(Streams.java:735) ~[?:?]
	at java.util.stream.ReferencePipeline$Head.forEach(ReferencePipeline.java:658) ~[?:?]
	at org.eclipse.jetty.servlet.ServletHandler.initialize(ServletHandler.java:755) ~[jetty-servlet-9.4.41.v20210516.jar:9.4.41.v20210516]
	at org.eclipse.jetty.servlet.ServletContextHandler.startContext(ServletContextHandler.java:379) ~[jetty-servlet-9.4.41.v20210516.jar:9.4.41.v20210516]
	at org.eclipse.jetty.webapp.WebAppContext.startWebapp(WebAppContext.java:1449) ~[jetty-webapp-9.4.41.v20210516.jar:9.4.41.v20210516]
	at org.eclipse.jetty.webapp.WebAppContext.startContext(WebAppContext.java:1414) ~[jetty-webapp-9.4.41.v20210516.jar:9.4.41.v20210516]
	at org.eclipse.jetty.server.handler.ContextHandler.doStart(ContextHandler.java:911) ~[jetty-server-9.4.41.v20210516.jar:9.4.41.v20210516]
	at org.eclipse.jetty.servlet.ServletContextHandler.doStart(ServletContextHandler.java:288) ~[jetty-servlet-9.4.41.v20210516.jar:9.4.41.v20210516]
	at org.eclipse.jetty.webapp.WebAppContext.doStart(WebAppContext.java:524) [jetty-webapp-9.4.41.v20210516.jar:9.4.41.v20210516]
	at org.eclipse.jetty.util.component.AbstractLifeCycle.start(AbstractLifeCycle.java:73) [jetty-util-9.4.41.v20210516.jar:9.4.41.v20210516]
	at org.eclipse.jetty.deploy.bindings.StandardStarter.processBinding(StandardStarter.java:46) [jetty-deploy-9.4.41.v20210516.jar:9.4.41.v20210516]
	at org.eclipse.jetty.deploy.AppLifeCycle.runBindings(AppLifeCycle.java:188) [jetty-deploy-9.4.41.v20210516.jar:9.4.41.v20210516]
	at org.eclipse.jetty.deploy.DeploymentManager.requestAppGoal(DeploymentManager.java:517) [jetty-deploy-9.4.41.v20210516.jar:9.4.41.v20210516]
	at org.eclipse.jetty.deploy.DeploymentManager.addApp(DeploymentManager.java:157) [jetty-deploy-9.4.41.v20210516.jar:9.4.41.v20210516]
	at org.eclipse.jetty.deploy.providers.ScanningAppProvider.fileAdded(ScanningAppProvider.java:173) [jetty-deploy-9.4.41.v20210516.jar:9.4.41.v20210516]
	at org.eclipse.jetty.deploy.providers.WebAppProvider.fileAdded(WebAppProvider.java:448) [jetty-deploy-9.4.41.v20210516.jar:9.4.41.v20210516]
	at org.eclipse.jetty.deploy.providers.ScanningAppProvider$1.fileAdded(ScanningAppProvider.java:66) [jetty-deploy-9.4.41.v20210516.jar:9.4.41.v20210516]
	at org.eclipse.jetty.util.Scanner.reportAddition(Scanner.java:785) [jetty-util-9.4.41.v20210516.jar:9.4.41.v20210516]
	at org.eclipse.jetty.util.Scanner.reportDifferences(Scanner.java:754) [jetty-util-9.4.41.v20210516.jar:9.4.41.v20210516]
	at org.eclipse.jetty.util.Scanner.scan(Scanner.java:641) [jetty-util-9.4.41.v20210516.jar:9.4.41.v20210516]
	at org.eclipse.jetty.util.Scanner.doStart(Scanner.java:540) [jetty-util-9.4.41.v20210516.jar:9.4.41.v20210516]
	at org.eclipse.jetty.util.component.AbstractLifeCycle.start(AbstractLifeCycle.java:73) [jetty-util-9.4.41.v20210516.jar:9.4.41.v20210516]
	at org.eclipse.jetty.deploy.providers.ScanningAppProvider.doStart(ScanningAppProvider.java:146) [jetty-deploy-9.4.41.v20210516.jar:9.4.41.v20210516]
	at org.eclipse.jetty.util.component.AbstractLifeCycle.start(AbstractLifeCycle.java:73) [jetty-util-9.4.41.v20210516.jar:9.4.41.v20210516]
	at org.eclipse.jetty.deploy.DeploymentManager.startAppProvider(DeploymentManager.java:605) [jetty-deploy-9.4.41.v20210516.jar:9.4.41.v20210516]
	at org.eclipse.jetty.deploy.DeploymentManager.doStart(DeploymentManager.java:252) [jetty-deploy-9.4.41.v20210516.jar:9.4.41.v20210516]
	at org.eclipse.jetty.util.component.AbstractLifeCycle.start(AbstractLifeCycle.java:73) [jetty-util-9.4.41.v20210516.jar:9.4.41.v20210516]
	at org.eclipse.jetty.util.component.ContainerLifeCycle.start(ContainerLifeCycle.java:169) [jetty-util-9.4.41.v20210516.jar:9.4.41.v20210516]
	at org.eclipse.jetty.server.Server.start(Server.java:423) [jetty-server-9.4.41.v20210516.jar:9.4.41.v20210516]
	at org.eclipse.jetty.util.component.ContainerLifeCycle.doStart(ContainerLifeCycle.java:117) [jetty-util-9.4.41.v20210516.jar:9.4.41.v20210516]
	at org.eclipse.jetty.server.handler.AbstractHandler.doStart(AbstractHandler.java:97) [jetty-server-9.4.41.v20210516.jar:9.4.41.v20210516]
	at org.eclipse.jetty.server.Server.doStart(Server.java:387) [jetty-server-9.4.41.v20210516.jar:9.4.41.v20210516]
	at org.eclipse.jetty.util.component.AbstractLifeCycle.start(AbstractLifeCycle.java:73) [jetty-util-9.4.41.v20210516.jar:9.4.41.v20210516]
	at jdk.internal.reflect.NativeMethodAccessorImpl.invoke0(Native Method) ~[?:?]
	at jdk.internal.reflect.NativeMethodAccessorImpl.invoke(NativeMethodAccessorImpl.java:62) ~[?:?]
	at jdk.internal.reflect.DelegatingMethodAccessorImpl.invoke(DelegatingMethodAccessorImpl.java:43) ~[?:?]
	at java.lang.reflect.Method.invoke(Method.java:566) ~[?:?]
	at mil.arl.gift.tools.spl.SingleProcessLauncher$22.run(SingleProcessLauncher.java:936) [gift-spl.jar:?]
Caused by: java.lang.reflect.InvocationTargetException
	at jdk.internal.reflect.NativeConstructorAccessorImpl.newInstance0(Native Method) ~[?:?]
	at jdk.internal.reflect.NativeConstructorAccessorImpl.newInstance(NativeConstructorAccessorImpl.java:62) ~[?:?]
	at jdk.internal.reflect.DelegatingConstructorAccessorImpl.newInstance(DelegatingConstructorAccessorImpl.java:45) ~[?:?]
	at java.lang.reflect.Constructor.newInstance(Constructor.java:490) ~[?:?]
	at org.eclipse.jetty.server.handler.ContextHandler$StaticContext.createInstance(ContextHandler.java:2921) ~[jetty-server-9.4.41.v20210516.jar:9.4.41.v20210516]
	at org.eclipse.jetty.servlet.ServletContextHandler$Context.createInstance(ServletContextHandler.java:1299) ~[jetty-servlet-9.4.41.v20210516.jar:9.4.41.v20210516]
	at org.eclipse.jetty.server.handler.ContextHandler$StaticContext.createServlet(ContextHandler.java:2938) ~[jetty-server-9.4.41.v20210516.jar:9.4.41.v20210516]
	at org.eclipse.jetty.servlet.ServletHolder.newInstance(ServletHolder.java:1202) ~[jetty-servlet-9.4.41.v20210516.jar:9.4.41.v20210516]
	at org.eclipse.jetty.servlet.ServletHolder.initServlet(ServletHolder.java:592) ~[jetty-servlet-9.4.41.v20210516.jar:9.4.41.v20210516]
	... 44 more
Caused by: mil.arl.gift.common.ModuleConnectionConfigurationException: Could not connect to broker URL: tcp://localhost:61617. Reason: java.net.ConnectException: Connection refused: connect
	at mil.arl.gift.net.api.NetworkSession.initializeModuleConnection(NetworkSession.java:793) ~[gift-common.jar:?]
	at mil.arl.gift.net.api.NetworkSession.<init>(NetworkSession.java:572) ~[gift-common.jar:?]
	at mil.arl.gift.common.module.AbstractModule.<init>(AbstractModule.java:171) ~[gift-common.jar:?]
	at mil.arl.gift.common.module.AbstractModule.<init>(AbstractModule.java:117) ~[gift-common.jar:?]
	at mil.arl.gift.tutor.server.TutorModule.<init>(TutorModule.java:134) ~[?:?]
	at mil.arl.gift.tutor.server.TutorModule.getInstance(TutorModule.java:124) ~[?:?]
	at mil.arl.gift.tutor.server.TutorUserInterfaceServiceImpl.<init>(TutorUserInterfaceServiceImpl.java:129) ~[?:?]
	at jdk.internal.reflect.NativeConstructorAccessorImpl.newInstance0(Native Method) ~[?:?]
	at jdk.internal.reflect.NativeConstructorAccessorImpl.newInstance(NativeConstructorAccessorImpl.java:62) ~[?:?]
	at jdk.internal.reflect.DelegatingConstructorAccessorImpl.newInstance(DelegatingConstructorAccessorImpl.java:45) ~[?:?]
	at java.lang.reflect.Constructor.newInstance(Constructor.java:490) ~[?:?]
	at org.eclipse.jetty.server.handler.ContextHandler$StaticContext.createInstance(ContextHandler.java:2921) ~[jetty-server-9.4.41.v20210516.jar:9.4.41.v20210516]
	at org.eclipse.jetty.servlet.ServletContextHandler$Context.createInstance(ServletContextHandler.java:1299) ~[jetty-servlet-9.4.41.v20210516.jar:9.4.41.v20210516]
	at org.eclipse.jetty.server.handler.ContextHandler$StaticContext.createServlet(ContextHandler.java:2938) ~[jetty-server-9.4.41.v20210516.jar:9.4.41.v20210516]
	at org.eclipse.jetty.servlet.ServletHolder.newInstance(ServletHolder.java:1202) ~[jetty-servlet-9.4.41.v20210516.jar:9.4.41.v20210516]
	at org.eclipse.jetty.servlet.ServletHolder.initServlet(ServletHolder.java:592) ~[jetty-servlet-9.4.41.v20210516.jar:9.4.41.v20210516]
	... 44 more
Caused by: javax.jms.JMSException: Could not connect to broker URL: tcp://localhost:61617. Reason: java.net.ConnectException: Connection refused: connect
	at org.apache.activemq.util.JMSExceptionSupport.create(JMSExceptionSupport.java:49) ~[activemq-all-5.18.3.jar:5.18.3]
	at org.apache.activemq.ActiveMQConnectionFactory.createActiveMQConnection(ActiveMQConnectionFactory.java:419) ~[activemq-all-5.18.3.jar:5.18.3]
	at org.apache.activemq.ActiveMQConnectionFactory.createActiveMQConnection(ActiveMQConnectionFactory.java:349) ~[activemq-all-5.18.3.jar:5.18.3]
	at org.apache.activemq.ActiveMQConnectionFactory.createConnection(ActiveMQConnectionFactory.java:245) ~[activemq-all-5.18.3.jar:5.18.3]
	at mil.arl.gift.net.api.MessageClient.initializeConnection(MessageClient.java:354) ~[gift-common.jar:?]
	at mil.arl.gift.net.api.MessageClient.connect(MessageClient.java:516) ~[gift-common.jar:?]
	at mil.arl.gift.net.api.NetworkSession.initializeModuleConnection(NetworkSession.java:788) ~[gift-common.jar:?]
	at mil.arl.gift.net.api.NetworkSession.<init>(NetworkSession.java:572) ~[gift-common.jar:?]
	at mil.arl.gift.common.module.AbstractModule.<init>(AbstractModule.java:171) ~[gift-common.jar:?]
	at mil.arl.gift.common.module.AbstractModule.<init>(AbstractModule.java:117) ~[gift-common.jar:?]
	at mil.arl.gift.tutor.server.TutorModule.<init>(TutorModule.java:134) ~[?:?]
	at mil.arl.gift.tutor.server.TutorModule.getInstance(TutorModule.java:124) ~[?:?]
	at mil.arl.gift.tutor.server.TutorUserInterfaceServiceImpl.<init>(TutorUserInterfaceServiceImpl.java:129) ~[?:?]
	at jdk.internal.reflect.NativeConstructorAccessorImpl.newInstance0(Native Method) ~[?:?]
	at jdk.internal.reflect.NativeConstructorAccessorImpl.newInstance(NativeConstructorAccessorImpl.java:62) ~[?:?]
	at jdk.internal.reflect.DelegatingConstructorAccessorImpl.newInstance(DelegatingConstructorAccessorImpl.java:45) ~[?:?]
	at java.lang.reflect.Constructor.newInstance(Constructor.java:490) ~[?:?]
	at org.eclipse.jetty.server.handler.ContextHandler$StaticContext.createInstance(ContextHandler.java:2921) ~[jetty-server-9.4.41.v20210516.jar:9.4.41.v20210516]
	at org.eclipse.jetty.servlet.ServletContextHandler$Context.createInstance(ServletContextHandler.java:1299) ~[jetty-servlet-9.4.41.v20210516.jar:9.4.41.v20210516]
	at org.eclipse.jetty.server.handler.ContextHandler$StaticContext.createServlet(ContextHandler.java:2938) ~[jetty-server-9.4.41.v20210516.jar:9.4.41.v20210516]
	at org.eclipse.jetty.servlet.ServletHolder.newInstance(ServletHolder.java:1202) ~[jetty-servlet-9.4.41.v20210516.jar:9.4.41.v20210516]
	at org.eclipse.jetty.servlet.ServletHolder.initServlet(ServletHolder.java:592) ~[jetty-servlet-9.4.41.v20210516.jar:9.4.41.v20210516]
	... 44 more
Caused by: java.net.ConnectException: Connection refused: connect
	at java.net.PlainSocketImpl.waitForConnect(Native Method) ~[?:?]
	at java.net.PlainSocketImpl.socketConnect(PlainSocketImpl.java:107) ~[?:?]
	at java.net.AbstractPlainSocketImpl.doConnect(AbstractPlainSocketImpl.java:399) ~[?:?]
	at java.net.AbstractPlainSocketImpl.connectToAddress(AbstractPlainSocketImpl.java:242) ~[?:?]
	at java.net.AbstractPlainSocketImpl.connect(AbstractPlainSocketImpl.java:224) ~[?:?]
	at java.net.SocksSocketImpl.connect(SocksSocketImpl.java:403) ~[?:?]
	at java.net.Socket.connect(Socket.java:591) ~[?:?]
	at org.apache.activemq.transport.tcp.TcpTransport.connect(TcpTransport.java:525) ~[activemq-all-5.18.3.jar:5.18.3]
	at org.apache.activemq.transport.tcp.TcpTransport.doStart(TcpTransport.java:488) ~[activemq-all-5.18.3.jar:5.18.3]
	at org.apache.activemq.util.ServiceSupport.start(ServiceSupport.java:55) ~[activemq-all-5.18.3.jar:5.18.3]
	at org.apache.activemq.transport.AbstractInactivityMonitor.start(AbstractInactivityMonitor.java:172) ~[activemq-all-5.18.3.jar:5.18.3]
	at org.apache.activemq.transport.InactivityMonitor.start(InactivityMonitor.java:52) ~[activemq-all-5.18.3.jar:5.18.3]
	at org.apache.activemq.transport.TransportFilter.start(TransportFilter.java:64) ~[activemq-all-5.18.3.jar:5.18.3]
	at org.apache.activemq.transport.WireFormatNegotiator.start(WireFormatNegotiator.java:72) ~[activemq-all-5.18.3.jar:5.18.3]
	at org.apache.activemq.transport.TransportFilter.start(TransportFilter.java:64) ~[activemq-all-5.18.3.jar:5.18.3]
	at org.apache.activemq.transport.TransportFilter.start(TransportFilter.java:64) ~[activemq-all-5.18.3.jar:5.18.3]
	at org.apache.activemq.ActiveMQConnectionFactory.createActiveMQConnection(ActiveMQConnectionFactory.java:399) ~[activemq-all-5.18.3.jar:5.18.3]
	at org.apache.activemq.ActiveMQConnectionFactory.createActiveMQConnection(ActiveMQConnectionFactory.java:349) ~[activemq-all-5.18.3.jar:5.18.3]
	at org.apache.activemq.ActiveMQConnectionFactory.createConnection(ActiveMQConnectionFactory.java:245) ~[activemq-all-5.18.3.jar:5.18.3]
	at mil.arl.gift.net.api.MessageClient.initializeConnection(MessageClient.java:354) ~[gift-common.jar:?]
	at mil.arl.gift.net.api.MessageClient.connect(MessageClient.java:516) ~[gift-common.jar:?]
	at mil.arl.gift.net.api.NetworkSession.initializeModuleConnection(NetworkSession.java:788) ~[gift-common.jar:?]
	at mil.arl.gift.net.api.NetworkSession.<init>(NetworkSession.java:572) ~[gift-common.jar:?]
	at mil.arl.gift.common.module.AbstractModule.<init>(AbstractModule.java:171) ~[gift-common.jar:?]
	at mil.arl.gift.common.module.AbstractModule.<init>(AbstractModule.java:117) ~[gift-common.jar:?]
	at mil.arl.gift.tutor.server.TutorModule.<init>(TutorModule.java:134) ~[?:?]
	at mil.arl.gift.tutor.server.TutorModule.getInstance(TutorModule.java:124) ~[?:?]
	at mil.arl.gift.tutor.server.TutorUserInterfaceServiceImpl.<init>(TutorUserInterfaceServiceImpl.java:129) ~[?:?]
	at jdk.internal.reflect.NativeConstructorAccessorImpl.newInstance0(Native Method) ~[?:?]
	at jdk.internal.reflect.NativeConstructorAccessorImpl.newInstance(NativeConstructorAccessorImpl.java:62) ~[?:?]
	at jdk.internal.reflect.DelegatingConstructorAccessorImpl.newInstance(DelegatingConstructorAccessorImpl.java:45) ~[?:?]
	at java.lang.reflect.Constructor.newInstance(Constructor.java:490) ~[?:?]
	at org.eclipse.jetty.server.handler.ContextHandler$StaticContext.createInstance(ContextHandler.java:2921) ~[jetty-server-9.4.41.v20210516.jar:9.4.41.v20210516]
	at org.eclipse.jetty.servlet.ServletContextHandler$Context.createInstance(ServletContextHandler.java:1299) ~[jetty-servlet-9.4.41.v20210516.jar:9.4.41.v20210516]
	at org.eclipse.jetty.server.handler.ContextHandler$StaticContext.createServlet(ContextHandler.java:2938) ~[jetty-server-9.4.41.v20210516.jar:9.4.41.v20210516]
	at org.eclipse.jetty.servlet.ServletHolder.newInstance(ServletHolder.java:1202) ~[jetty-servlet-9.4.41.v20210516.jar:9.4.41.v20210516]
	at org.eclipse.jetty.servlet.ServletHolder.initServlet(ServletHolder.java:592) ~[jetty-servlet-9.4.41.v20210516.jar:9.4.41.v20210516]
	... 44 more
05-30-2024 23:25:43 [Tutor Single Process Thread] WARN  org.eclipse.jetty.deploy.DeploymentManager - Unable to reach node goal: started
javax.servlet.ServletException: tutorUserInterfaceServlet==mil.arl.gift.tutor.server.TutorUserInterfaceServiceImpl@438ea90d{jsp=null,order=1,inst=true,async=false,src=DESCRIPTOR:file:///D:/GIFT-SVN/GIFT/temp/jetty-gift-tutor/webapp/WEB-INF/web.xml,STARTED}
	at org.eclipse.jetty.servlet.ServletHolder.initServlet(ServletHolder.java:650) ~[jetty-servlet-9.4.41.v20210516.jar:9.4.41.v20210516]
	at org.eclipse.jetty.servlet.ServletHolder.initialize(ServletHolder.java:415) ~[jetty-servlet-9.4.41.v20210516.jar:9.4.41.v20210516]
	at org.eclipse.jetty.servlet.ServletHandler.lambda$initialize$0(ServletHandler.java:731) ~[jetty-servlet-9.4.41.v20210516.jar:9.4.41.v20210516]
	at java.util.stream.SortedOps$SizedRefSortingSink.end(SortedOps.java:357) ~[?:?]
	at java.util.stream.AbstractPipeline.copyInto(AbstractPipeline.java:485) ~[?:?]
	at java.util.stream.AbstractPipeline.wrapAndCopyInto(AbstractPipeline.java:474) ~[?:?]
	at java.util.stream.StreamSpliterators$WrappingSpliterator.forEachRemaining(StreamSpliterators.java:312) ~[?:?]
	at java.util.stream.Streams$ConcatSpliterator.forEachRemaining(Streams.java:735) ~[?:?]
	at java.util.stream.ReferencePipeline$Head.forEach(ReferencePipeline.java:658) ~[?:?]
	at org.eclipse.jetty.servlet.ServletHandler.initialize(ServletHandler.java:755) ~[jetty-servlet-9.4.41.v20210516.jar:9.4.41.v20210516]
	at org.eclipse.jetty.servlet.ServletContextHandler.startContext(ServletContextHandler.java:379) ~[jetty-servlet-9.4.41.v20210516.jar:9.4.41.v20210516]
	at org.eclipse.jetty.webapp.WebAppContext.startWebapp(WebAppContext.java:1449) ~[jetty-webapp-9.4.41.v20210516.jar:9.4.41.v20210516]
	at org.eclipse.jetty.webapp.WebAppContext.startContext(WebAppContext.java:1414) ~[jetty-webapp-9.4.41.v20210516.jar:9.4.41.v20210516]
	at org.eclipse.jetty.server.handler.ContextHandler.doStart(ContextHandler.java:911) ~[jetty-server-9.4.41.v20210516.jar:9.4.41.v20210516]
	at org.eclipse.jetty.servlet.ServletContextHandler.doStart(ServletContextHandler.java:288) ~[jetty-servlet-9.4.41.v20210516.jar:9.4.41.v20210516]
	at org.eclipse.jetty.webapp.WebAppContext.doStart(WebAppContext.java:524) ~[jetty-webapp-9.4.41.v20210516.jar:9.4.41.v20210516]
	at org.eclipse.jetty.util.component.AbstractLifeCycle.start(AbstractLifeCycle.java:73) ~[jetty-util-9.4.41.v20210516.jar:9.4.41.v20210516]
	at org.eclipse.jetty.deploy.bindings.StandardStarter.processBinding(StandardStarter.java:46) ~[jetty-deploy-9.4.41.v20210516.jar:9.4.41.v20210516]
	at org.eclipse.jetty.deploy.AppLifeCycle.runBindings(AppLifeCycle.java:188) ~[jetty-deploy-9.4.41.v20210516.jar:9.4.41.v20210516]
	at org.eclipse.jetty.deploy.DeploymentManager.requestAppGoal(DeploymentManager.java:517) [jetty-deploy-9.4.41.v20210516.jar:9.4.41.v20210516]
	at org.eclipse.jetty.deploy.DeploymentManager.addApp(DeploymentManager.java:157) [jetty-deploy-9.4.41.v20210516.jar:9.4.41.v20210516]
	at org.eclipse.jetty.deploy.providers.ScanningAppProvider.fileAdded(ScanningAppProvider.java:173) [jetty-deploy-9.4.41.v20210516.jar:9.4.41.v20210516]
	at org.eclipse.jetty.deploy.providers.WebAppProvider.fileAdded(WebAppProvider.java:448) [jetty-deploy-9.4.41.v20210516.jar:9.4.41.v20210516]
	at org.eclipse.jetty.deploy.providers.ScanningAppProvider$1.fileAdded(ScanningAppProvider.java:66) [jetty-deploy-9.4.41.v20210516.jar:9.4.41.v20210516]
	at org.eclipse.jetty.util.Scanner.reportAddition(Scanner.java:785) [jetty-util-9.4.41.v20210516.jar:9.4.41.v20210516]
	at org.eclipse.jetty.util.Scanner.reportDifferences(Scanner.java:754) [jetty-util-9.4.41.v20210516.jar:9.4.41.v20210516]
	at org.eclipse.jetty.util.Scanner.scan(Scanner.java:641) [jetty-util-9.4.41.v20210516.jar:9.4.41.v20210516]
	at org.eclipse.jetty.util.Scanner.doStart(Scanner.java:540) [jetty-util-9.4.41.v20210516.jar:9.4.41.v20210516]
	at org.eclipse.jetty.util.component.AbstractLifeCycle.start(AbstractLifeCycle.java:73) [jetty-util-9.4.41.v20210516.jar:9.4.41.v20210516]
	at org.eclipse.jetty.deploy.providers.ScanningAppProvider.doStart(ScanningAppProvider.java:146) [jetty-deploy-9.4.41.v20210516.jar:9.4.41.v20210516]
	at org.eclipse.jetty.util.component.AbstractLifeCycle.start(AbstractLifeCycle.java:73) [jetty-util-9.4.41.v20210516.jar:9.4.41.v20210516]
	at org.eclipse.jetty.deploy.DeploymentManager.startAppProvider(DeploymentManager.java:605) [jetty-deploy-9.4.41.v20210516.jar:9.4.41.v20210516]
	at org.eclipse.jetty.deploy.DeploymentManager.doStart(DeploymentManager.java:252) [jetty-deploy-9.4.41.v20210516.jar:9.4.41.v20210516]
	at org.eclipse.jetty.util.component.AbstractLifeCycle.start(AbstractLifeCycle.java:73) [jetty-util-9.4.41.v20210516.jar:9.4.41.v20210516]
	at org.eclipse.jetty.util.component.ContainerLifeCycle.start(ContainerLifeCycle.java:169) [jetty-util-9.4.41.v20210516.jar:9.4.41.v20210516]
	at org.eclipse.jetty.server.Server.start(Server.java:423) [jetty-server-9.4.41.v20210516.jar:9.4.41.v20210516]
	at org.eclipse.jetty.util.component.ContainerLifeCycle.doStart(ContainerLifeCycle.java:117) [jetty-util-9.4.41.v20210516.jar:9.4.41.v20210516]
	at org.eclipse.jetty.server.handler.AbstractHandler.doStart(AbstractHandler.java:97) [jetty-server-9.4.41.v20210516.jar:9.4.41.v20210516]
	at org.eclipse.jetty.server.Server.doStart(Server.java:387) [jetty-server-9.4.41.v20210516.jar:9.4.41.v20210516]
	at org.eclipse.jetty.util.component.AbstractLifeCycle.start(AbstractLifeCycle.java:73) [jetty-util-9.4.41.v20210516.jar:9.4.41.v20210516]
	at jdk.internal.reflect.NativeMethodAccessorImpl.invoke0(Native Method) ~[?:?]
	at jdk.internal.reflect.NativeMethodAccessorImpl.invoke(NativeMethodAccessorImpl.java:62) ~[?:?]
	at jdk.internal.reflect.DelegatingMethodAccessorImpl.invoke(DelegatingMethodAccessorImpl.java:43) ~[?:?]
	at java.lang.reflect.Method.invoke(Method.java:566) ~[?:?]
	at mil.arl.gift.tools.spl.SingleProcessLauncher$22.run(SingleProcessLauncher.java:936) [gift-spl.jar:?]
Caused by: java.lang.reflect.InvocationTargetException
	at jdk.internal.reflect.NativeConstructorAccessorImpl.newInstance0(Native Method) ~[?:?]
	at jdk.internal.reflect.NativeConstructorAccessorImpl.newInstance(NativeConstructorAccessorImpl.java:62) ~[?:?]
	at jdk.internal.reflect.DelegatingConstructorAccessorImpl.newInstance(DelegatingConstructorAccessorImpl.java:45) ~[?:?]
	at java.lang.reflect.Constructor.newInstance(Constructor.java:490) ~[?:?]
	at org.eclipse.jetty.server.handler.ContextHandler$StaticContext.createInstance(ContextHandler.java:2921) ~[jetty-server-9.4.41.v20210516.jar:9.4.41.v20210516]
	at org.eclipse.jetty.servlet.ServletContextHandler$Context.createInstance(ServletContextHandler.java:1299) ~[jetty-servlet-9.4.41.v20210516.jar:9.4.41.v20210516]
	at org.eclipse.jetty.server.handler.ContextHandler$StaticContext.createServlet(ContextHandler.java:2938) ~[jetty-server-9.4.41.v20210516.jar:9.4.41.v20210516]
	at org.eclipse.jetty.servlet.ServletHolder.newInstance(ServletHolder.java:1202) ~[jetty-servlet-9.4.41.v20210516.jar:9.4.41.v20210516]
	at org.eclipse.jetty.servlet.ServletHolder.initServlet(ServletHolder.java:592) ~[jetty-servlet-9.4.41.v20210516.jar:9.4.41.v20210516]
	... 44 more
Caused by: mil.arl.gift.common.ModuleConnectionConfigurationException: Could not connect to broker URL: tcp://localhost:61617. Reason: java.net.ConnectException: Connection refused: connect
	at mil.arl.gift.net.api.NetworkSession.initializeModuleConnection(NetworkSession.java:793) ~[gift-common.jar:?]
	at mil.arl.gift.net.api.NetworkSession.<init>(NetworkSession.java:572) ~[gift-common.jar:?]
	at mil.arl.gift.common.module.AbstractModule.<init>(AbstractModule.java:171) ~[gift-common.jar:?]
	at mil.arl.gift.common.module.AbstractModule.<init>(AbstractModule.java:117) ~[gift-common.jar:?]
	at mil.arl.gift.tutor.server.TutorModule.<init>(TutorModule.java:134) ~[?:?]
	at mil.arl.gift.tutor.server.TutorModule.getInstance(TutorModule.java:124) ~[?:?]
	at mil.arl.gift.tutor.server.TutorUserInterfaceServiceImpl.<init>(TutorUserInterfaceServiceImpl.java:129) ~[?:?]
	at jdk.internal.reflect.NativeConstructorAccessorImpl.newInstance0(Native Method) ~[?:?]
	at jdk.internal.reflect.NativeConstructorAccessorImpl.newInstance(NativeConstructorAccessorImpl.java:62) ~[?:?]
	at jdk.internal.reflect.DelegatingConstructorAccessorImpl.newInstance(DelegatingConstructorAccessorImpl.java:45) ~[?:?]
	at java.lang.reflect.Constructor.newInstance(Constructor.java:490) ~[?:?]
	at org.eclipse.jetty.server.handler.ContextHandler$StaticContext.createInstance(ContextHandler.java:2921) ~[jetty-server-9.4.41.v20210516.jar:9.4.41.v20210516]
	at org.eclipse.jetty.servlet.ServletContextHandler$Context.createInstance(ServletContextHandler.java:1299) ~[jetty-servlet-9.4.41.v20210516.jar:9.4.41.v20210516]
	at org.eclipse.jetty.server.handler.ContextHandler$StaticContext.createServlet(ContextHandler.java:2938) ~[jetty-server-9.4.41.v20210516.jar:9.4.41.v20210516]
	at org.eclipse.jetty.servlet.ServletHolder.newInstance(ServletHolder.java:1202) ~[jetty-servlet-9.4.41.v20210516.jar:9.4.41.v20210516]
	at org.eclipse.jetty.servlet.ServletHolder.initServlet(ServletHolder.java:592) ~[jetty-servlet-9.4.41.v20210516.jar:9.4.41.v20210516]
	... 44 more
Caused by: javax.jms.JMSException: Could not connect to broker URL: tcp://localhost:61617. Reason: java.net.ConnectException: Connection refused: connect
	at org.apache.activemq.util.JMSExceptionSupport.create(JMSExceptionSupport.java:49) ~[activemq-all-5.18.3.jar:5.18.3]
	at org.apache.activemq.ActiveMQConnectionFactory.createActiveMQConnection(ActiveMQConnectionFactory.java:419) ~[activemq-all-5.18.3.jar:5.18.3]
	at org.apache.activemq.ActiveMQConnectionFactory.createActiveMQConnection(ActiveMQConnectionFactory.java:349) ~[activemq-all-5.18.3.jar:5.18.3]
	at org.apache.activemq.ActiveMQConnectionFactory.createConnection(ActiveMQConnectionFactory.java:245) ~[activemq-all-5.18.3.jar:5.18.3]
	at mil.arl.gift.net.api.MessageClient.initializeConnection(MessageClient.java:354) ~[gift-common.jar:?]
	at mil.arl.gift.net.api.MessageClient.connect(MessageClient.java:516) ~[gift-common.jar:?]
	at mil.arl.gift.net.api.NetworkSession.initializeModuleConnection(NetworkSession.java:788) ~[gift-common.jar:?]
	at mil.arl.gift.net.api.NetworkSession.<init>(NetworkSession.java:572) ~[gift-common.jar:?]
	at mil.arl.gift.common.module.AbstractModule.<init>(AbstractModule.java:171) ~[gift-common.jar:?]
	at mil.arl.gift.common.module.AbstractModule.<init>(AbstractModule.java:117) ~[gift-common.jar:?]
	at mil.arl.gift.tutor.server.TutorModule.<init>(TutorModule.java:134) ~[?:?]
	at mil.arl.gift.tutor.server.TutorModule.getInstance(TutorModule.java:124) ~[?:?]
	at mil.arl.gift.tutor.server.TutorUserInterfaceServiceImpl.<init>(TutorUserInterfaceServiceImpl.java:129) ~[?:?]
	at jdk.internal.reflect.NativeConstructorAccessorImpl.newInstance0(Native Method) ~[?:?]
	at jdk.internal.reflect.NativeConstructorAccessorImpl.newInstance(NativeConstructorAccessorImpl.java:62) ~[?:?]
	at jdk.internal.reflect.DelegatingConstructorAccessorImpl.newInstance(DelegatingConstructorAccessorImpl.java:45) ~[?:?]
	at java.lang.reflect.Constructor.newInstance(Constructor.java:490) ~[?:?]
	at org.eclipse.jetty.server.handler.ContextHandler$StaticContext.createInstance(ContextHandler.java:2921) ~[jetty-server-9.4.41.v20210516.jar:9.4.41.v20210516]
	at org.eclipse.jetty.servlet.ServletContextHandler$Context.createInstance(ServletContextHandler.java:1299) ~[jetty-servlet-9.4.41.v20210516.jar:9.4.41.v20210516]
	at org.eclipse.jetty.server.handler.ContextHandler$StaticContext.createServlet(ContextHandler.java:2938) ~[jetty-server-9.4.41.v20210516.jar:9.4.41.v20210516]
	at org.eclipse.jetty.servlet.ServletHolder.newInstance(ServletHolder.java:1202) ~[jetty-servlet-9.4.41.v20210516.jar:9.4.41.v20210516]
	at org.eclipse.jetty.servlet.ServletHolder.initServlet(ServletHolder.java:592) ~[jetty-servlet-9.4.41.v20210516.jar:9.4.41.v20210516]
	... 44 more
Caused by: java.net.ConnectException: Connection refused: connect
	at java.net.PlainSocketImpl.waitForConnect(Native Method) ~[?:?]
	at java.net.PlainSocketImpl.socketConnect(PlainSocketImpl.java:107) ~[?:?]
	at java.net.AbstractPlainSocketImpl.doConnect(AbstractPlainSocketImpl.java:399) ~[?:?]
	at java.net.AbstractPlainSocketImpl.connectToAddress(AbstractPlainSocketImpl.java:242) ~[?:?]
	at java.net.AbstractPlainSocketImpl.connect(AbstractPlainSocketImpl.java:224) ~[?:?]
	at java.net.SocksSocketImpl.connect(SocksSocketImpl.java:403) ~[?:?]
	at java.net.Socket.connect(Socket.java:591) ~[?:?]
	at org.apache.activemq.transport.tcp.TcpTransport.connect(TcpTransport.java:525) ~[activemq-all-5.18.3.jar:5.18.3]
	at org.apache.activemq.transport.tcp.TcpTransport.doStart(TcpTransport.java:488) ~[activemq-all-5.18.3.jar:5.18.3]
	at org.apache.activemq.util.ServiceSupport.start(ServiceSupport.java:55) ~[activemq-all-5.18.3.jar:5.18.3]
	at org.apache.activemq.transport.AbstractInactivityMonitor.start(AbstractInactivityMonitor.java:172) ~[activemq-all-5.18.3.jar:5.18.3]
	at org.apache.activemq.transport.InactivityMonitor.start(InactivityMonitor.java:52) ~[activemq-all-5.18.3.jar:5.18.3]
	at org.apache.activemq.transport.TransportFilter.start(TransportFilter.java:64) ~[activemq-all-5.18.3.jar:5.18.3]
	at org.apache.activemq.transport.WireFormatNegotiator.start(WireFormatNegotiator.java:72) ~[activemq-all-5.18.3.jar:5.18.3]
	at org.apache.activemq.transport.TransportFilter.start(TransportFilter.java:64) ~[activemq-all-5.18.3.jar:5.18.3]
	at org.apache.activemq.transport.TransportFilter.start(TransportFilter.java:64) ~[activemq-all-5.18.3.jar:5.18.3]
	at org.apache.activemq.ActiveMQConnectionFactory.createActiveMQConnection(ActiveMQConnectionFactory.java:399) ~[activemq-all-5.18.3.jar:5.18.3]
	at org.apache.activemq.ActiveMQConnectionFactory.createActiveMQConnection(ActiveMQConnectionFactory.java:349) ~[activemq-all-5.18.3.jar:5.18.3]
	at org.apache.activemq.ActiveMQConnectionFactory.createConnection(ActiveMQConnectionFactory.java:245) ~[activemq-all-5.18.3.jar:5.18.3]
	at mil.arl.gift.net.api.MessageClient.initializeConnection(MessageClient.java:354) ~[gift-common.jar:?]
	at mil.arl.gift.net.api.MessageClient.connect(MessageClient.java:516) ~[gift-common.jar:?]
	at mil.arl.gift.net.api.NetworkSession.initializeModuleConnection(NetworkSession.java:788) ~[gift-common.jar:?]
	at mil.arl.gift.net.api.NetworkSession.<init>(NetworkSession.java:572) ~[gift-common.jar:?]
	at mil.arl.gift.common.module.AbstractModule.<init>(AbstractModule.java:171) ~[gift-common.jar:?]
	at mil.arl.gift.common.module.AbstractModule.<init>(AbstractModule.java:117) ~[gift-common.jar:?]
	at mil.arl.gift.tutor.server.TutorModule.<init>(TutorModule.java:134) ~[?:?]
	at mil.arl.gift.tutor.server.TutorModule.getInstance(TutorModule.java:124) ~[?:?]
	at mil.arl.gift.tutor.server.TutorUserInterfaceServiceImpl.<init>(TutorUserInterfaceServiceImpl.java:129) ~[?:?]
	at jdk.internal.reflect.NativeConstructorAccessorImpl.newInstance0(Native Method) ~[?:?]
	at jdk.internal.reflect.NativeConstructorAccessorImpl.newInstance(NativeConstructorAccessorImpl.java:62) ~[?:?]
	at jdk.internal.reflect.DelegatingConstructorAccessorImpl.newInstance(DelegatingConstructorAccessorImpl.java:45) ~[?:?]
	at java.lang.reflect.Constructor.newInstance(Constructor.java:490) ~[?:?]
	at org.eclipse.jetty.server.handler.ContextHandler$StaticContext.createInstance(ContextHandler.java:2921) ~[jetty-server-9.4.41.v20210516.jar:9.4.41.v20210516]
	at org.eclipse.jetty.servlet.ServletContextHandler$Context.createInstance(ServletContextHandler.java:1299) ~[jetty-servlet-9.4.41.v20210516.jar:9.4.41.v20210516]
	at org.eclipse.jetty.server.handler.ContextHandler$StaticContext.createServlet(ContextHandler.java:2938) ~[jetty-server-9.4.41.v20210516.jar:9.4.41.v20210516]
	at org.eclipse.jetty.servlet.ServletHolder.newInstance(ServletHolder.java:1202) ~[jetty-servlet-9.4.41.v20210516.jar:9.4.41.v20210516]
	at org.eclipse.jetty.servlet.ServletHolder.initServlet(ServletHolder.java:592) ~[jetty-servlet-9.4.41.v20210516.jar:9.4.41.v20210516]
	... 44 more
